time: 0.000268 :read 3 elem from file /root/groupWork/cube-1.3/proc/main/base_define/namelist.json!
time: 0.000450 :read 4 elem from file /root/groupWork/cube-1.3/proc/main/base_define/dispatchnamelist.json!
time: 0.000503 :read 1 elem from file /root/groupWork/cube-1.3/proc/main/base_define/typelist.json!
time: 0.000659 :read 7 elem from file /root/groupWork/cube-1.3/proc/main/base_define/subtypelist.json!
time: 0.000698 :read 1 elem from file /root/groupWork/cube-1.3/proc/main/base_define/baseflag.json!
time: 0.000871 :read 3 elem from file /root/groupWork/cube-1.3/proc/main/base_define/memdb.json!
time: 0.001422 :read 7 elem from file /root/groupWork/cube-1.3/proc/main/base_define/msghead.json!
time: 0.001734 :read 2 elem from file /root/groupWork/cube-1.3/proc/main/base_define/msgrecord.json!
time: 0.002145 :read 10 elem from file /root/groupWork/cube-1.3/proc/main/base_define/base_msg.json!
time: 0.002807 :read 8 elem from file /root/groupWork/cube-1.3/proc/main/base_define/return.json!
time: 0.003161 :read 3 elem from file /root/groupWork/cube-1.3/proc/main/base_define/dispatchrecord.json!
time: 0.003359 :read 2 elem from file /root/groupWork/cube-1.3/proc/main/base_define/exmoduledefine.json!
time: 0.003496 :read 1 elem from file /root/groupWork/cube-1.3/proc/main/base_define/sys_conn.json!
time: 0.003921 :read 9 elem from file user_define.json!
time: 0.004157 :read 5 elem from file record_define.json!
time: 0.021868 :this machine's local uuid is bad5f91dead22e2249193df8600d4d785bef917ac9a8c11d2bbfe9823e76ed93

time: 0.027984 :read 1 connector!

time: 0.028152 :read 2 policy from router_policy file!
time: 0.028182 :system plugin router_proc is prepared!
time: 0.033603 :system plugin connector_proc is prepared!
time: 0.033795 :ex_module connector_proc started successfully!
time: 0.033876 :ex_module router_proc started successfully!
time: 0.033954 :ex_module msg_send started successfully!
time: 0.033994 :begin msgfile_send module!

ucceed!

time: 0.033994 :begin msgfile_send module!

time: 0.034034 :ex_module print started successfully!
time: 0.034046 :instance load 4 module!

time: 0.039793 :proc conn client receive 270 data!

time: 0.039916 :send 333 data to conn user_client!

time: 0.039927 :client user_client send 333 ack data to server !

time: 0.045671 :router get proc connector_proc's message 
time: 2.038234 :router get proc msg_send's message 
time: 2.038301 :new msg match path login's policy
time: 2.038371 :send message to conn process!
time: 2.043404 :send 285 data to conn user_client!

time: 2.043439 :send (12800  1)message 285 to conn user_client!

time: 2.070238 :proc conn client receive 199 data!

time: 2.071399 :router get proc connector_proc's message 
time: 2.071441 :remote msg match path login's policy
time: 2.076876 :router get proc print's message 
time: 3.039973 :router get proc msg_send's message 
time: 3.040021 :new msg match path record's policy
time: 3.040081 :send message to conn process!
time: 3.045348 :send 247 data to conn user_client!

time: 3.045380 :send (12816  3)message 247 to conn user_client!

time: 3.097841 :proc conn client receive 246 data!

time: 3.098887 :router get proc connector_proc's message 
time: 3.098908 :remote msg match path record's policy
time: 3.104373 :router get proc print's message 
