time: 0.000405 :read 3 elem from file /root/groupWork/cube-1.3/proc/main/base_define/namelist.json!
time: 0.000576 :read 4 elem from file /root/groupWork/cube-1.3/proc/main/base_define/dispatchnamelist.json!
time: 0.000632 :read 1 elem from file /root/groupWork/cube-1.3/proc/main/base_define/typelist.json!
time: 0.000852 :read 7 elem from file /root/groupWork/cube-1.3/proc/main/base_define/subtypelist.json!
time: 0.000952 :read 1 elem from file /root/groupWork/cube-1.3/proc/main/base_define/baseflag.json!
time: 0.001242 :read 3 elem from file /root/groupWork/cube-1.3/proc/main/base_define/memdb.json!
time: 0.001854 :read 7 elem from file /root/groupWork/cube-1.3/proc/main/base_define/msghead.json!
time: 0.002163 :read 2 elem from file /root/groupWork/cube-1.3/proc/main/base_define/msgrecord.json!
time: 0.002742 :read 10 elem from file /root/groupWork/cube-1.3/proc/main/base_define/base_msg.json!
time: 0.003302 :read 8 elem from file /root/groupWork/cube-1.3/proc/main/base_define/return.json!
time: 0.003611 :read 3 elem from file /root/groupWork/cube-1.3/proc/main/base_define/dispatchrecord.json!
time: 0.003789 :read 2 elem from file /root/groupWork/cube-1.3/proc/main/base_define/exmoduledefine.json!
time: 0.003971 :read 1 elem from file /root/groupWork/cube-1.3/proc/main/base_define/sys_conn.json!
time: 0.004644 :read 9 elem from file user_define.json!
time: 0.005057 :read 5 elem from file record_define.json!
time: 0.022866 :this machine's local uuid is bad5f91dead22e2249193df8600d4d785bef917ac9a8c11d2bbfe9823e76ed93

time: 0.028832 :read 1 connector!

time: 0.029085 :read 2 policy from router_policy file!
time: 0.029221 :system plugin router_proc is prepared!
time: 0.035481 :system plugin connector_proc is prepared!
time: 0.035689 :ex_module connector_proc started successfully!
time: 0.035767 :ex_module router_proc started successfully!
time: 0.035857 :ex_module msg_send started successfully!
time: 0.035899 :ex_module print started successfully!
time: 0.035946 :instance load 4 module!

!

time: 0.035946 :instance load 4 module!

time: 0.036415 :client user_client connect succeed!

time: 0.042600 :proc conn client receive 270 data!

time: 0.042736 :send 327 data to conn user_client!

time: 0.042749 :client user_client send 327 ack data to server !

time: 0.047488 :router get proc connector_proc's message 
time: 2.040552 :router get proc msg_send's message 
time: 2.040660 :new msg match path login's policy
time: 2.040767 :send message to conn process!
time: 2.044395 :send 282 data to conn user_client!

time: 2.044434 :send (12800  1)message 282 to conn user_client!

time: 2.088434 :proc conn client receive 199 data!

time: 2.092689 :router get proc connector_proc's message 
time: 2.092765 :remote msg match path login's policy
time: 2.104427 :router get proc print's message 
time: 3.038067 :router get proc msg_send's message 
time: 3.038174 :new msg match path record's policy
time: 3.038287 :send message to conn process!
time: 3.040252 :send 220 data to conn user_client!

time: 3.040355 :send (12816  3)message 220 to conn user_client!

time: 3.078657 :proc conn client receive 204 data!

time: 3.082622 :router get proc connector_proc's message 
time: 3.082648 :remote msg match path record's policy
time: 3.088630 :router get proc print's message 
time: 4.043947 :router get proc msg_send's message 
time: 4.044082 :new msg match path record's policy
time: 4.044164 :send message to conn process!
time: 4.048994 :send 215 data to conn user_client!

time: 4.049060 :send (12816  2)message 215 to conn user_client!

time: 4.095851 :proc conn client receive 223 data!

time: 4.100949 :router get proc connector_proc's message 
time: 4.101031 :remote msg match path record's policy
time: 4.112405 :router get proc print's message 
