time: 0.000327 :read 3 elem from file /root/cube-1.3/proc/main/base_define/namelist.json!
time: 0.000440 :read 4 elem from file /root/cube-1.3/proc/main/base_define/dispatchnamelist.json!
time: 0.000497 :read 1 elem from file /root/cube-1.3/proc/main/base_define/typelist.json!
time: 0.000689 :read 7 elem from file /root/cube-1.3/proc/main/base_define/subtypelist.json!
time: 0.000737 :read 1 elem from file /root/cube-1.3/proc/main/base_define/baseflag.json!
time: 0.000963 :read 3 elem from file /root/cube-1.3/proc/main/base_define/memdb.json!
time: 0.001547 :read 7 elem from file /root/cube-1.3/proc/main/base_define/msghead.json!
time: 0.001796 :read 2 elem from file /root/cube-1.3/proc/main/base_define/msgrecord.json!
time: 0.002301 :read 10 elem from file /root/cube-1.3/proc/main/base_define/base_msg.json!
time: 0.002734 :read 8 elem from file /root/cube-1.3/proc/main/base_define/return.json!
time: 0.002984 :read 3 elem from file /root/cube-1.3/proc/main/base_define/dispatchrecord.json!
time: 0.003117 :read 2 elem from file /root/cube-1.3/proc/main/base_define/exmoduledefine.json!
time: 0.003238 :read 1 elem from file /root/cube-1.3/proc/main/base_define/sys_conn.json!
time: 0.003810 :read 9 elem from file user_define.json!
time: 0.004139 :read 5 elem from file record_define.json!
time: 0.004345 :read 4 elem from file label_define.json!
time: 0.004437 :read 3 elem from file user.list!
time: 0.010582 :this machine's local uuid is 139e689ec018c578110260853a6ebb1ef9ab5e73078b3e22edd30fb313b3f44b

time: 0.015888 :read 1 connector!

time: 0.015904 :conn server login_server begin to listen!

time: 0.016119 :read 4 policy from router_policy file!
time: 0.016283 :read 6 policy from aspect policy file!
time: 0.016301 :system plugin router_proc is prepared!
time: 0.021824 :system plugin connector_proc is prepared!
time: 0.021888 :ex_module connector_proc started successfully!
time: 0.021914 :ex_module router_proc started successfully!
time: 0.021938 :ex_module login_server started successfully!
time: 0.021960 :ex_module record_server started successfully!
time: 0.021986 :ex_module user_label started successfully!
time: 0.022012 :ex_module record_acl started successfully!
time: 0.022037 :ex_module login_store started successfully!
time: 0.022060 :ex_module recordlib started successfully!
time: 0.022065 :instance load 8 module!

time: 0.022177 :read 2 record from lib file lib/RECORD_DEFINE-RECORD.lib!

time: 0.022194 :read 1 lib files!

time: 1.024959 :create a new channel d80008c0!

time: 1.025077 :send 269 data to conn (null)!

time: 1.030265 :channel set name user!

time: 1.035193 :router get proc connector_proc's message 
time: 1.035228 :new msg match path addr_init's policy
time: 1.040293 :Add a new link, proc name user

time: 1.040406 :router get proc user_label's message 
time: 3.034723 :channel receive (12800 1) message from conn user!

time: 3.034751 :client forward (12800 1) message to main proc!

time: 3.036176 :router get proc connector_proc's message 
time: 3.036195 :remote msg match path login's policy
time: 3.046421 :router get proc login_server's message 
time: 3.046542 :send message to conn process!
time: 3.050541 :send 217 data to conn user!

time: 3.050551 :send (12800  4)message 217 to conn user!

time: 3.071175 :channel receive (12800 1) message from conn user!

time: 3.071200 :client forward (12800 1) message to main proc!

time: 3.071838 :router get proc connector_proc's message 
time: 3.071851 :remote msg match path challenge's policy
time: 3.071952 :aspect message to path addr_label's policy
time: 3.077096 :router get proc user_label's message 
time: 3.082298 :router get proc login_server's message 
time: 3.082444 :aspect message to path addr_verify's policy
time: 3.087589 :router get proc user_label's message 
time: 3.087664 :send message to conn process!
time: 3.092680 :send 232 data to conn user!

time: 3.092707 :send (12800  4)message 232 to conn user!

time: 4.028173 :channel receive (12816 3) message from conn user!

time: 4.028202 :client forward (12816 3) message to main proc!

time: 4.030309 :router get proc connector_proc's message 
time: 4.030333 :remote msg match path record's policy
time: 4.030453 :aspect message to path write_access's policy
time: 4.035583 :router get proc user_label's message 
time: 4.040736 :router get proc record_acl's message 
time: 5.028599 :channel receive (12816 2) message from conn user!

time: 5.028619 :client forward (12816 2) message to main proc!

time: 5.031066 :router get proc connector_proc's message 
time: 5.031086 :remote msg match path record's policy
time: 5.031187 :aspect message to path label_read's policy
time: 5.036310 :router get proc user_label's message 
time: 5.041538 :router get proc record_server's message 
time: 5.041677 :aspect message to path read_access's policy
time: 5.046824 :router get proc record_acl's message 
time: 5.046908 :send message to conn process!
time: 5.049649 :send 220 data to conn user!

time: 5.049659 :send (12816  1)message 220 to conn user!

