
**************Begin new trust node proc****************************
{
 "HEAD":{"tag":"MESG","version":65537,"sender_uuid":"","receiver_uuid":"user_lab
    el","route":"addr_init","flow":"DELIVER","state":"MATCH","flag":"LOCAL","ljump":
    1,"rjump":1,"record_type":"MESSAGE","record_subtype":"CONN_ACKI","record_num":1,
    "record_size":144,"expand_num":0,"expand_size":0,"msg_uuid":"b648c548f6ef3f4f2ba
    df8d2fd315c9e98670d6475a6a2dbecf9df84e99da938"},
"RECORD":[
    {"uuid":"bad5f91dead22e2249193df8600d4d785bef917ac9a8c11d2bbfe9823e76ed93","clie
        nt_name":"guke","client_proc":"guke","client_addr":"unknown addr","server_uuid":
        "bad5f91dead22e2249193df8600d4d785bef917ac9a8c11d2bbfe9823e76ed93","server_name"
        :"server","service":"trust_server","server_addr":"","flags":0,"nonce":""}
    ],
"EXPAND" :[]
}

************************************************************
{
 "HEAD":{"tag":"MESG","version":65537,"sender_uuid":"user_label","receiver_uuid"
    :"","route":"addr_init","flow":"DELIVER","state":"MATCH","flag":"LOCAL","ljump":
    2,"rjump":1,"record_type":"MESSAGE","record_subtype":"CONN_ACKI","record_num":1,
    "record_size":144,"expand_num":0,"expand_size":0,"msg_uuid":"b648c548f6ef3f4f2ba
    df8d2fd315c9e98670d6475a6a2dbecf9df84e99da938"},
"RECORD":[
    {"uuid":"bad5f91dead22e2249193df8600d4d785bef917ac9a8c11d2bbfe9823e76ed93","clie
        nt_name":"guke","client_proc":"guke","client_addr":"unknown addr","server_uuid":
        "bad5f91dead22e2249193df8600d4d785bef917ac9a8c11d2bbfe9823e76ed93","server_name"
        :"server","service":"trust_server","server_addr":"","flags":0,"nonce":""}
    ],
"EXPAND" :[]
}

************************************************************
{
 "HEAD":{"tag":"MESG","version":65537,"sender_uuid":"5fdedbdf3d80194b8fb81387e28
    d05961069dcd43809ad10931fe517dd911891","receiver_uuid":"user_server","route":"lo
    gin","flow":"QUERY","state":"MATCH","flag":"LOCAL","ljump":1,"rjump":2,"record_t
    ype":"USER_DEFINE","record_subtype":"LOGIN","record_num":1,"record_size":101,"ex
    pand_num":0,"expand_size":0,"msg_uuid":"21bf2520597f9e03b86bacef72ac06497e664c79
    d52850881905e79b2a48bec6"},
"RECORD":[
    {"user_name":"guke","passwd":"pwguke","proc_name":"","machine_uuid":""}
    ],
"EXPAND" :[]
}

************************************************************
{
 "HEAD":{"tag":"MESG","version":65537,"sender_uuid":"5fdedbdf3d80194b8fb81387e28
    d05961069dcd43809ad10931fe517dd911891","receiver_uuid":"user_label","route":"add
    r_label","flow":"QUERY","state":"MATCH","flag":"LOCAL","ljump":1,"rjump":1,"reco
    rd_type":"USER_DEFINE","record_subtype":"LOGIN","record_num":1,"record_size":101
    ,"expand_num":0,"expand_size":0,"msg_uuid":"6896ca17934bc0bed52bd8e268717f628ff9
    c09e2ae7f72061fa185ba0f8f90f"},
"RECORD":[
    {"user_name":"guke","passwd":"pwguke","proc_name":"","machine_uuid":""}
    ],
"EXPAND" :[]
}

************************************************************
{
 "HEAD":{"tag":"MESG","version":65537,"sender_uuid":"5fdedbdf3d80194b8fb81387e28
    d05961069dcd43809ad10931fe517dd911891","receiver_uuid":"user_server","route":"lo
    gin","flow":"QUERY","state":"MATCH","flag":"LOCAL","ljump":1,"rjump":2,"record_t
    ype":"USER_DEFINE","record_subtype":"LOGIN","record_num":1,"record_size":101,"ex
    pand_num":1,"expand_size":0,"msg_uuid":"21bf2520597f9e03b86bacef72ac06497e664c79
    d52850881905e79b2a48bec6"},
"RECORD":[
    {"user_name":"guke","passwd":"pwguke","proc_name":"","machine_uuid":""}
    ],
"EXPAND" :[
    {"data_size":0,"type":"LABEL_DEFINE","subtype":"ADDR","expand":
        {"node_uuid":"bad5f91dead22e2249193df8600d4d785bef917ac9a8c11d2bbfe9823e76ed93",
            "proc_name":"guke","user_name":"guke","role":"NULL"}
        }
    ]
}

************************************************************
{
 "HEAD":{"tag":"MESG","version":65537,"sender_uuid":"user_server","receiver_uuid
    ":"5fdedbdf3d80194b8fb81387e28d05961069dcd43809ad10931fe517dd911891","route":"lo
    gin","flow":"QUERY","state":"RESPONSE","flag":"NULL","ljump":2,"rjump":2,"record
    _type":"USER_DEFINE","record_subtype":"RETURN","record_num":1,"record_size":0,"e
    xpand_num":1,"expand_size":0,"msg_uuid":"21bf2520597f9e03b86bacef72ac06497e664c7
    9d52850881905e79b2a48bec6"},
"RECORD":[
    {"return_code":"SUCCEED","return_info":"login succeed!
"}
    ],
"EXPAND" :[
    {"data_size":0,"type":"LABEL_DEFINE","subtype":"ADDR","expand":
        {"node_uuid":"bad5f91dead22e2249193df8600d4d785bef917ac9a8c11d2bbfe9823e76ed93",
            "proc_name":"guke","user_name":"guke","role":"NULL"}
        }
    ]
}

************************************************************
{
 "HEAD":{"tag":"MESG","version":65537,"sender_uuid":"user_server","receiver_uuid
    ":"user_label","route":"addr_verify","flow":"QUERY","state":"MATCH","flag":"LOCA
    L","ljump":1,"rjump":1,"record_type":"USER_DEFINE","record_subtype":"RETURN","re
    cord_num":1,"record_size":0,"expand_num":1,"expand_size":0,"msg_uuid":"36cbd2aef
    d77ec4e0501082be070aa338678fd6de781e374d397a4073e2a0c71"},
"RECORD":[
    {"return_code":"SUCCEED","return_info":"login succeed!
"}
    ],
"EXPAND" :[
    {"data_size":0,"type":"LABEL_DEFINE","subtype":"ADDR","expand":
        {"node_uuid":"bad5f91dead22e2249193df8600d4d785bef917ac9a8c11d2bbfe9823e76ed93",
            "proc_name":"guke","user_name":"guke","role":"NULL"}
        }
    ]
}

************************************************************
{
 "HEAD":{"tag":"MESG","version":65537,"sender_uuid":"user_server","receiver_uuid
    ":"5fdedbdf3d80194b8fb81387e28d05961069dcd43809ad10931fe517dd911891","route":"lo
    gin","flow":"QUERY","state":"RESPONSE","flag":"NULL","ljump":2,"rjump":2,"record
    _type":"USER_DEFINE","record_subtype":"RETURN","record_num":1,"record_size":0,"e
    xpand_num":0,"expand_size":0,"msg_uuid":"21bf2520597f9e03b86bacef72ac06497e664c7
    9d52850881905e79b2a48bec6"},
"RECORD":[
    {"return_code":"SUCCEED","return_info":"login succeed!
"}
    ],
"EXPAND" :[]
}

************************************************************
{
 "HEAD":{"tag":"MESG","version":65537,"sender_uuid":"5fdedbdf3d80194b8fb81387e28
    d05961069dcd43809ad10931fe517dd911891","receiver_uuid":"record_server","route":"
    record","flow":"QUERY","state":"MATCH","flag":"LOCAL","ljump":1,"rjump":2,"recor
    d_type":"RECORD_DEFINE","record_subtype":"WRITE","record_num":1,"record_size":39
    ,"expand_num":0,"expand_size":0,"msg_uuid":"277d45ce7ba1e3a3f33753b7c06b6bec1774
    2b03bcbe7c5a3768cf6718b05805"},
"RECORD":[
    {"Pay_no":"","segment":"Goods_num","text":"顾客写货物数量测试"}
    ],
"EXPAND" :[]
}

************************************************************
{
 "HEAD":{"tag":"MESG","version":65537,"sender_uuid":"5fdedbdf3d80194b8fb81387e28
    d05961069dcd43809ad10931fe517dd911891","receiver_uuid":"user_label","route":"wri
    te_access","flow":"QUERY","state":"MATCH","flag":"LOCAL","ljump":1,"rjump":1,"re
    cord_type":"RECORD_DEFINE","record_subtype":"WRITE","record_num":1,"record_size"
    :39,"expand_num":0,"expand_size":0,"msg_uuid":"7521e948df257279f521112ef91c91f98
    02512f1e5899bb0311cfbdefa6ce18d"},
"RECORD":[
    {"Pay_no":"","segment":"Goods_num","text":"顾客写货物数量测试"}
    ],
"EXPAND" :[]
}

************************************************************
{
 "HEAD":{"tag":"MESG","version":65537,"sender_uuid":"user_label","receiver_uuid"
    :"record_acl","route":"write_access","flow":"QUERY","state":"MATCH","flag":"LOCA
    L","ljump":2,"rjump":1,"record_type":"RECORD_DEFINE","record_subtype":"WRITE","r
    ecord_num":1,"record_size":39,"expand_num":1,"expand_size":0,"msg_uuid":"7521e94
    8df257279f521112ef91c91f9802512f1e5899bb0311cfbdefa6ce18d"},
"RECORD":[
    {"Pay_no":"","segment":"Goods_num","text":"顾客写货物数量测试"}
    ],
"EXPAND" :[
    {"data_size":0,"type":"LABEL_DEFINE","subtype":"USER","expand":
        {"user_name":"guke","role":"CUSTOMER"}
        }
    ]
}

************************************************************
{
 "HEAD":{"tag":"MESG","version":65537,"sender_uuid":"5fdedbdf3d80194b8fb81387e28
    d05961069dcd43809ad10931fe517dd911891","receiver_uuid":"record_server","route":"
    record","flow":"QUERY","state":"MATCH","flag":"LOCAL","ljump":1,"rjump":2,"recor
    d_type":"RECORD_DEFINE","record_subtype":"WRITE","record_num":1,"record_size":39
    ,"expand_num":0,"expand_size":0,"msg_uuid":"277d45ce7ba1e3a3f33753b7c06b6bec1774
    2b03bcbe7c5a3768cf6718b05805"},
"RECORD":[
    {"Pay_no":"","segment":"Goods_num","text":"顾客写货物数量测试"}
    ],
"EXPAND" :[]
}

************************************************************
{
 "HEAD":{"tag":"MESG","version":65537,"sender_uuid":"record_server","receiver_uu
    id":"5fdedbdf3d80194b8fb81387e28d05961069dcd43809ad10931fe517dd911891","route":"
    record","flow":"QUERY","state":"RESPONSE","flag":"NULL","ljump":2,"rjump":2,"rec
    ord_type":"USER_DEFINE","record_subtype":"RETURN","record_num":1,"record_size":0
    ,"expand_num":0,"expand_size":0,"msg_uuid":"277d45ce7ba1e3a3f33753b7c06b6bec1774
    2b03bcbe7c5a3768cf6718b05805"},
"RECORD":[
    {"return_code":"SUCCEED","return_info":"write data succeed!
"}
    ],
"EXPAND" :[]
}

************************************************************
{
 "HEAD":{"tag":"MESG","version":65537,"sender_uuid":"record_server","receiver_uu
    id":"recordlib","route":"store","flow":"DELIVER","state":"MATCH","flag":"LOCAL",
    "ljump":1,"rjump":1,"record_type":"MESSAGE","record_subtype":"TYPES","record_num
    ":1,"record_size":0,"expand_num":0,"expand_size":0,"msg_uuid":"2425104908d2c99a7
    559720b352563948b75afa22dd03239cf0fb550f0b7fb15"},
"RECORD":[
    {"type":"RECORD_DEFINE","subtype":"RECORD"}
    ],
"EXPAND" :[]
}

************************************************************
{
 "HEAD":{"tag":"MESG","version":65537,"sender_uuid":"","receiver_uuid":"user_lab
    el","route":"addr_init","flow":"DELIVER","state":"MATCH","flag":"LOCAL","ljump":
    1,"rjump":1,"record_type":"MESSAGE","record_subtype":"CONN_ACKI","record_num":1,
    "record_size":145,"expand_num":0,"expand_size":0,"msg_uuid":"de810262f3c05e1ba94
    ef456fcb9741cbe0922d8df8d20c4843ad7b4cfafe517"},
"RECORD":[
    {"uuid":"bad5f91dead22e2249193df8600d4d785bef917ac9a8c11d2bbfe9823e76ed93","clie
        nt_name":"kefu","client_proc":"kefu","client_addr":"unknown addr","server_uuid":
        "bad5f91dead22e2249193df8600d4d785bef917ac9a8c11d2bbfe9823e76ed93","server_name"
        :"server","service":"trust_server","server_addr":"x","flags":0,"nonce":""}
    ],
"EXPAND" :[]
}

************************************************************
{
 "HEAD":{"tag":"MESG","version":65537,"sender_uuid":"5fdedbdf3d80194b8fb81387e28
    d05961069dcd43809ad10931fe517dd911891","receiver_uuid":"record_server","route":"
    record","flow":"QUERY","state":"MATCH","flag":"LOCAL","ljump":1,"rjump":2,"recor
    d_type":"RECORD_DEFINE","record_subtype":"READ","record_num":1,"record_size":28,
    "expand_num":0,"expand_size":0,"msg_uuid":"4e236656ffac99c86022faabe651c6425c8f0
    b887f1174f351e4fc0b8a1b5e22"},
"RECORD":[
    {"Pay_no":"顾客指定读的订单号"}
    ],
"EXPAND" :[]
}

************************************************************
{
 "HEAD":{"tag":"MESG","version":65537,"sender_uuid":"user_label","receiver_uuid"
    :"","route":"addr_init","flow":"DELIVER","state":"MATCH","flag":"LOCAL","ljump":
    2,"rjump":1,"record_type":"MESSAGE","record_subtype":"CONN_ACKI","record_num":1,
    "record_size":145,"expand_num":0,"expand_size":0,"msg_uuid":"de810262f3c05e1ba94
    ef456fcb9741cbe0922d8df8d20c4843ad7b4cfafe517"},
"RECORD":[
    {"uuid":"bad5f91dead22e2249193df8600d4d785bef917ac9a8c11d2bbfe9823e76ed93","clie
        nt_name":"kefu","client_proc":"kefu","client_addr":"unknown addr","server_uuid":
        "bad5f91dead22e2249193df8600d4d785bef917ac9a8c11d2bbfe9823e76ed93","server_name"
        :"server","service":"trust_server","server_addr":"x","flags":0,"nonce":""}
    ],
"EXPAND" :[]
}

************************************************************
{
 "HEAD":{"tag":"MESG","version":65537,"sender_uuid":"5fdedbdf3d80194b8fb81387e28
    d05961069dcd43809ad10931fe517dd911891","receiver_uuid":"user_label","route":"lab
    el_read","flow":"QUERY","state":"MATCH","flag":"LOCAL","ljump":1,"rjump":1,"reco
    rd_type":"RECORD_DEFINE","record_subtype":"READ","record_num":1,"record_size":28
    ,"expand_num":0,"expand_size":0,"msg_uuid":"f58600f1d38fa642e7e10a5ccf0b6c838de3
    3008a0e3b70b54b40f0619d7cdff"},
"RECORD":[
    {"Pay_no":"顾客指定读的订单号"}
    ],
"EXPAND" :[]
}

************************************************************
{
 "HEAD":{"tag":"MESG","version":65537,"sender_uuid":"5fdedbdf3d80194b8fb81387e28
    d05961069dcd43809ad10931fe517dd911891","receiver_uuid":"record_server","route":"
    record","flow":"QUERY","state":"MATCH","flag":"LOCAL","ljump":1,"rjump":2,"recor
    d_type":"RECORD_DEFINE","record_subtype":"READ","record_num":1,"record_size":28,
    "expand_num":1,"expand_size":0,"msg_uuid":"4e236656ffac99c86022faabe651c6425c8f0
    b887f1174f351e4fc0b8a1b5e22"},
"RECORD":[
    {"Pay_no":"顾客指定读的订单号"}
    ],
"EXPAND" :[
    {"data_size":0,"type":"LABEL_DEFINE","subtype":"USER","expand":
        {"user_name":"guke","role":"CUSTOMER"}
        }
    ]
}

************************************************************
{
 "HEAD":{"tag":"MESG","version":65537,"sender_uuid":"record_server","receiver_uu
    id":"5fdedbdf3d80194b8fb81387e28d05961069dcd43809ad10931fe517dd911891","route":"
    record","flow":"QUERY","state":"RESPONSE","flag":"NULL","ljump":2,"rjump":2,"rec
    ord_type":"RECORD_DEFINE","record_subtype":"RECORD","record_num":1,"record_size"
    :0,"expand_num":1,"expand_size":0,"msg_uuid":"4e236656ffac99c86022faabe651c6425c
    8f0b887f1174f351e4fc0b8a1b5e22"},
"RECORD":[
    {"Pay_no":"顾客指定读的订单号","Goods_name":"","Goods_num":"","Rec_addr
        ":"","Deli_addr":"","isSent":"","isReceived":"","Goods_addr":"","isFinished":""}
    ],
"EXPAND" :[
    {"data_size":0,"type":"LABEL_DEFINE","subtype":"USER","expand":
        {"user_name":"guke","role":"CUSTOMER"}
        }
    ]
}

************************************************************
{
 "HEAD":{"tag":"MESG","version":65537,"sender_uuid":"record_server","receiver_uu
    id":"record_acl","route":"read_access","flow":"QUERY","state":"MATCH","flag":"LO
    CAL","ljump":1,"rjump":1,"record_type":"RECORD_DEFINE","record_subtype":"RECORD"
    ,"record_num":1,"record_size":0,"expand_num":1,"expand_size":0,"msg_uuid":"ebcf2
    248b4589949e5790291daa4b7843dfab76183efb8d516525a85a197d24f"},
"RECORD":[
    {"Pay_no":"顾客指定读的订单号","Goods_name":"","Goods_num":"","Rec_addr
        ":"","Deli_addr":"","isSent":"","isReceived":"","Goods_addr":"","isFinished":""}
    ],
"EXPAND" :[
    {"data_size":0,"type":"LABEL_DEFINE","subtype":"USER","expand":
        {"user_name":"guke","role":"CUSTOMER"}
        }
    ]
}

************************************************************
{
 "HEAD":{"tag":"MESG","version":65537,"sender_uuid":"record_server","receiver_uu
    id":"5fdedbdf3d80194b8fb81387e28d05961069dcd43809ad10931fe517dd911891","route":"
    record","flow":"QUERY","state":"RESPONSE","flag":"NULL","ljump":2,"rjump":2,"rec
    ord_type":"RECORD_DEFINE","record_subtype":"RECORD","record_num":1,"record_size"
    :0,"expand_num":0,"expand_size":0,"msg_uuid":"4e236656ffac99c86022faabe651c6425c
    8f0b887f1174f351e4fc0b8a1b5e22"},
"RECORD":[
    {"Pay_no":"顾客指定读的订单号","Goods_name":"","Goods_num":"","Rec_addr
        ":"","Deli_addr":"","isSent":"","isReceived":"","Goods_addr":"","isFinished":""}
    ],
"EXPAND" :[]
}

************************************************************
{
 "HEAD":{"tag":"MESG","version":65537,"sender_uuid":"2d4d3de5e684af1fe763285e6c0
    458b69a325f322aa504fe2ec75d41b60885f3","receiver_uuid":"user_server","route":"lo
    gin","flow":"QUERY","state":"MATCH","flag":"LOCAL","ljump":1,"rjump":2,"record_t
    ype":"USER_DEFINE","record_subtype":"LOGIN","record_num":1,"record_size":101,"ex
    pand_num":0,"expand_size":0,"msg_uuid":"57a337a213a2ec581fe52d992f1c7995c7360cdd
    fed14081cd42de95a20ea1cd"},
"RECORD":[
    {"user_name":"kefu","passwd":"pwkefu","proc_name":"","machine_uuid":""}
    ],
"EXPAND" :[]
}

************************************************************
{
 "HEAD":{"tag":"MESG","version":65537,"sender_uuid":"2d4d3de5e684af1fe763285e6c0
    458b69a325f322aa504fe2ec75d41b60885f3","receiver_uuid":"user_label","route":"add
    r_label","flow":"QUERY","state":"MATCH","flag":"LOCAL","ljump":1,"rjump":1,"reco
    rd_type":"USER_DEFINE","record_subtype":"LOGIN","record_num":1,"record_size":101
    ,"expand_num":0,"expand_size":0,"msg_uuid":"2af988c83c75618d7ca7a6e251511ecd7e2b
    4696bacfc15491fa0145e949fd48"},
"RECORD":[
    {"user_name":"kefu","passwd":"pwkefu","proc_name":"","machine_uuid":""}
    ],
"EXPAND" :[]
}

************************************************************
{
 "HEAD":{"tag":"MESG","version":65537,"sender_uuid":"2d4d3de5e684af1fe763285e6c0
    458b69a325f322aa504fe2ec75d41b60885f3","receiver_uuid":"user_server","route":"lo
    gin","flow":"QUERY","state":"MATCH","flag":"LOCAL","ljump":1,"rjump":2,"record_t
    ype":"USER_DEFINE","record_subtype":"LOGIN","record_num":1,"record_size":101,"ex
    pand_num":1,"expand_size":0,"msg_uuid":"57a337a213a2ec581fe52d992f1c7995c7360cdd
    fed14081cd42de95a20ea1cd"},
"RECORD":[
    {"user_name":"kefu","passwd":"pwkefu","proc_name":"","machine_uuid":""}
    ],
"EXPAND" :[
    {"data_size":0,"type":"LABEL_DEFINE","subtype":"ADDR","expand":
        {"node_uuid":"bad5f91dead22e2249193df8600d4d785bef917ac9a8c11d2bbfe9823e76ed93",
            "proc_name":"kefu","user_name":"kefu","role":"NULL"}
        }
    ]
}

************************************************************
{
 "HEAD":{"tag":"MESG","version":65537,"sender_uuid":"user_server","receiver_uuid
    ":"2d4d3de5e684af1fe763285e6c0458b69a325f322aa504fe2ec75d41b60885f3","route":"lo
    gin","flow":"QUERY","state":"RESPONSE","flag":"NULL","ljump":2,"rjump":2,"record
    _type":"USER_DEFINE","record_subtype":"RETURN","record_num":1,"record_size":0,"e
    xpand_num":1,"expand_size":0,"msg_uuid":"57a337a213a2ec581fe52d992f1c7995c7360cd
    dfed14081cd42de95a20ea1cd"},
"RECORD":[
    {"return_code":"SUCCEED","return_info":"login succeed!
"}
    ],
"EXPAND" :[
    {"data_size":0,"type":"LABEL_DEFINE","subtype":"ADDR","expand":
        {"node_uuid":"bad5f91dead22e2249193df8600d4d785bef917ac9a8c11d2bbfe9823e76ed93",
            "proc_name":"kefu","user_name":"kefu","role":"NULL"}
        }
    ]
}

************************************************************
{
 "HEAD":{"tag":"MESG","version":65537,"sender_uuid":"user_server","receiver_uuid
    ":"user_label","route":"addr_verify","flow":"QUERY","state":"MATCH","flag":"LOCA
    L","ljump":1,"rjump":1,"record_type":"USER_DEFINE","record_subtype":"RETURN","re
    cord_num":1,"record_size":0,"expand_num":1,"expand_size":0,"msg_uuid":"1de8dfd7b
    f4e62c4aa13967ad81bf946e8a7b1c07caa1de66fb430c7cd33243e"},
"RECORD":[
    {"return_code":"SUCCEED","return_info":"login succeed!
"}
    ],
"EXPAND" :[
    {"data_size":0,"type":"LABEL_DEFINE","subtype":"ADDR","expand":
        {"node_uuid":"bad5f91dead22e2249193df8600d4d785bef917ac9a8c11d2bbfe9823e76ed93",
            "proc_name":"kefu","user_name":"kefu","role":"NULL"}
        }
    ]
}

************************************************************
{
 "HEAD":{"tag":"MESG","version":65537,"sender_uuid":"user_server","receiver_uuid
    ":"2d4d3de5e684af1fe763285e6c0458b69a325f322aa504fe2ec75d41b60885f3","route":"lo
    gin","flow":"QUERY","state":"RESPONSE","flag":"NULL","ljump":2,"rjump":2,"record
    _type":"USER_DEFINE","record_subtype":"RETURN","record_num":1,"record_size":0,"e
    xpand_num":0,"expand_size":0,"msg_uuid":"57a337a213a2ec581fe52d992f1c7995c7360cd
    dfed14081cd42de95a20ea1cd"},
"RECORD":[
    {"return_code":"SUCCEED","return_info":"login succeed!
"}
    ],
"EXPAND" :[]
}

************************************************************
{
 "HEAD":{"tag":"MESG","version":65537,"sender_uuid":"2d4d3de5e684af1fe763285e6c0
    458b69a325f322aa504fe2ec75d41b60885f3","receiver_uuid":"record_server","route":"
    record","flow":"QUERY","state":"MATCH","flag":"LOCAL","ljump":1,"rjump":2,"recor
    d_type":"RECORD_DEFINE","record_subtype":"WRITE","record_num":1,"record_size":36
    ,"expand_num":0,"expand_size":0,"msg_uuid":"1933e9396ddeec21d36f2d2b9926380237f2
    a455ab5ab91828f87e357d314628"},
"RECORD":[
    {"Pay_no":"","segment":"Deli_addr","text":"客服写发货地测试"}
    ],
"EXPAND" :[]
}

************************************************************
{
 "HEAD":{"tag":"MESG","version":65537,"sender_uuid":"2d4d3de5e684af1fe763285e6c0
    458b69a325f322aa504fe2ec75d41b60885f3","receiver_uuid":"user_label","route":"wri
    te_access","flow":"QUERY","state":"MATCH","flag":"LOCAL","ljump":1,"rjump":1,"re
    cord_type":"RECORD_DEFINE","record_subtype":"WRITE","record_num":1,"record_size"
    :36,"expand_num":0,"expand_size":0,"msg_uuid":"79f2c314ab1df7c7ba0280924af011621
    f29d83c7e663c99f3897ba99b6a99c2"},
"RECORD":[
    {"Pay_no":"","segment":"Deli_addr","text":"客服写发货地测试"}
    ],
"EXPAND" :[]
}

************************************************************
{
 "HEAD":{"tag":"MESG","version":65537,"sender_uuid":"user_label","receiver_uuid"
    :"record_acl","route":"write_access","flow":"QUERY","state":"MATCH","flag":"LOCA
    L","ljump":2,"rjump":1,"record_type":"RECORD_DEFINE","record_subtype":"WRITE","r
    ecord_num":1,"record_size":36,"expand_num":1,"expand_size":0,"msg_uuid":"79f2c31
    4ab1df7c7ba0280924af011621f29d83c7e663c99f3897ba99b6a99c2"},
"RECORD":[
    {"Pay_no":"","segment":"Deli_addr","text":"客服写发货地测试"}
    ],
"EXPAND" :[
    {"data_size":0,"type":"LABEL_DEFINE","subtype":"USER","expand":
        {"user_name":"kefu","role":"SUPPORT"}
        }
    ]
}

************************************************************
{
 "HEAD":{"tag":"MESG","version":65537,"sender_uuid":"2d4d3de5e684af1fe763285e6c0
    458b69a325f322aa504fe2ec75d41b60885f3","receiver_uuid":"record_server","route":"
    record","flow":"QUERY","state":"MATCH","flag":"LOCAL","ljump":1,"rjump":2,"recor
    d_type":"RECORD_DEFINE","record_subtype":"WRITE","record_num":1,"record_size":36
    ,"expand_num":0,"expand_size":0,"msg_uuid":"1933e9396ddeec21d36f2d2b9926380237f2
    a455ab5ab91828f87e357d314628"},
"RECORD":[
    {"Pay_no":"","segment":"Deli_addr","text":"客服写发货地测试"}
    ],
"EXPAND" :[]
}

************************************************************
{
 "HEAD":{"tag":"MESG","version":65537,"sender_uuid":"record_server","receiver_uu
    id":"2d4d3de5e684af1fe763285e6c0458b69a325f322aa504fe2ec75d41b60885f3","route":"
    record","flow":"QUERY","state":"RESPONSE","flag":"NULL","ljump":2,"rjump":2,"rec
    ord_type":"USER_DEFINE","record_subtype":"RETURN","record_num":1,"record_size":0
    ,"expand_num":0,"expand_size":0,"msg_uuid":"1933e9396ddeec21d36f2d2b9926380237f2
    a455ab5ab91828f87e357d314628"},
"RECORD":[
    {"return_code":"SUCCEED","return_info":"write data succeed!
"}
    ],
"EXPAND" :[]
}

************************************************************
{
 "HEAD":{"tag":"MESG","version":65537,"sender_uuid":"record_server","receiver_uu
    id":"recordlib","route":"store","flow":"DELIVER","state":"MATCH","flag":"LOCAL",
    "ljump":1,"rjump":1,"record_type":"MESSAGE","record_subtype":"TYPES","record_num
    ":1,"record_size":0,"expand_num":0,"expand_size":0,"msg_uuid":"31eed9739df8379e9
    f5251e21c71486b88468117bffe1ee74c3b34db852ff9b1"},
"RECORD":[
    {"type":"RECORD_DEFINE","subtype":"RECORD"}
    ],
"EXPAND" :[]
}

************************************************************
{
 "HEAD":{"tag":"MESG","version":65537,"sender_uuid":"2d4d3de5e684af1fe763285e6c0
    458b69a325f322aa504fe2ec75d41b60885f3","receiver_uuid":"record_server","route":"
    record","flow":"QUERY","state":"MATCH","flag":"LOCAL","ljump":1,"rjump":2,"recor
    d_type":"RECORD_DEFINE","record_subtype":"WRITE","record_num":1,"record_size":34
    ,"expand_num":0,"expand_size":0,"msg_uuid":"f6c57c9303cfc06623d5ffc2bd916d3c2f32
    72e0db8fa6e2a65657403708ad36"},
"RECORD":[
    {"Pay_no":"订单0509","segment":"isSent","text":"多次写测试"}
    ],
"EXPAND" :[]
}

************************************************************
{
 "HEAD":{"tag":"MESG","version":65537,"sender_uuid":"2d4d3de5e684af1fe763285e6c0
    458b69a325f322aa504fe2ec75d41b60885f3","receiver_uuid":"user_label","route":"wri
    te_access","flow":"QUERY","state":"MATCH","flag":"LOCAL","ljump":1,"rjump":1,"re
    cord_type":"RECORD_DEFINE","record_subtype":"WRITE","record_num":1,"record_size"
    :34,"expand_num":0,"expand_size":0,"msg_uuid":"c964a8a8cd1938bd8391baa3f69c2a19f
    10307bc42c6abf1f965497616a45421"},
"RECORD":[
    {"Pay_no":"订单0509","segment":"isSent","text":"多次写测试"}
    ],
"EXPAND" :[]
}

************************************************************
{
 "HEAD":{"tag":"MESG","version":65537,"sender_uuid":"","receiver_uuid":"user_lab
    el","route":"addr_init","flow":"DELIVER","state":"MATCH","flag":"LOCAL","ljump":
    1,"rjump":1,"record_type":"MESSAGE","record_subtype":"CONN_ACKI","record_num":1,
    "record_size":151,"expand_num":0,"expand_size":0,"msg_uuid":"76f4d2425fed30f74bd
    1eaf1dc1cb51e93ca21918e98e0ba351e0df6561eb473"},
"RECORD":[
    {"uuid":"bad5f91dead22e2249193df8600d4d785bef917ac9a8c11d2bbfe9823e76ed93","clie
        nt_name":"dianzhu","client_proc":"dianzhu","client_addr":"unknown addr","server_
        uuid":"bad5f91dead22e2249193df8600d4d785bef917ac9a8c11d2bbfe9823e76ed93","server
        _name":"server","service":"trust_server","server_addr":"x","flags":0,"nonce":""}
    ],
"EXPAND" :[]
}

************************************************************
{
 "HEAD":{"tag":"MESG","version":65537,"sender_uuid":"user_label","receiver_uuid"
    :"record_acl","route":"write_access","flow":"QUERY","state":"MATCH","flag":"LOCA
    L","ljump":2,"rjump":1,"record_type":"RECORD_DEFINE","record_subtype":"WRITE","r
    ecord_num":1,"record_size":34,"expand_num":1,"expand_size":0,"msg_uuid":"c964a8a
    8cd1938bd8391baa3f69c2a19f10307bc42c6abf1f965497616a45421"},
"RECORD":[
    {"Pay_no":"订单0509","segment":"isSent","text":"多次写测试"}
    ],
"EXPAND" :[
    {"data_size":0,"type":"LABEL_DEFINE","subtype":"USER","expand":
        {"user_name":"kefu","role":"SUPPORT"}
        }
    ]
}

************************************************************
{
 "HEAD":{"tag":"MESG","version":65537,"sender_uuid":"user_label","receiver_uuid"
    :"","route":"addr_init","flow":"DELIVER","state":"MATCH","flag":"LOCAL","ljump":
    2,"rjump":1,"record_type":"MESSAGE","record_subtype":"CONN_ACKI","record_num":1,
    "record_size":151,"expand_num":0,"expand_size":0,"msg_uuid":"76f4d2425fed30f74bd
    1eaf1dc1cb51e93ca21918e98e0ba351e0df6561eb473"},
"RECORD":[
    {"uuid":"bad5f91dead22e2249193df8600d4d785bef917ac9a8c11d2bbfe9823e76ed93","clie
        nt_name":"dianzhu","client_proc":"dianzhu","client_addr":"unknown addr","server_
        uuid":"bad5f91dead22e2249193df8600d4d785bef917ac9a8c11d2bbfe9823e76ed93","server
        _name":"server","service":"trust_server","server_addr":"x","flags":0,"nonce":""}
    ],
"EXPAND" :[]
}

************************************************************
{
 "HEAD":{"tag":"MESG","version":65537,"sender_uuid":"2d4d3de5e684af1fe763285e6c0
    458b69a325f322aa504fe2ec75d41b60885f3","receiver_uuid":"record_server","route":"
    record","flow":"QUERY","state":"MATCH","flag":"LOCAL","ljump":1,"rjump":2,"recor
    d_type":"RECORD_DEFINE","record_subtype":"WRITE","record_num":1,"record_size":34
    ,"expand_num":0,"expand_size":0,"msg_uuid":"f6c57c9303cfc06623d5ffc2bd916d3c2f32
    72e0db8fa6e2a65657403708ad36"},
"RECORD":[
    {"Pay_no":"订单0509","segment":"isSent","text":"多次写测试"}
    ],
"EXPAND" :[]
}

************************************************************
{
 "HEAD":{"tag":"MESG","version":65537,"sender_uuid":"record_server","receiver_uu
    id":"2d4d3de5e684af1fe763285e6c0458b69a325f322aa504fe2ec75d41b60885f3","route":"
    record","flow":"QUERY","state":"RESPONSE","flag":"NULL","ljump":2,"rjump":2,"rec
    ord_type":"USER_DEFINE","record_subtype":"RETURN","record_num":1,"record_size":0
    ,"expand_num":0,"expand_size":0,"msg_uuid":"f6c57c9303cfc06623d5ffc2bd916d3c2f32
    72e0db8fa6e2a65657403708ad36"},
"RECORD":[
    {"return_code":"SUCCEED","return_info":"write data succeed!
"}
    ],
"EXPAND" :[]
}

************************************************************
{
 "HEAD":{"tag":"MESG","version":65537,"sender_uuid":"record_server","receiver_uu
    id":"recordlib","route":"store","flow":"DELIVER","state":"MATCH","flag":"LOCAL",
    "ljump":1,"rjump":1,"record_type":"MESSAGE","record_subtype":"TYPES","record_num
    ":1,"record_size":0,"expand_num":0,"expand_size":0,"msg_uuid":"8923352abfdf6cb5e
    4ca8297c51cb700f29f24a71bbece7b7863d01c35340a92"},
"RECORD":[
    {"type":"RECORD_DEFINE","subtype":"RECORD"}
    ],
"EXPAND" :[]
}

************************************************************
{
 "HEAD":{"tag":"MESG","version":65537,"sender_uuid":"34f2e480a29b044a03f0ae111ec
    69ba5bef2ac4e157e3b1da58aa77925fb65f3","receiver_uuid":"user_server","route":"lo
    gin","flow":"QUERY","state":"MATCH","flag":"LOCAL","ljump":1,"rjump":2,"record_t
    ype":"USER_DEFINE","record_subtype":"LOGIN","record_num":1,"record_size":104,"ex
    pand_num":0,"expand_size":0,"msg_uuid":"86f38ef7e0ae4b0b9cac1ca2d8ec8b9a4dceaf7a
    00b8a2875b9fd96336081e93"},
"RECORD":[
    {"user_name":"dianzhu","passwd":"pwdianzhu","proc_name":"","machine_uuid":""}
    ],
"EXPAND" :[]
}

************************************************************
{
 "HEAD":{"tag":"MESG","version":65537,"sender_uuid":"34f2e480a29b044a03f0ae111ec
    69ba5bef2ac4e157e3b1da58aa77925fb65f3","receiver_uuid":"user_label","route":"add
    r_label","flow":"QUERY","state":"MATCH","flag":"LOCAL","ljump":1,"rjump":1,"reco
    rd_type":"USER_DEFINE","record_subtype":"LOGIN","record_num":1,"record_size":104
    ,"expand_num":0,"expand_size":0,"msg_uuid":"7e8dce969bc00584703252b75b1bffc4057a
    c72f10a9e183af6c5f2ccb55d7be"},
"RECORD":[
    {"user_name":"dianzhu","passwd":"pwdianzhu","proc_name":"","machine_uuid":""}
    ],
"EXPAND" :[]
}

************************************************************
{
 "HEAD":{"tag":"MESG","version":65537,"sender_uuid":"34f2e480a29b044a03f0ae111ec
    69ba5bef2ac4e157e3b1da58aa77925fb65f3","receiver_uuid":"user_server","route":"lo
    gin","flow":"QUERY","state":"MATCH","flag":"LOCAL","ljump":1,"rjump":2,"record_t
    ype":"USER_DEFINE","record_subtype":"LOGIN","record_num":1,"record_size":104,"ex
    pand_num":1,"expand_size":0,"msg_uuid":"86f38ef7e0ae4b0b9cac1ca2d8ec8b9a4dceaf7a
    00b8a2875b9fd96336081e93"},
"RECORD":[
    {"user_name":"dianzhu","passwd":"pwdianzhu","proc_name":"","machine_uuid":""}
    ],
"EXPAND" :[
    {"data_size":0,"type":"LABEL_DEFINE","subtype":"ADDR","expand":
        {"node_uuid":"bad5f91dead22e2249193df8600d4d785bef917ac9a8c11d2bbfe9823e76ed93",
            "proc_name":"dianzhu","user_name":"dianzhu","role":"NULL"}
        }
    ]
}

************************************************************
{
 "HEAD":{"tag":"MESG","version":65537,"sender_uuid":"user_server","receiver_uuid
    ":"34f2e480a29b044a03f0ae111ec69ba5bef2ac4e157e3b1da58aa77925fb65f3","route":"lo
    gin","flow":"QUERY","state":"RESPONSE","flag":"NULL","ljump":2,"rjump":2,"record
    _type":"USER_DEFINE","record_subtype":"RETURN","record_num":1,"record_size":0,"e
    xpand_num":1,"expand_size":0,"msg_uuid":"86f38ef7e0ae4b0b9cac1ca2d8ec8b9a4dceaf7
    a00b8a2875b9fd96336081e93"},
"RECORD":[
    {"return_code":"SUCCEED","return_info":"login succeed!
"}
    ],
"EXPAND" :[
    {"data_size":0,"type":"LABEL_DEFINE","subtype":"ADDR","expand":
        {"node_uuid":"bad5f91dead22e2249193df8600d4d785bef917ac9a8c11d2bbfe9823e76ed93",
            "proc_name":"dianzhu","user_name":"dianzhu","role":"NULL"}
        }
    ]
}

************************************************************
{
 "HEAD":{"tag":"MESG","version":65537,"sender_uuid":"user_server","receiver_uuid
    ":"user_label","route":"addr_verify","flow":"QUERY","state":"MATCH","flag":"LOCA
    L","ljump":1,"rjump":1,"record_type":"USER_DEFINE","record_subtype":"RETURN","re
    cord_num":1,"record_size":0,"expand_num":1,"expand_size":0,"msg_uuid":"d6d867998
    7aa8084944fa11e54cf243555572f575288925c153c42dec4880bcd"},
"RECORD":[
    {"return_code":"SUCCEED","return_info":"login succeed!
"}
    ],
"EXPAND" :[
    {"data_size":0,"type":"LABEL_DEFINE","subtype":"ADDR","expand":
        {"node_uuid":"bad5f91dead22e2249193df8600d4d785bef917ac9a8c11d2bbfe9823e76ed93",
            "proc_name":"dianzhu","user_name":"dianzhu","role":"NULL"}
        }
    ]
}

************************************************************
{
 "HEAD":{"tag":"MESG","version":65537,"sender_uuid":"user_server","receiver_uuid
    ":"34f2e480a29b044a03f0ae111ec69ba5bef2ac4e157e3b1da58aa77925fb65f3","route":"lo
    gin","flow":"QUERY","state":"RESPONSE","flag":"NULL","ljump":2,"rjump":2,"record
    _type":"USER_DEFINE","record_subtype":"RETURN","record_num":1,"record_size":0,"e
    xpand_num":0,"expand_size":0,"msg_uuid":"86f38ef7e0ae4b0b9cac1ca2d8ec8b9a4dceaf7
    a00b8a2875b9fd96336081e93"},
"RECORD":[
    {"return_code":"SUCCEED","return_info":"login succeed!
"}
    ],
"EXPAND" :[]
}

************************************************************
{
 "HEAD":{"tag":"MESG","version":65537,"sender_uuid":"34f2e480a29b044a03f0ae111ec
    69ba5bef2ac4e157e3b1da58aa77925fb65f3","receiver_uuid":"record_server","route":"
    record","flow":"QUERY","state":"MATCH","flag":"LOCAL","ljump":1,"rjump":2,"recor
    d_type":"RECORD_DEFINE","record_subtype":"WRITE","record_num":1,"record_size":34
    ,"expand_num":0,"expand_size":0,"msg_uuid":"608164f3a218dceb366136c3a2cba99aed46
    0059bbd0f4f839329f70cabc1ccd"},
"RECORD":[
    {"Pay_no":"","segment":"isFinished","text":"SHOPKEEPER WRITE TEST"}
    ],
"EXPAND" :[]
}

************************************************************
{
 "HEAD":{"tag":"MESG","version":65537,"sender_uuid":"34f2e480a29b044a03f0ae111ec
    69ba5bef2ac4e157e3b1da58aa77925fb65f3","receiver_uuid":"user_label","route":"wri
    te_access","flow":"QUERY","state":"MATCH","flag":"LOCAL","ljump":1,"rjump":1,"re
    cord_type":"RECORD_DEFINE","record_subtype":"WRITE","record_num":1,"record_size"
    :34,"expand_num":0,"expand_size":0,"msg_uuid":"51fba9d0c0eeef7c6b7f1c793af916df6
    8145bc20b03ccb569b876938e48d648"},
"RECORD":[
    {"Pay_no":"","segment":"isFinished","text":"SHOPKEEPER WRITE TEST"}
    ],
"EXPAND" :[]
}

************************************************************
{
 "HEAD":{"tag":"MESG","version":65537,"sender_uuid":"user_label","receiver_uuid"
    :"record_acl","route":"write_access","flow":"QUERY","state":"MATCH","flag":"LOCA
    L","ljump":2,"rjump":1,"record_type":"RECORD_DEFINE","record_subtype":"WRITE","r
    ecord_num":1,"record_size":34,"expand_num":1,"expand_size":0,"msg_uuid":"51fba9d
    0c0eeef7c6b7f1c793af916df68145bc20b03ccb569b876938e48d648"},
"RECORD":[
    {"Pay_no":"","segment":"isFinished","text":"SHOPKEEPER WRITE TEST"}
    ],
"EXPAND" :[
    {"data_size":0,"type":"LABEL_DEFINE","subtype":"USER","expand":
        {"user_name":"dianzhu","role":"SHOPKEEPER"}
        }
    ]
}

************************************************************
{
 "HEAD":{"tag":"MESG","version":65537,"sender_uuid":"34f2e480a29b044a03f0ae111ec
    69ba5bef2ac4e157e3b1da58aa77925fb65f3","receiver_uuid":"record_server","route":"
    record","flow":"QUERY","state":"MATCH","flag":"LOCAL","ljump":1,"rjump":2,"recor
    d_type":"RECORD_DEFINE","record_subtype":"WRITE","record_num":1,"record_size":34
    ,"expand_num":0,"expand_size":0,"msg_uuid":"608164f3a218dceb366136c3a2cba99aed46
    0059bbd0f4f839329f70cabc1ccd"},
"RECORD":[
    {"Pay_no":"","segment":"isFinished","text":"SHOPKEEPER WRITE TEST"}
    ],
"EXPAND" :[]
}

************************************************************
{
 "HEAD":{"tag":"MESG","version":65537,"sender_uuid":"record_server","receiver_uu
    id":"34f2e480a29b044a03f0ae111ec69ba5bef2ac4e157e3b1da58aa77925fb65f3","route":"
    record","flow":"QUERY","state":"RESPONSE","flag":"NULL","ljump":2,"rjump":2,"rec
    ord_type":"USER_DEFINE","record_subtype":"RETURN","record_num":1,"record_size":0
    ,"expand_num":0,"expand_size":0,"msg_uuid":"608164f3a218dceb366136c3a2cba99aed46
    0059bbd0f4f839329f70cabc1ccd"},
"RECORD":[
    {"return_code":"SUCCEED","return_info":"write data succeed!
"}
    ],
"EXPAND" :[]
}

************************************************************
{
 "HEAD":{"tag":"MESG","version":65537,"sender_uuid":"record_server","receiver_uu
    id":"recordlib","route":"store","flow":"DELIVER","state":"MATCH","flag":"LOCAL",
    "ljump":1,"rjump":1,"record_type":"MESSAGE","record_subtype":"TYPES","record_num
    ":1,"record_size":0,"expand_num":0,"expand_size":0,"msg_uuid":"934495f1f9a274d68
    40c60a608f7da010daaf735725763c8ef55712276eacbae"},
"RECORD":[
    {"type":"RECORD_DEFINE","subtype":"RECORD"}
    ],
"EXPAND" :[]
}

************************************************************
{
 "HEAD":{"tag":"MESG","version":65537,"sender_uuid":"34f2e480a29b044a03f0ae111ec
    69ba5bef2ac4e157e3b1da58aa77925fb65f3","receiver_uuid":"record_server","route":"
    record","flow":"QUERY","state":"MATCH","flag":"LOCAL","ljump":1,"rjump":2,"recor
    d_type":"RECORD_DEFINE","record_subtype":"WRITE","record_num":1,"record_size":22
    ,"expand_num":0,"expand_size":0,"msg_uuid":"09aa64d48926602b557bfc14e2c52a0aad6a
    b940b0085846da498621dabb2fc7"},
"RECORD":[
    {"Pay_no":"","segment":"Goods_name","text":"GOODSNAME"}
    ],
"EXPAND" :[]
}

************************************************************
{
 "HEAD":{"tag":"MESG","version":65537,"sender_uuid":"34f2e480a29b044a03f0ae111ec
    69ba5bef2ac4e157e3b1da58aa77925fb65f3","receiver_uuid":"user_label","route":"wri
    te_access","flow":"QUERY","state":"MATCH","flag":"LOCAL","ljump":1,"rjump":1,"re
    cord_type":"RECORD_DEFINE","record_subtype":"WRITE","record_num":1,"record_size"
    :22,"expand_num":0,"expand_size":0,"msg_uuid":"9fe6c62efbc3b4d7c46d356ee0635dd19
    e73645b30b8efb6033f91bd02e2cf84"},
"RECORD":[
    {"Pay_no":"","segment":"Goods_name","text":"GOODSNAME"}
    ],
"EXPAND" :[]
}

************************************************************
{
 "HEAD":{"tag":"MESG","version":65537,"sender_uuid":"","receiver_uuid":"user_lab
    el","route":"addr_init","flow":"DELIVER","state":"MATCH","flag":"LOCAL","ljump":
    1,"rjump":1,"record_type":"MESSAGE","record_subtype":"CONN_ACKI","record_num":1,
    "record_size":147,"expand_num":0,"expand_size":0,"msg_uuid":"80cf8e870520487d564
    1483d899bb3ce1f76b3bb9dfd3fb035c6e09dc97195ab"},
"RECORD":[
    {"uuid":"bad5f91dead22e2249193df8600d4d785bef917ac9a8c11d2bbfe9823e76ed93","clie
        nt_name":"wuliu","client_proc":"wuliu","client_addr":"unknown addr","server_uuid
        ":"bad5f91dead22e2249193df8600d4d785bef917ac9a8c11d2bbfe9823e76ed93","server_nam
        e":"server","service":"trust_server","server_addr":"x","flags":0,"nonce":""}
    ],
"EXPAND" :[]
}

************************************************************
{
 "HEAD":{"tag":"MESG","version":65537,"sender_uuid":"user_label","receiver_uuid"
    :"record_acl","route":"write_access","flow":"QUERY","state":"MATCH","flag":"LOCA
    L","ljump":2,"rjump":1,"record_type":"RECORD_DEFINE","record_subtype":"WRITE","r
    ecord_num":1,"record_size":22,"expand_num":1,"expand_size":0,"msg_uuid":"9fe6c62
    efbc3b4d7c46d356ee0635dd19e73645b30b8efb6033f91bd02e2cf84"},
"RECORD":[
    {"Pay_no":"","segment":"Goods_name","text":"GOODSNAME"}
    ],
"EXPAND" :[
    {"data_size":0,"type":"LABEL_DEFINE","subtype":"USER","expand":
        {"user_name":"dianzhu","role":"SHOPKEEPER"}
        }
    ]
}

************************************************************
{
 "HEAD":{"tag":"MESG","version":65537,"sender_uuid":"user_label","receiver_uuid"
    :"","route":"addr_init","flow":"DELIVER","state":"MATCH","flag":"LOCAL","ljump":
    2,"rjump":1,"record_type":"MESSAGE","record_subtype":"CONN_ACKI","record_num":1,
    "record_size":147,"expand_num":0,"expand_size":0,"msg_uuid":"80cf8e870520487d564
    1483d899bb3ce1f76b3bb9dfd3fb035c6e09dc97195ab"},
"RECORD":[
    {"uuid":"bad5f91dead22e2249193df8600d4d785bef917ac9a8c11d2bbfe9823e76ed93","clie
        nt_name":"wuliu","client_proc":"wuliu","client_addr":"unknown addr","server_uuid
        ":"bad5f91dead22e2249193df8600d4d785bef917ac9a8c11d2bbfe9823e76ed93","server_nam
        e":"server","service":"trust_server","server_addr":"x","flags":0,"nonce":""}
    ],
"EXPAND" :[]
}

************************************************************
{
 "HEAD":{"tag":"MESG","version":65537,"sender_uuid":"34f2e480a29b044a03f0ae111ec
    69ba5bef2ac4e157e3b1da58aa77925fb65f3","receiver_uuid":"record_server","route":"
    record","flow":"QUERY","state":"MATCH","flag":"LOCAL","ljump":1,"rjump":2,"recor
    d_type":"USER_DEFINE","record_subtype":"RETURN","record_num":1,"record_size":0,"
    expand_num":0,"expand_size":0,"msg_uuid":"09aa64d48926602b557bfc14e2c52a0aad6ab9
    40b0085846da498621dabb2fc7"},
"RECORD":[
    {"return_code":"NOACCESS","return_info":"write permission denied!"}
    ],
"EXPAND" :[]
}

************************************************************
{
 "HEAD":{"tag":"MESG","version":65537,"sender_uuid":"34f2e480a29b044a03f0ae111ec
    69ba5bef2ac4e157e3b1da58aa77925fb65f3","receiver_uuid":"record_server","route":"
    record","flow":"QUERY","state":"MATCH","flag":"LOCAL","ljump":1,"rjump":2,"recor
    d_type":"RECORD_DEFINE","record_subtype":"READ","record_num":1,"record_size":15,
    "expand_num":0,"expand_size":0,"msg_uuid":"4c921ffbdf4468dd80e7a112e1b0f965cfb9e
    5c82fd0309f6adf95d80b81aef3"},
"RECORD":[
    {"Pay_no":"20200514151946"}
    ],
"EXPAND" :[]
}

************************************************************
{
 "HEAD":{"tag":"MESG","version":65537,"sender_uuid":"34f2e480a29b044a03f0ae111ec
    69ba5bef2ac4e157e3b1da58aa77925fb65f3","receiver_uuid":"user_label","route":"lab
    el_read","flow":"QUERY","state":"MATCH","flag":"LOCAL","ljump":1,"rjump":1,"reco
    rd_type":"RECORD_DEFINE","record_subtype":"READ","record_num":1,"record_size":15
    ,"expand_num":0,"expand_size":0,"msg_uuid":"602e35b36663fda330efaa5c9b3fb069c8b1
    8799bc4353f2f3ee0a9282a1b0ac"},
"RECORD":[
    {"Pay_no":"20200514151946"}
    ],
"EXPAND" :[]
}

************************************************************
{
 "HEAD":{"tag":"MESG","version":65537,"sender_uuid":"34f2e480a29b044a03f0ae111ec
    69ba5bef2ac4e157e3b1da58aa77925fb65f3","receiver_uuid":"record_server","route":"
    record","flow":"QUERY","state":"MATCH","flag":"LOCAL","ljump":1,"rjump":2,"recor
    d_type":"RECORD_DEFINE","record_subtype":"READ","record_num":1,"record_size":15,
    "expand_num":1,"expand_size":0,"msg_uuid":"4c921ffbdf4468dd80e7a112e1b0f965cfb9e
    5c82fd0309f6adf95d80b81aef3"},
"RECORD":[
    {"Pay_no":"20200514151946"}
    ],
"EXPAND" :[
    {"data_size":0,"type":"LABEL_DEFINE","subtype":"USER","expand":
        {"user_name":"dianzhu","role":"SHOPKEEPER"}
        }
    ]
}

************************************************************
{
 "HEAD":{"tag":"MESG","version":65537,"sender_uuid":"record_server","receiver_uu
    id":"34f2e480a29b044a03f0ae111ec69ba5bef2ac4e157e3b1da58aa77925fb65f3","route":"
    record","flow":"QUERY","state":"RESPONSE","flag":"NULL","ljump":2,"rjump":2,"rec
    ord_type":"RECORD_DEFINE","record_subtype":"RECORD","record_num":1,"record_size"
    :0,"expand_num":1,"expand_size":0,"msg_uuid":"4c921ffbdf4468dd80e7a112e1b0f965cf
    b9e5c82fd0309f6adf95d80b81aef3"},
"RECORD":[
    {"Pay_no":"20200514151946","Goods_name":"GOODSNAME","Goods_num":"","Rec_addr":""
        ,"Deli_addr":"","isSent":"","isReceived":"","Goods_addr":"","isFinished":""}
    ],
"EXPAND" :[
    {"data_size":0,"type":"LABEL_DEFINE","subtype":"USER","expand":
        {"user_name":"dianzhu","role":"SHOPKEEPER"}
        }
    ]
}

************************************************************
{
 "HEAD":{"tag":"MESG","version":65537,"sender_uuid":"record_server","receiver_uu
    id":"record_acl","route":"read_access","flow":"QUERY","state":"MATCH","flag":"LO
    CAL","ljump":1,"rjump":1,"record_type":"RECORD_DEFINE","record_subtype":"RECORD"
    ,"record_num":1,"record_size":0,"expand_num":1,"expand_size":0,"msg_uuid":"c4adc
    b8bb606d078b2218d6e048d8ef892c4b9774129fcc777b883a7f39f7551"},
"RECORD":[
    {"Pay_no":"20200514151946","Goods_name":"GOODSNAME","Goods_num":"","Rec_addr":""
        ,"Deli_addr":"","isSent":"","isReceived":"","Goods_addr":"","isFinished":""}
    ],
"EXPAND" :[
    {"data_size":0,"type":"LABEL_DEFINE","subtype":"USER","expand":
        {"user_name":"dianzhu","role":"SHOPKEEPER"}
        }
    ]
}

************************************************************
{
 "HEAD":{"tag":"MESG","version":65537,"sender_uuid":"record_server","receiver_uu
    id":"34f2e480a29b044a03f0ae111ec69ba5bef2ac4e157e3b1da58aa77925fb65f3","route":"
    record","flow":"QUERY","state":"RESPONSE","flag":"NULL","ljump":2,"rjump":2,"rec
    ord_type":"RECORD_DEFINE","record_subtype":"RECORD","record_num":1,"record_size"
    :0,"expand_num":0,"expand_size":0,"msg_uuid":"4c921ffbdf4468dd80e7a112e1b0f965cf
    b9e5c82fd0309f6adf95d80b81aef3"},
"RECORD":[
    {"Pay_no":"20200514151946","Goods_name":"GOODSNAME","Goods_num":"","Rec_addr":""
        ,"Deli_addr":"","isSent":"","isReceived":"","Goods_addr":"","isFinished":""}
    ],
"EXPAND" :[]
}

************************************************************
{
 "HEAD":{"tag":"MESG","version":65537,"sender_uuid":"6538533df78913d3fe49892857d
    5a95a4618a9fd8885d143faa50ef21caf869b","receiver_uuid":"user_server","route":"lo
    gin","flow":"QUERY","state":"MATCH","flag":"LOCAL","ljump":1,"rjump":2,"record_t
    ype":"USER_DEFINE","record_subtype":"LOGIN","record_num":1,"record_size":102,"ex
    pand_num":0,"expand_size":0,"msg_uuid":"b437daac7312649b69ddb2389d278a64479c267d
    5a187166411283acadca9b08"},
"RECORD":[
    {"user_name":"wuliu","passwd":"pwwuliu","proc_name":"","machine_uuid":""}
    ],
"EXPAND" :[]
}

************************************************************
{
 "HEAD":{"tag":"MESG","version":65537,"sender_uuid":"6538533df78913d3fe49892857d
    5a95a4618a9fd8885d143faa50ef21caf869b","receiver_uuid":"user_label","route":"add
    r_label","flow":"QUERY","state":"MATCH","flag":"LOCAL","ljump":1,"rjump":1,"reco
    rd_type":"USER_DEFINE","record_subtype":"LOGIN","record_num":1,"record_size":102
    ,"expand_num":0,"expand_size":0,"msg_uuid":"c0010ce7c8153cba880ad6803e2fcfe46250
    5ff52109fb8d5126a32af05ee83f"},
"RECORD":[
    {"user_name":"wuliu","passwd":"pwwuliu","proc_name":"","machine_uuid":""}
    ],
"EXPAND" :[]
}

************************************************************
{
 "HEAD":{"tag":"MESG","version":65537,"sender_uuid":"6538533df78913d3fe49892857d
    5a95a4618a9fd8885d143faa50ef21caf869b","receiver_uuid":"user_server","route":"lo
    gin","flow":"QUERY","state":"MATCH","flag":"LOCAL","ljump":1,"rjump":2,"record_t
    ype":"USER_DEFINE","record_subtype":"LOGIN","record_num":1,"record_size":102,"ex
    pand_num":1,"expand_size":0,"msg_uuid":"b437daac7312649b69ddb2389d278a64479c267d
    5a187166411283acadca9b08"},
"RECORD":[
    {"user_name":"wuliu","passwd":"pwwuliu","proc_name":"","machine_uuid":""}
    ],
"EXPAND" :[
    {"data_size":0,"type":"LABEL_DEFINE","subtype":"ADDR","expand":
        {"node_uuid":"bad5f91dead22e2249193df8600d4d785bef917ac9a8c11d2bbfe9823e76ed93",
            "proc_name":"wuliu","user_name":"wuliu","role":"NULL"}
        }
    ]
}

************************************************************
{
 "HEAD":{"tag":"MESG","version":65537,"sender_uuid":"user_server","receiver_uuid
    ":"6538533df78913d3fe49892857d5a95a4618a9fd8885d143faa50ef21caf869b","route":"lo
    gin","flow":"QUERY","state":"RESPONSE","flag":"NULL","ljump":2,"rjump":2,"record
    _type":"USER_DEFINE","record_subtype":"RETURN","record_num":1,"record_size":0,"e
    xpand_num":1,"expand_size":0,"msg_uuid":"b437daac7312649b69ddb2389d278a64479c267
    d5a187166411283acadca9b08"},
"RECORD":[
    {"return_code":"SUCCEED","return_info":"login succeed!
"}
    ],
"EXPAND" :[
    {"data_size":0,"type":"LABEL_DEFINE","subtype":"ADDR","expand":
        {"node_uuid":"bad5f91dead22e2249193df8600d4d785bef917ac9a8c11d2bbfe9823e76ed93",
            "proc_name":"wuliu","user_name":"wuliu","role":"NULL"}
        }
    ]
}

************************************************************
{
 "HEAD":{"tag":"MESG","version":65537,"sender_uuid":"user_server","receiver_uuid
    ":"user_label","route":"addr_verify","flow":"QUERY","state":"MATCH","flag":"LOCA
    L","ljump":1,"rjump":1,"record_type":"USER_DEFINE","record_subtype":"RETURN","re
    cord_num":1,"record_size":0,"expand_num":1,"expand_size":0,"msg_uuid":"a4d497d47
    a9eb2b1a0957756fd794e236e0ba75a681bd2c92e9016613b385351"},
"RECORD":[
    {"return_code":"SUCCEED","return_info":"login succeed!
"}
    ],
"EXPAND" :[
    {"data_size":0,"type":"LABEL_DEFINE","subtype":"ADDR","expand":
        {"node_uuid":"bad5f91dead22e2249193df8600d4d785bef917ac9a8c11d2bbfe9823e76ed93",
            "proc_name":"wuliu","user_name":"wuliu","role":"NULL"}
        }
    ]
}

************************************************************
{
 "HEAD":{"tag":"MESG","version":65537,"sender_uuid":"user_server","receiver_uuid
    ":"6538533df78913d3fe49892857d5a95a4618a9fd8885d143faa50ef21caf869b","route":"lo
    gin","flow":"QUERY","state":"RESPONSE","flag":"NULL","ljump":2,"rjump":2,"record
    _type":"USER_DEFINE","record_subtype":"RETURN","record_num":1,"record_size":0,"e
    xpand_num":0,"expand_size":0,"msg_uuid":"b437daac7312649b69ddb2389d278a64479c267
    d5a187166411283acadca9b08"},
"RECORD":[
    {"return_code":"SUCCEED","return_info":"login succeed!
"}
    ],
"EXPAND" :[]
}

************************************************************
{
 "HEAD":{"tag":"MESG","version":65537,"sender_uuid":"6538533df78913d3fe49892857d
    5a95a4618a9fd8885d143faa50ef21caf869b","receiver_uuid":"record_server","route":"
    record","flow":"QUERY","state":"MATCH","flag":"LOCAL","ljump":1,"rjump":2,"recor
    d_type":"RECORD_DEFINE","record_subtype":"WRITE","record_num":1,"record_size":40
    ,"expand_num":0,"expand_size":0,"msg_uuid":"d697da955572d39c0cb6600dbbe6395709d9
    a1c2d3c58e1fca7834cb30a1d32e"},
"RECORD":[
    {"Pay_no":"","segment":"Goods_addr","text":"物流写货物地址测试"}
    ],
"EXPAND" :[]
}

************************************************************
{
 "HEAD":{"tag":"MESG","version":65537,"sender_uuid":"6538533df78913d3fe49892857d
    5a95a4618a9fd8885d143faa50ef21caf869b","receiver_uuid":"user_label","route":"wri
    te_access","flow":"QUERY","state":"MATCH","flag":"LOCAL","ljump":1,"rjump":1,"re
    cord_type":"RECORD_DEFINE","record_subtype":"WRITE","record_num":1,"record_size"
    :40,"expand_num":0,"expand_size":0,"msg_uuid":"ba95122ea9f6ed0b018cddde390511909
    9b6d8ee9388dc16af4461a397ce0ad4"},
"RECORD":[
    {"Pay_no":"","segment":"Goods_addr","text":"物流写货物地址测试"}
    ],
"EXPAND" :[]
}

************************************************************
{
 "HEAD":{"tag":"MESG","version":65537,"sender_uuid":"user_label","receiver_uuid"
    :"record_acl","route":"write_access","flow":"QUERY","state":"MATCH","flag":"LOCA
    L","ljump":2,"rjump":1,"record_type":"RECORD_DEFINE","record_subtype":"WRITE","r
    ecord_num":1,"record_size":40,"expand_num":1,"expand_size":0,"msg_uuid":"ba95122
    ea9f6ed0b018cddde3905119099b6d8ee9388dc16af4461a397ce0ad4"},
"RECORD":[
    {"Pay_no":"","segment":"Goods_addr","text":"物流写货物地址测试"}
    ],
"EXPAND" :[
    {"data_size":0,"type":"LABEL_DEFINE","subtype":"USER","expand":
        {"user_name":"wuliu","role":"LOGISTICS"}
        }
    ]
}

************************************************************
{
 "HEAD":{"tag":"MESG","version":65537,"sender_uuid":"6538533df78913d3fe49892857d
    5a95a4618a9fd8885d143faa50ef21caf869b","receiver_uuid":"record_server","route":"
    record","flow":"QUERY","state":"MATCH","flag":"LOCAL","ljump":1,"rjump":2,"recor
    d_type":"RECORD_DEFINE","record_subtype":"WRITE","record_num":1,"record_size":40
    ,"expand_num":0,"expand_size":0,"msg_uuid":"d697da955572d39c0cb6600dbbe6395709d9
    a1c2d3c58e1fca7834cb30a1d32e"},
"RECORD":[
    {"Pay_no":"","segment":"Goods_addr","text":"物流写货物地址测试"}
    ],
"EXPAND" :[]
}

************************************************************
{
 "HEAD":{"tag":"MESG","version":65537,"sender_uuid":"record_server","receiver_uu
    id":"6538533df78913d3fe49892857d5a95a4618a9fd8885d143faa50ef21caf869b","route":"
    record","flow":"QUERY","state":"RESPONSE","flag":"NULL","ljump":2,"rjump":2,"rec
    ord_type":"USER_DEFINE","record_subtype":"RETURN","record_num":1,"record_size":0
    ,"expand_num":0,"expand_size":0,"msg_uuid":"d697da955572d39c0cb6600dbbe6395709d9
    a1c2d3c58e1fca7834cb30a1d32e"},
"RECORD":[
    {"return_code":"SUCCEED","return_info":"write data succeed!
"}
    ],
"EXPAND" :[]
}

************************************************************
{
 "HEAD":{"tag":"MESG","version":65537,"sender_uuid":"record_server","receiver_uu
    id":"recordlib","route":"store","flow":"DELIVER","state":"MATCH","flag":"LOCAL",
    "ljump":1,"rjump":1,"record_type":"MESSAGE","record_subtype":"TYPES","record_num
    ":1,"record_size":0,"expand_num":0,"expand_size":0,"msg_uuid":"e3685332046b36b33
    ddf2fac7f710bc840a8beb95b390c9013614c34ced0f6bf"},
"RECORD":[
    {"type":"RECORD_DEFINE","subtype":"RECORD"}
    ],
"EXPAND" :[]
}

************************************************************
{
 "HEAD":{"tag":"MESG","version":65537,"sender_uuid":"6538533df78913d3fe49892857d
    5a95a4618a9fd8885d143faa50ef21caf869b","receiver_uuid":"record_server","route":"
    record","flow":"QUERY","state":"MATCH","flag":"LOCAL","ljump":1,"rjump":2,"recor
    d_type":"RECORD_DEFINE","record_subtype":"READ","record_num":1,"record_size":49,
    "expand_num":0,"expand_size":0,"msg_uuid":"e53cefdf4157bd2bd916f2a05d1f1e9cb5d5c
    0d6715b14dd30e6644b4634bcf1"},
"RECORD":[
    {"Pay_no":"物流指定读的订单号（测试读权限）"}
    ],
"EXPAND" :[]
}

************************************************************
{
 "HEAD":{"tag":"MESG","version":65537,"sender_uuid":"6538533df78913d3fe49892857d
    5a95a4618a9fd8885d143faa50ef21caf869b","receiver_uuid":"user_label","route":"lab
    el_read","flow":"QUERY","state":"MATCH","flag":"LOCAL","ljump":1,"rjump":1,"reco
    rd_type":"RECORD_DEFINE","record_subtype":"READ","record_num":1,"record_size":49
    ,"expand_num":0,"expand_size":0,"msg_uuid":"6ea81bf2c0a521d2d201e1425e1ba185aae7
    e3e60892e247e98e73df8b173f6d"},
"RECORD":[
    {"Pay_no":"物流指定读的订单号（测试读权限）"}
    ],
"EXPAND" :[]
}

************************************************************
{
 "HEAD":{"tag":"MESG","version":65537,"sender_uuid":"6538533df78913d3fe49892857d
    5a95a4618a9fd8885d143faa50ef21caf869b","receiver_uuid":"record_server","route":"
    record","flow":"QUERY","state":"MATCH","flag":"LOCAL","ljump":1,"rjump":2,"recor
    d_type":"RECORD_DEFINE","record_subtype":"READ","record_num":1,"record_size":49,
    "expand_num":1,"expand_size":0,"msg_uuid":"e53cefdf4157bd2bd916f2a05d1f1e9cb5d5c
    0d6715b14dd30e6644b4634bcf1"},
"RECORD":[
    {"Pay_no":"物流指定读的订单号（测试读权限）"}
    ],
"EXPAND" :[
    {"data_size":0,"type":"LABEL_DEFINE","subtype":"USER","expand":
        {"user_name":"wuliu","role":"LOGISTICS"}
        }
    ]
}

************************************************************
{
 "HEAD":{"tag":"MESG","version":65537,"sender_uuid":"record_server","receiver_uu
    id":"6538533df78913d3fe49892857d5a95a4618a9fd8885d143faa50ef21caf869b","route":"
    record","flow":"QUERY","state":"RESPONSE","flag":"NULL","ljump":2,"rjump":2,"rec
    ord_type":"RECORD_DEFINE","record_subtype":"RECORD","record_num":1,"record_size"
    :0,"expand_num":1,"expand_size":0,"msg_uuid":"e53cefdf4157bd2bd916f2a05d1f1e9cb5
    d5c0d6715b14dd30e6644b4634bcf1"},
"RECORD":[
    {"Pay_no":"物流指定读的订单号（测试读权限）","Goods_name":"","Go
        ods_num":"","Rec_addr":"","Deli_addr":"","isSent":"","isReceived":"","Goods_addr
        ":"","isFinished":""}
    ],
"EXPAND" :[
    {"data_size":0,"type":"LABEL_DEFINE","subtype":"USER","expand":
        {"user_name":"wuliu","role":"LOGISTICS"}
        }
    ]
}

************************************************************
{
 "HEAD":{"tag":"MESG","version":65537,"sender_uuid":"record_server","receiver_uu
    id":"record_acl","route":"read_access","flow":"QUERY","state":"MATCH","flag":"LO
    CAL","ljump":1,"rjump":1,"record_type":"RECORD_DEFINE","record_subtype":"RECORD"
    ,"record_num":1,"record_size":0,"expand_num":1,"expand_size":0,"msg_uuid":"0d699
    b77a8fa3761fb8b2e8241065928b2319f89d282364ddb6a3af3adf84cd7"},
"RECORD":[
    {"Pay_no":"物流指定读的订单号（测试读权限）","Goods_name":"","Go
        ods_num":"","Rec_addr":"","Deli_addr":"","isSent":"","isReceived":"","Goods_addr
        ":"","isFinished":""}
    ],
"EXPAND" :[
    {"data_size":0,"type":"LABEL_DEFINE","subtype":"USER","expand":
        {"user_name":"wuliu","role":"LOGISTICS"}
        }
    ]
}

************************************************************
{
 "HEAD":{"tag":"MESG","version":65537,"sender_uuid":"record_server","receiver_uu
    id":"6538533df78913d3fe49892857d5a95a4618a9fd8885d143faa50ef21caf869b","route":"
    record","flow":"QUERY","state":"RESPONSE","flag":"NULL","ljump":2,"rjump":2,"rec
    ord_type":"RECORD_DEFINE","record_subtype":"RECORD","record_num":1,"record_size"
    :0,"expand_num":0,"expand_size":0,"msg_uuid":"e53cefdf4157bd2bd916f2a05d1f1e9cb5
    d5c0d6715b14dd30e6644b4634bcf1"},
"RECORD":[
    {"Pay_no":"物流指定读的订单号（测试读权限）","Goods_name":"*****
        ","Goods_num":"*****","Rec_addr":"","Deli_addr":"","isSent":"","isReceived":"","
        Goods_addr":"","isFinished":"*****"}
    ],
"EXPAND" :[]
}

************************************************************
