time: 0.000427 :read 3 elem from file /root/groupWork/cube-1.3/proc/main/base_define/namelist.json!
time: 0.000561 :read 4 elem from file /root/groupWork/cube-1.3/proc/main/base_define/dispatchnamelist.json!
time: 0.000661 :read 1 elem from file /root/groupWork/cube-1.3/proc/main/base_define/typelist.json!
time: 0.000908 :read 7 elem from file /root/groupWork/cube-1.3/proc/main/base_define/subtypelist.json!
time: 0.001001 :read 1 elem from file /root/groupWork/cube-1.3/proc/main/base_define/baseflag.json!
time: 0.001190 :read 3 elem from file /root/groupWork/cube-1.3/proc/main/base_define/memdb.json!
time: 0.001741 :read 7 elem from file /root/groupWork/cube-1.3/proc/main/base_define/msghead.json!
time: 0.002020 :read 2 elem from file /root/groupWork/cube-1.3/proc/main/base_define/msgrecord.json!
time: 0.002477 :read 10 elem from file /root/groupWork/cube-1.3/proc/main/base_define/base_msg.json!
time: 0.003651 :read 8 elem from file /root/groupWork/cube-1.3/proc/main/base_define/return.json!
time: 0.004052 :read 3 elem from file /root/groupWork/cube-1.3/proc/main/base_define/dispatchrecord.json!
time: 0.004198 :read 2 elem from file /root/groupWork/cube-1.3/proc/main/base_define/exmoduledefine.json!
time: 0.004323 :read 1 elem from file /root/groupWork/cube-1.3/proc/main/base_define/sys_conn.json!
time: 0.004939 :read 9 elem from file user_define.json!
time: 0.005242 :read 5 elem from file record_define.json!
time: 0.005431 :read 4 elem from file label_define.json!
time: 0.005543 :read 5 elem from file user.list!
time: 0.023077 :this machine's local uuid is bad5f91dead22e2249193df8600d4d785bef917ac9a8c11d2bbfe9823e76ed93

time: 0.029355 :read 1 connector!

time: 0.029410 :conn server user_server begin to listen!

time: 0.029744 :read 3 policy from router_policy file!
time: 0.029991 :read 6 policy from aspect policy file!
time: 0.030081 :system plugin router_proc is prepared!
time: 0.036030 :system plugin connector_proc is prepared!
time: 0.036188 :ex_module connector_proc started successfully!
time: 0.036281 :ex_module router_proc started successfully!
time: 0.036343 :ex_module user_server started successfully!
time: 0.036395 :ex_module record_server started successfully!
time: 0.036502 :ex_module user_label started successfully!
time: 0.036549 :ex_module record_acl started successfully!
time: 0.036605 :ex_module login_store started successfully!
time: 0.036629 :ex_module recordlib started successfully!
time: 0.036661 :instance load 8 module!

time: 0.036868 :read 0 lib files!

time: 1.038535 :create a new channel 580008c0!

time: 1.038699 :send 269 data to conn (null)!

time: 1.045533 :channel set name guke001!

time: 1.048430 :router get proc connector_proc's message 
time: 1.048549 :new msg match path addr_init's policy
time: 1.052524 :Add a new link, proc name guke001

time: 1.054088 :router get proc user_label's message 
time: 3.048801 :channel receive (12800 1) message from conn guke001!

time: 3.048866 :client forward (12800 1) message to main proc!

time: 3.053446 :router get proc connector_proc's message 
time: 3.053537 :remote msg match path login's policy
time: 3.053625 :aspect message to path addr_label's policy
time: 3.058847 :router get proc user_label's message 
time: 3.064697 :router get proc user_server's message 
time: 3.064971 :aspect message to path addr_verify's policy
time: 3.075689 :router get proc user_label's message 
time: 3.075910 :send message to conn process!
time: 3.081521 :send 199 data to conn guke001!

time: 3.081561 :send (12800  4)message 199 to conn guke001!

time: 4.051427 :channel receive (12816 3) message from conn guke001!

time: 4.051580 :client forward (12816 3) message to main proc!

time: 4.052478 :router get proc connector_proc's message 
time: 4.052525 :remote msg match path record's policy
time: 4.052671 :aspect message to path write_access's policy
time: 4.063809 :router get proc user_label's message 
time: 4.070021 :router get proc record_acl's message 
time: 4.075568 :router get proc record_server's message 
time: 4.075821 :send message to conn process!
time: 4.077902 :send 204 data to conn guke001!

time: 4.078009 :send (12800  4)message 204 to conn guke001!

time: 4.081735 :router get proc record_server's message 
time: 4.081783 :new msg match path store's policy
time: 4.086735 :recordlib begin proc store

time: 5.044372 :create a new channel 580013a0!

time: 5.044563 :send 270 data to conn (null)!

time: 5.050622 :channel receive (12816 3) message from conn guke001!

time: 5.050707 :client forward (12816 3) message to main proc!

time: 5.052601 :router get proc connector_proc's message 
time: 5.052748 :remote msg match path record's policy
time: 5.052868 :aspect message to path write_access's policy
time: 5.056734 :channel set name guke002!

time: 5.058557 :router get proc connector_proc's message 
time: 5.058655 :new msg match path addr_init's policy
time: 5.058668 :router get proc user_label's message 
time: 5.061581 :Add a new link, proc name guke002

time: 5.064613 :router get proc user_label's message 
time: 5.064679 :router get proc record_acl's message 
time: 5.075887 :router get proc record_server's message 
time: 5.076066 :send message to conn process!
time: 5.077099 :send 239 data to conn guke001!

time: 5.077158 :send (12800  4)message 239 to conn guke001!

time: 6.050270 :channel receive (12816 2) message from conn guke001!

time: 6.050347 :client forward (12816 2) message to main proc!

time: 6.053156 :router get proc connector_proc's message 
time: 6.053257 :remote msg match path record's policy
time: 6.053420 :aspect message to path label_read's policy
time: 6.065117 :router get proc user_label's message 
time: 6.077101 :router get proc record_server's message 
time: 6.077356 :aspect message to path read_access's policy
time: 6.089070 :router get proc record_acl's message 
time: 6.089321 :send message to conn process!
time: 6.096171 :send 311 data to conn guke001!

time: 6.096211 :send (12816  1)message 311 to conn guke001!

time: 7.052810 :channel receive (12800 1) message from conn guke002!

time: 7.052950 :client forward (12800 1) message to main proc!

time: 7.054801 :router get proc connector_proc's message 
time: 7.054885 :remote msg match path login's policy
time: 7.054972 :aspect message to path addr_label's policy
time: 7.060760 :router get proc user_label's message 
time: 7.066376 :router get proc user_server's message 
time: 7.066640 :aspect message to path addr_verify's policy
time: 7.071844 :router get proc user_label's message 
time: 7.072083 :send message to conn process!
time: 7.078141 :send 199 data to conn guke002!

time: 7.078310 :send (12800  4)message 199 to conn guke002!

time: 8.051179 :channel receive (12816 3) message from conn guke002!

time: 8.051245 :client forward (12816 3) message to main proc!

time: 8.054865 :router get proc connector_proc's message 
time: 8.054976 :remote msg match path record's policy
time: 8.055070 :aspect message to path write_access's policy
time: 8.060793 :router get proc user_label's message 
time: 8.066772 :router get proc record_acl's message 
time: 8.072546 :router get proc record_server's message 
time: 8.072708 :send message to conn process!
time: 8.072849 :send 204 data to conn guke002!

time: 8.072899 :send (12800  4)message 204 to conn guke002!

time: 8.078487 :router get proc record_server's message 
time: 8.078536 :new msg match path store's policy
time: 8.078684 :recordlib begin proc store

time: 9.045018 :create a new channel 580039b0!

time: 9.045202 :send 270 data to conn (null)!

time: 9.046071 :channel set name kefu!

time: 9.049983 :router get proc connector_proc's message 
time: 9.050072 :new msg match path addr_init's policy
time: 9.053261 :channel receive (12816 3) message from conn guke002!

time: 9.053371 :client forward (12816 3) message to main proc!

time: 9.056007 :Add a new link, proc name kefu

 message 
time: 9.056007 :Add a new link, proc name kefu

time: 9.056073 :remote msg match path record's policy
time: 9.056217 :aspect message to path write_access's policy
time: 9.062153 :router get proc user_label's message 
time: 9.067644 :router get proc user_label's message 
time: 9.073027 :router get proc record_acl's message 
time: 9.084912 :router get proc record_server's message 
time: 9.085152 :send message to conn process!
time: 9.089930 :send 239 data to conn guke002!

time: 9.089971 :send (12800  4)message 239 to conn guke002!

time: 10.048093 :channel receive (12816 2) message from conn guke002!

time: 10.048186 :client forward (12816 2) message to main proc!

time: 10.052042 :router get proc connector_proc's message 
time: 10.052120 :remote msg match path record's policy
time: 10.052251 :aspect message to path label_read's policy
time: 10.058065 :router get proc user_label's message 
time: 10.063735 :router get proc record_server's message 
time: 10.063929 :aspect message to path read_access's policy
time: 10.070019 :router get proc record_acl's message 
time: 10.070171 :send message to conn process!
time: 10.077127 :send 225 data to conn guke002!

time: 10.077168 :send (12816  1)message 225 to conn guke002!

time: 11.048393 :channel receive (12800 1) message from conn kefu!

time: 11.048442 :client forward (12800 1) message to main proc!

time: 11.053346 :router get proc connector_proc's message 
time: 11.053411 :remote msg match path login's policy
time: 11.053527 :aspect message to path addr_label's policy
time: 11.058759 :router get proc user_label's message 
time: 11.070183 :router get proc user_server's message 
time: 11.070470 :aspect message to path addr_verify's policy
time: 11.082163 :router get proc user_label's message 
time: 11.082402 :send message to conn process!
time: 11.083311 :send 199 data to conn kefu!

time: 11.083404 :send (12800  4)message 199 to conn kefu!

time: 12.056162 :channel receive (12816 3) message from conn kefu!

time: 12.056245 :client forward (12816 3) message to main proc!

time: 12.058029 :router get proc connector_proc's message 
time: 12.058085 :remote msg match path record's policy
time: 12.058230 :aspect message to path write_access's policy
time: 12.063777 :router get proc user_label's message 
time: 12.075018 :router get proc record_acl's message 
time: 12.086878 :router get proc record_server's message 
time: 12.087078 :send message to conn process!
time: 12.087842 :send 219 data to conn kefu!

time: 12.087872 :send (12800  4)message 219 to conn kefu!

time: 13.047609 :create a new channel 58007dd0!

time: 13.047725 :send 270 data to conn (null)!

time: 13.048262 :channel set name wuliu!

time: 13.050292 :router get proc connector_proc's message 
time: 13.050396 :new msg match path addr_init's policy
time: 13.055404 :channel receive (12816 3) message from conn kefu!

time: 13.055462 :Add a new link, proc name wuliu

time: 13.055512 :client forward (12816 3) message to main proc!

time: 13.056003 :router get proc connector_proc's message 
time: 13.056045 :remote msg match path record's policy
time: 13.056056 :router get proc user_label's message 
time: 13.056191 :aspect message to path write_access's policy
time: 13.062357 :router get proc user_label's message 
time: 13.068052 :router get proc record_acl's message 
time: 13.073907 :router get proc record_server's message 
time: 13.074090 :send message to conn process!
time: 13.079964 :router get proc record_server's message 
time: 13.080046 :new msg match path store's policy
time: 13.080072 :send 204 data to conn kefu!

time: 13.080106 :send (12800  4)message 204 to conn kefu!

time: 13.084998 :recordlib begin proc store

time: 15.053923 :channel receive (12800 1) message from conn wuliu!

time: 15.053995 :client forward (12800 1) message to main proc!

time: 15.058113 :router get proc connector_proc's message 
time: 15.058189 :remote msg match path login's policy
time: 15.058313 :aspect message to path addr_label's policy
time: 15.069111 :router get proc user_label's message 
time: 15.081394 :router get proc user_server's message 
time: 15.081698 :aspect message to path addr_verify's policy
time: 15.093053 :router get proc user_label's message 
time: 15.093278 :send message to conn process!
time: 15.093792 :send 199 data to conn wuliu!

time: 15.093820 :send (12800  4)message 199 to conn wuliu!

time: 16.049473 :channel receive (12816 3) message from conn wuliu!

time: 16.049583 :client forward (12816 3) message to main proc!

time: 16.052213 :router get proc connector_proc's message 
time: 16.052319 :remote msg match path record's policy
time: 16.052471 :aspect message to path write_access's policy
time: 16.058431 :router get proc user_label's message 
time: 16.069537 :router get proc record_acl's message 
time: 16.074973 :router get proc record_server's message 
time: 16.075223 :send message to conn process!
time: 16.079699 :send 219 data to conn wuliu!

time: 16.079753 :send (12800  4)message 219 to conn wuliu!

time: 17.050899 :create a new channel 58008c50!

time: 17.051062 :send 270 data to conn (null)!

time: 17.058859 :channel receive (12816 2) message from conn wuliu!

time: 17.058934 :client forward (12816 2) message to main proc!

time: 17.064802 :router get proc connector_proc's message 
time: 17.064885 :remote msg match path record's policy
time: 17.064973 :aspect message to path label_read's policy
time: 17.066886 :channel set name dianzhu!

time: 17.070556 :router get proc connector_proc's message 
time: 17.070626 :new msg match path addr_init's policy
time: 17.070637 :router get proc user_label's message 
time: 17.074948 :Add a new link, proc name dianzhu

time: 17.075944 :router get proc record_server's message 
time: 17.076057 :router get proc user_label's message 
time: 17.076195 :aspect message to path read_access's policy
time: 17.081789 :router get proc record_acl's message 
time: 17.082038 :send message to conn process!
time: 17.088843 :send 252 data to conn wuliu!

time: 17.088944 :send (12816  1)message 252 to conn wuliu!

time: 19.052504 :channel receive (12800 1) message from conn dianzhu!

time: 19.052567 :client forward (12800 1) message to main proc!

time: 19.052982 :router get proc connector_proc's message 
time: 19.053017 :remote msg match path login's policy
time: 19.053121 :aspect message to path addr_label's policy
time: 19.064199 :router get proc user_label's message 
time: 19.069903 :router get proc user_server's message 
time: 19.070069 :aspect message to path addr_verify's policy
time: 19.075237 :router get proc user_label's message 
time: 19.075393 :send message to conn process!
time: 19.077215 :send 199 data to conn dianzhu!

time: 19.077255 :send (12800  4)message 199 to conn dianzhu!

time: 20.056039 :channel receive (12816 3) message from conn dianzhu!

time: 20.056116 :client forward (12816 3) message to main proc!

time: 20.056383 :router get proc connector_proc's message 
time: 20.056475 :remote msg match path record's policy
time: 20.056618 :aspect message to path write_access's policy
time: 20.062027 :router get proc user_label's message 
time: 20.067682 :router get proc record_acl's message 
time: 20.073880 :router get proc record_server's message 
time: 20.074144 :send message to conn process!
time: 20.077433 :send 219 data to conn dianzhu!

time: 20.077505 :send (12800  4)message 219 to conn dianzhu!

time: 21.055812 :channel receive (12816 3) message from conn dianzhu!

time: 21.055908 :client forward (12816 3) message to main proc!

time: 21.055984 :router get proc connector_proc's message 
time: 21.056018 :remote msg match path record's policy
time: 21.056117 :aspect message to path write_access's policy
time: 21.067455 :router get proc user_label's message 
time: 21.072849 :router get proc record_acl's message 
