
**************Begin new trust node proc****************************
{
 "HEAD":{"tag":"MESG","version":65537,"sender_uuid":"","receiver_uuid":"user_lab
    el","route":"addr_init","flow":"DELIVER","state":"MATCH","flag":"LOCAL","ljump":
    1,"rjump":1,"record_type":"MESSAGE","record_subtype":"CONN_ACKI","record_num":1,
    "record_size":146,"expand_num":0,"expand_size":0,"msg_uuid":"dc5f0f684274eb4d745
    b4dca7ad60f01f472c407ce42807b666db5c21fd19362"},
"RECORD":[
    {"uuid":"bad5f91dead22e2249193df8600d4d785bef917ac9a8c11d2bbfe9823e76ed93","clie
        nt_name":"guke1","client_proc":"guke1","client_addr":"unknown addr","server_uuid
        ":"bad5f91dead22e2249193df8600d4d785bef917ac9a8c11d2bbfe9823e76ed93","server_nam
        e":"server","service":"trust_server","server_addr":"","flags":0,"nonce":""}
    ],
"EXPAND" :[]
}

************************************************************
{
 "HEAD":{"tag":"MESG","version":65537,"sender_uuid":"user_label","receiver_uuid"
    :"","route":"addr_init","flow":"DELIVER","state":"MATCH","flag":"LOCAL","ljump":
    2,"rjump":1,"record_type":"MESSAGE","record_subtype":"CONN_ACKI","record_num":1,
    "record_size":146,"expand_num":0,"expand_size":0,"msg_uuid":"dc5f0f684274eb4d745
    b4dca7ad60f01f472c407ce42807b666db5c21fd19362"},
"RECORD":[
    {"uuid":"bad5f91dead22e2249193df8600d4d785bef917ac9a8c11d2bbfe9823e76ed93","clie
        nt_name":"guke1","client_proc":"guke1","client_addr":"unknown addr","server_uuid
        ":"bad5f91dead22e2249193df8600d4d785bef917ac9a8c11d2bbfe9823e76ed93","server_nam
        e":"server","service":"trust_server","server_addr":"","flags":0,"nonce":""}
    ],
"EXPAND" :[]
}

************************************************************
{
 "HEAD":{"tag":"MESG","version":65537,"sender_uuid":"2c89e4d4da30883b609124ede44
    a0c588919030b7d599dbbfdc7d575a7302da0","receiver_uuid":"user_server","route":"lo
    gin","flow":"QUERY","state":"MATCH","flag":"LOCAL","ljump":1,"rjump":2,"record_t
    ype":"USER_DEFINE","record_subtype":"LOGIN","record_num":1,"record_size":102,"ex
    pand_num":0,"expand_size":0,"msg_uuid":"e486f2fa93298892d5e65d0929f114ef66cb5aaa
    5a76a0f58daa33852297af89"},
"RECORD":[
    {"user_name":"guke1","passwd":"pwguke1","proc_name":"","machine_uuid":""}
    ],
"EXPAND" :[]
}

************************************************************
{
 "HEAD":{"tag":"MESG","version":65537,"sender_uuid":"2c89e4d4da30883b609124ede44
    a0c588919030b7d599dbbfdc7d575a7302da0","receiver_uuid":"user_label","route":"add
    r_label","flow":"QUERY","state":"MATCH","flag":"LOCAL","ljump":1,"rjump":1,"reco
    rd_type":"USER_DEFINE","record_subtype":"LOGIN","record_num":1,"record_size":102
    ,"expand_num":0,"expand_size":0,"msg_uuid":"d5088d05e48a95afffdd8e9936155d7f41f9
    883e8d71190ebeb008f9136ced5a"},
"RECORD":[
    {"user_name":"guke1","passwd":"pwguke1","proc_name":"","machine_uuid":""}
    ],
"EXPAND" :[]
}

************************************************************
{
 "HEAD":{"tag":"MESG","version":65537,"sender_uuid":"2c89e4d4da30883b609124ede44
    a0c588919030b7d599dbbfdc7d575a7302da0","receiver_uuid":"user_server","route":"lo
    gin","flow":"QUERY","state":"MATCH","flag":"LOCAL","ljump":1,"rjump":2,"record_t
    ype":"USER_DEFINE","record_subtype":"LOGIN","record_num":1,"record_size":102,"ex
    pand_num":1,"expand_size":0,"msg_uuid":"e486f2fa93298892d5e65d0929f114ef66cb5aaa
    5a76a0f58daa33852297af89"},
"RECORD":[
    {"user_name":"guke1","passwd":"pwguke1","proc_name":"","machine_uuid":""}
    ],
"EXPAND" :[
    {"data_size":0,"type":"LABEL_DEFINE","subtype":"ADDR","expand":
        {"node_uuid":"bad5f91dead22e2249193df8600d4d785bef917ac9a8c11d2bbfe9823e76ed93",
            "proc_name":"guke1","user_name":"guke1","role":"NULL"}
        }
    ]
}

************************************************************
{
 "HEAD":{"tag":"MESG","version":65537,"sender_uuid":"user_server","receiver_uuid
    ":"2c89e4d4da30883b609124ede44a0c588919030b7d599dbbfdc7d575a7302da0","route":"lo
    gin","flow":"QUERY","state":"RESPONSE","flag":"NULL","ljump":2,"rjump":2,"record
    _type":"USER_DEFINE","record_subtype":"RETURN","record_num":1,"record_size":0,"e
    xpand_num":1,"expand_size":0,"msg_uuid":"e486f2fa93298892d5e65d0929f114ef66cb5aa
    a5a76a0f58daa33852297af89"},
"RECORD":[
    {"return_code":"SUCCEED","return_info":"login succeed!"}
    ],
"EXPAND" :[
    {"data_size":0,"type":"LABEL_DEFINE","subtype":"ADDR","expand":
        {"node_uuid":"bad5f91dead22e2249193df8600d4d785bef917ac9a8c11d2bbfe9823e76ed93",
            "proc_name":"guke1","user_name":"guke1","role":"NULL"}
        }
    ]
}

************************************************************
{
 "HEAD":{"tag":"MESG","version":65537,"sender_uuid":"user_server","receiver_uuid
    ":"user_label","route":"addr_verify","flow":"QUERY","state":"MATCH","flag":"LOCA
    L","ljump":1,"rjump":1,"record_type":"USER_DEFINE","record_subtype":"RETURN","re
    cord_num":1,"record_size":0,"expand_num":1,"expand_size":0,"msg_uuid":"f37ec2c2e
    0c61ea2ba87dc73891608f95a199bbf754aa6e04539be785d8ef50d"},
"RECORD":[
    {"return_code":"SUCCEED","return_info":"login succeed!"}
    ],
"EXPAND" :[
    {"data_size":0,"type":"LABEL_DEFINE","subtype":"ADDR","expand":
        {"node_uuid":"bad5f91dead22e2249193df8600d4d785bef917ac9a8c11d2bbfe9823e76ed93",
            "proc_name":"guke1","user_name":"guke1","role":"NULL"}
        }
    ]
}

************************************************************
{
 "HEAD":{"tag":"MESG","version":65537,"sender_uuid":"user_server","receiver_uuid
    ":"2c89e4d4da30883b609124ede44a0c588919030b7d599dbbfdc7d575a7302da0","route":"lo
    gin","flow":"QUERY","state":"RESPONSE","flag":"NULL","ljump":2,"rjump":2,"record
    _type":"USER_DEFINE","record_subtype":"RETURN","record_num":1,"record_size":0,"e
    xpand_num":0,"expand_size":0,"msg_uuid":"e486f2fa93298892d5e65d0929f114ef66cb5aa
    a5a76a0f58daa33852297af89"},
"RECORD":[
    {"return_code":"SUCCEED","return_info":"login succeed!"}
    ],
"EXPAND" :[]
}

************************************************************
{
 "HEAD":{"tag":"MESG","version":65537,"sender_uuid":"2c89e4d4da30883b609124ede44
    a0c588919030b7d599dbbfdc7d575a7302da0","receiver_uuid":"record_server","route":"
    record","flow":"QUERY","state":"MATCH","flag":"LOCAL","ljump":1,"rjump":2,"recor
    d_type":"RECORD_DEFINE","record_subtype":"WRITE","record_num":1,"record_size":40
    ,"expand_num":0,"expand_size":0,"msg_uuid":"e4bef01a27647042d0e5211d8870eff40c79
    11999e0ce794dda8196d623cc580"},
"RECORD":[
    {"Pay_no":"","segment":"Goods_num","text":"È°æÂÆ¢1ÂÜôË¥ßÁâ©Êï∞ÈáèÊµãËØï"}
    ],
"EXPAND" :[]
}

************************************************************
{
 "HEAD":{"tag":"MESG","version":65537,"sender_uuid":"2c89e4d4da30883b609124ede44
    a0c588919030b7d599dbbfdc7d575a7302da0","receiver_uuid":"user_label","route":"wri
    te_access","flow":"QUERY","state":"MATCH","flag":"LOCAL","ljump":1,"rjump":1,"re
    cord_type":"RECORD_DEFINE","record_subtype":"WRITE","record_num":1,"record_size"
    :40,"expand_num":0,"expand_size":0,"msg_uuid":"ad0bf9fef5bcd5d00fbe30f00107b2265
    8728a955021203c77bcc31dcafd79bd"},
"RECORD":[
    {"Pay_no":"","segment":"Goods_num","text":"È°æÂÆ¢1ÂÜôË¥ßÁâ©Êï∞ÈáèÊµãËØï"}
    ],
"EXPAND" :[]
}

************************************************************
{
 "HEAD":{"tag":"MESG","version":65537,"sender_uuid":"user_label","receiver_uuid"
    :"record_acl","route":"write_access","flow":"QUERY","state":"MATCH","flag":"LOCA
    L","ljump":2,"rjump":1,"record_type":"RECORD_DEFINE","record_subtype":"WRITE","r
    ecord_num":1,"record_size":40,"expand_num":1,"expand_size":0,"msg_uuid":"ad0bf9f
    ef5bcd5d00fbe30f00107b22658728a955021203c77bcc31dcafd79bd"},
"RECORD":[
    {"Pay_no":"","segment":"Goods_num","text":"È°æÂÆ¢1ÂÜôË¥ßÁâ©Êï∞ÈáèÊµãËØï"}
    ],
"EXPAND" :[
    {"data_size":0,"type":"LABEL_DEFINE","subtype":"USER","expand":
        {"user_name":"guke1","role":"CUSTOMER"}
        }
    ]
}

************************************************************
{
 "HEAD":{"tag":"MESG","version":65537,"sender_uuid":"2c89e4d4da30883b609124ede44
    a0c588919030b7d599dbbfdc7d575a7302da0","receiver_uuid":"record_server","route":"
    record","flow":"QUERY","state":"MATCH","flag":"LOCAL","ljump":1,"rjump":2,"recor
    d_type":"RECORD_DEFINE","record_subtype":"WRITE","record_num":1,"record_size":40
    ,"expand_num":0,"expand_size":0,"msg_uuid":"e4bef01a27647042d0e5211d8870eff40c79
    11999e0ce794dda8196d623cc580"},
"RECORD":[
    {"Pay_no":"","segment":"Goods_num","text":"È°æÂÆ¢1ÂÜôË¥ßÁâ©Êï∞ÈáèÊµãËØï"}
    ],
"EXPAND" :[]
}

************************************************************
{
 "HEAD":{"tag":"MESG","version":65537,"sender_uuid":"record_server","receiver_uu
    id":"2c89e4d4da30883b609124ede44a0c588919030b7d599dbbfdc7d575a7302da0","route":"
    record","flow":"QUERY","state":"RESPONSE","flag":"NULL","ljump":2,"rjump":2,"rec
    ord_type":"USER_DEFINE","record_subtype":"RETURN","record_num":1,"record_size":0
    ,"expand_num":0,"expand_size":0,"msg_uuid":"e4bef01a27647042d0e5211d8870eff40c79
    11999e0ce794dda8196d623cc580"},
"RECORD":[
    {"return_code":"SUCCEED","return_info":"write data succeed!"}
    ],
"EXPAND" :[]
}

************************************************************
{
 "HEAD":{"tag":"MESG","version":65537,"sender_uuid":"record_server","receiver_uu
    id":"recordlib","route":"store","flow":"DELIVER","state":"MATCH","flag":"LOCAL",
    "ljump":1,"rjump":1,"record_type":"MESSAGE","record_subtype":"TYPES","record_num
    ":1,"record_size":0,"expand_num":0,"expand_size":0,"msg_uuid":"0ccc0370a0c7aef64
    aece3c0e8d43fe38cc73c7577d81bdc690d470d233dad7a"},
"RECORD":[
    {"type":"RECORD_DEFINE","subtype":"RECORD"}
    ],
"EXPAND" :[]
}

************************************************************
{
 "HEAD":{"tag":"MESG","version":65537,"sender_uuid":"2c89e4d4da30883b609124ede44
    a0c588919030b7d599dbbfdc7d575a7302da0","receiver_uuid":"record_server","route":"
    record","flow":"QUERY","state":"MATCH","flag":"LOCAL","ljump":1,"rjump":2,"recor
    d_type":"RECORD_DEFINE","record_subtype":"READ","record_num":1,"record_size":35,
    "expand_num":0,"expand_size":0,"msg_uuid":"dd89a825276500688f3fa456580c62365075b
    1fa6c2566bbc32fca4ebac904c9"},
"RECORD":[
    {"Pay_no":"guke2__È°æÂÆ¢ÊåáÂÆöËØªÁöÑËÆ¢ÂçïÂè∑"}
    ],
"EXPAND" :[]
}

************************************************************
{
 "HEAD":{"tag":"MESG","version":65537,"sender_uuid":"2c89e4d4da30883b609124ede44
    a0c588919030b7d599dbbfdc7d575a7302da0","receiver_uuid":"user_label","route":"lab
    el_read","flow":"QUERY","state":"MATCH","flag":"LOCAL","ljump":1,"rjump":1,"reco
    rd_type":"RECORD_DEFINE","record_subtype":"READ","record_num":1,"record_size":35
    ,"expand_num":0,"expand_size":0,"msg_uuid":"287a987daa857d0cc3e8617529f4e3f5f8b7
    63524421993b3fb69cb862f9b868"},
"RECORD":[
    {"Pay_no":"guke2__È°æÂÆ¢ÊåáÂÆöËØªÁöÑËÆ¢ÂçïÂè∑"}
    ],
"EXPAND" :[]
}

************************************************************
{
 "HEAD":{"tag":"MESG","version":65537,"sender_uuid":"","receiver_uuid":"user_lab
    el","route":"addr_init","flow":"DELIVER","state":"MATCH","flag":"LOCAL","ljump":
    1,"rjump":1,"record_type":"MESSAGE","record_subtype":"CONN_ACKI","record_num":1,
    "record_size":147,"expand_num":0,"expand_size":0,"msg_uuid":"41e2d1142967b789ec8
    d0b270cdcafeaa00d68e84cf977db74756812d62aa605"},
"RECORD":[
    {"uuid":"bad5f91dead22e2249193df8600d4d785bef917ac9a8c11d2bbfe9823e76ed93","clie
        nt_name":"guke2","client_proc":"guke2","client_addr":"unknown addr","server_uuid
        ":"bad5f91dead22e2249193df8600d4d785bef917ac9a8c11d2bbfe9823e76ed93","server_nam
        e":"server","service":"trust_server","server_addr":"x","flags":0,"nonce":""}
    ],
"EXPAND" :[]
}

************************************************************
{
 "HEAD":{"tag":"MESG","version":65537,"sender_uuid":"2c89e4d4da30883b609124ede44
    a0c588919030b7d599dbbfdc7d575a7302da0","receiver_uuid":"record_server","route":"
    record","flow":"QUERY","state":"MATCH","flag":"LOCAL","ljump":1,"rjump":2,"recor
    d_type":"RECORD_DEFINE","record_subtype":"READ","record_num":1,"record_size":35,
    "expand_num":1,"expand_size":0,"msg_uuid":"dd89a825276500688f3fa456580c62365075b
    1fa6c2566bbc32fca4ebac904c9"},
"RECORD":[
    {"Pay_no":"guke2__È°æÂÆ¢ÊåáÂÆöËØªÁöÑËÆ¢ÂçïÂè∑"}
    ],
"EXPAND" :[
    {"data_size":0,"type":"LABEL_DEFINE","subtype":"USER","expand":
        {"user_name":"guke1","role":"CUSTOMER"}
        }
    ]
}

************************************************************
{
 "HEAD":{"tag":"MESG","version":65537,"sender_uuid":"record_server","receiver_uu
    id":"2c89e4d4da30883b609124ede44a0c588919030b7d599dbbfdc7d575a7302da0","route":"
    record","flow":"QUERY","state":"RESPONSE","flag":"NULL","ljump":2,"rjump":2,"rec
    ord_type":"RECORD_DEFINE","record_subtype":"RECORD","record_num":1,"record_size"
    :0,"expand_num":1,"expand_size":0,"msg_uuid":"dd89a825276500688f3fa456580c623650
    75b1fa6c2566bbc32fca4ebac904c9"},
"RECORD":[
    {"Pay_no":"guke2__È°æÂÆ¢ÊåáÂÆöËØªÁöÑËÆ¢ÂçïÂè∑","Goods_name":"","Goods_num":"","R
        ec_addr":"","Deli_addr":"","isSent":"","isReceived":"","Goods_addr":"","isFinish
        ed":""}
    ],
"EXPAND" :[
    {"data_size":0,"type":"LABEL_DEFINE","subtype":"USER","expand":
        {"user_name":"guke1","role":"CUSTOMER"}
        }
    ]
}

************************************************************
{
 "HEAD":{"tag":"MESG","version":65537,"sender_uuid":"user_label","receiver_uuid"
    :"","route":"addr_init","flow":"DELIVER","state":"MATCH","flag":"LOCAL","ljump":
    2,"rjump":1,"record_type":"MESSAGE","record_subtype":"CONN_ACKI","record_num":1,
    "record_size":147,"expand_num":0,"expand_size":0,"msg_uuid":"41e2d1142967b789ec8
    d0b270cdcafeaa00d68e84cf977db74756812d62aa605"},
"RECORD":[
    {"uuid":"bad5f91dead22e2249193df8600d4d785bef917ac9a8c11d2bbfe9823e76ed93","clie
        nt_name":"guke2","client_proc":"guke2","client_addr":"unknown addr","server_uuid
        ":"bad5f91dead22e2249193df8600d4d785bef917ac9a8c11d2bbfe9823e76ed93","server_nam
        e":"server","service":"trust_server","server_addr":"x","flags":0,"nonce":""}
    ],
"EXPAND" :[]
}

************************************************************
{
 "HEAD":{"tag":"MESG","version":65537,"sender_uuid":"record_server","receiver_uu
    id":"record_acl","route":"read_access","flow":"QUERY","state":"MATCH","flag":"LO
    CAL","ljump":1,"rjump":1,"record_type":"RECORD_DEFINE","record_subtype":"RECORD"
    ,"record_num":1,"record_size":0,"expand_num":1,"expand_size":0,"msg_uuid":"dedc5
    63a2ae10f51071defaf624a0d779caf7149a420b5c523f3826e9895539e"},
"RECORD":[
    {"Pay_no":"guke2__È°æÂÆ¢ÊåáÂÆöËØªÁöÑËÆ¢ÂçïÂè∑","Goods_name":"","Goods_num":"","R
        ec_addr":"","Deli_addr":"","isSent":"","isReceived":"","Goods_addr":"","isFinish
        ed":""}
    ],
"EXPAND" :[
    {"data_size":0,"type":"LABEL_DEFINE","subtype":"USER","expand":
        {"user_name":"guke1","role":"CUSTOMER"}
        }
    ]
}

************************************************************
{
 "HEAD":{"tag":"MESG","version":65537,"sender_uuid":"record_server","receiver_uu
    id":"2c89e4d4da30883b609124ede44a0c588919030b7d599dbbfdc7d575a7302da0","route":"
    record","flow":"QUERY","state":"RESPONSE","flag":"NULL","ljump":2,"rjump":2,"rec
    ord_type":"RECORD_DEFINE","record_subtype":"RECORD","record_num":1,"record_size"
    :0,"expand_num":0,"expand_size":0,"msg_uuid":"dd89a825276500688f3fa456580c623650
    75b1fa6c2566bbc32fca4ebac904c9"},
"RECORD":[
    {"Pay_no":"guke2__È°æÂÆ¢ÊåáÂÆöËØªÁöÑËÆ¢ÂçïÂè∑","Goods_name":"You have NO AUTH to
         READ other customers' order!","Goods_num":"*****","Rec_addr":"*****","Deli_addr
        ":"*****","isSent":"*****","isReceived":"*****","Goods_addr":"*****","isFinished
        ":"*****"}
    ],
"EXPAND" :[]
}

************************************************************
{
 "HEAD":{"tag":"MESG","version":65537,"sender_uuid":"60c31f3db93cdd8bf57bb17dce6
    778085267361a3e0a14e5398ad51d3d8748f5","receiver_uuid":"user_server","route":"lo
    gin","flow":"QUERY","state":"MATCH","flag":"LOCAL","ljump":1,"rjump":2,"record_t
    ype":"USER_DEFINE","record_subtype":"LOGIN","record_num":1,"record_size":102,"ex
    pand_num":0,"expand_size":0,"msg_uuid":"17ca621bfb14ca236d3f2aeb9fa2d33050ecb98b
    d829c1a2245e5a23c26cb109"},
"RECORD":[
    {"user_name":"guke2","passwd":"pwguke2","proc_name":"","machine_uuid":""}
    ],
"EXPAND" :[]
}

************************************************************
{
 "HEAD":{"tag":"MESG","version":65537,"sender_uuid":"60c31f3db93cdd8bf57bb17dce6
    778085267361a3e0a14e5398ad51d3d8748f5","receiver_uuid":"user_label","route":"add
    r_label","flow":"QUERY","state":"MATCH","flag":"LOCAL","ljump":1,"rjump":1,"reco
    rd_type":"USER_DEFINE","record_subtype":"LOGIN","record_num":1,"record_size":102
    ,"expand_num":0,"expand_size":0,"msg_uuid":"0c08b4398e0361e84f7ce42a27a5085cf681
    0b04e9afb9abc1ebd8ccbcf814e5"},
"RECORD":[
    {"user_name":"guke2","passwd":"pwguke2","proc_name":"","machine_uuid":""}
    ],
"EXPAND" :[]
}

************************************************************
{
 "HEAD":{"tag":"MESG","version":65537,"sender_uuid":"60c31f3db93cdd8bf57bb17dce6
    778085267361a3e0a14e5398ad51d3d8748f5","receiver_uuid":"user_server","route":"lo
    gin","flow":"QUERY","state":"MATCH","flag":"LOCAL","ljump":1,"rjump":2,"record_t
    ype":"USER_DEFINE","record_subtype":"LOGIN","record_num":1,"record_size":102,"ex
    pand_num":1,"expand_size":0,"msg_uuid":"17ca621bfb14ca236d3f2aeb9fa2d33050ecb98b
    d829c1a2245e5a23c26cb109"},
"RECORD":[
    {"user_name":"guke2","passwd":"pwguke2","proc_name":"","machine_uuid":""}
    ],
"EXPAND" :[
    {"data_size":0,"type":"LABEL_DEFINE","subtype":"ADDR","expand":
        {"node_uuid":"bad5f91dead22e2249193df8600d4d785bef917ac9a8c11d2bbfe9823e76ed93",
            "proc_name":"guke2","user_name":"guke2","role":"NULL"}
        }
    ]
}

************************************************************
{
 "HEAD":{"tag":"MESG","version":65537,"sender_uuid":"user_server","receiver_uuid
    ":"60c31f3db93cdd8bf57bb17dce6778085267361a3e0a14e5398ad51d3d8748f5","route":"lo
    gin","flow":"QUERY","state":"RESPONSE","flag":"NULL","ljump":2,"rjump":2,"record
    _type":"USER_DEFINE","record_subtype":"RETURN","record_num":1,"record_size":0,"e
    xpand_num":1,"expand_size":0,"msg_uuid":"17ca621bfb14ca236d3f2aeb9fa2d33050ecb98
    bd829c1a2245e5a23c26cb109"},
"RECORD":[
    {"return_code":"SUCCEED","return_info":"login succeed!"}
    ],
"EXPAND" :[
    {"data_size":0,"type":"LABEL_DEFINE","subtype":"ADDR","expand":
        {"node_uuid":"bad5f91dead22e2249193df8600d4d785bef917ac9a8c11d2bbfe9823e76ed93",
            "proc_name":"guke2","user_name":"guke2","role":"NULL"}
        }
    ]
}

************************************************************
{
 "HEAD":{"tag":"MESG","version":65537,"sender_uuid":"user_server","receiver_uuid
    ":"user_label","route":"addr_verify","flow":"QUERY","state":"MATCH","flag":"LOCA
    L","ljump":1,"rjump":1,"record_type":"USER_DEFINE","record_subtype":"RETURN","re
    cord_num":1,"record_size":0,"expand_num":1,"expand_size":0,"msg_uuid":"0d9e62d6e
    d97aab1b8fdefb788c2c4283f2e0cfc8806d0e1e9bfaf89b97742dc"},
"RECORD":[
    {"return_code":"SUCCEED","return_info":"login succeed!"}
    ],
"EXPAND" :[
    {"data_size":0,"type":"LABEL_DEFINE","subtype":"ADDR","expand":
        {"node_uuid":"bad5f91dead22e2249193df8600d4d785bef917ac9a8c11d2bbfe9823e76ed93",
            "proc_name":"guke2","user_name":"guke2","role":"NULL"}
        }
    ]
}

************************************************************
{
 "HEAD":{"tag":"MESG","version":65537,"sender_uuid":"user_server","receiver_uuid
    ":"60c31f3db93cdd8bf57bb17dce6778085267361a3e0a14e5398ad51d3d8748f5","route":"lo
    gin","flow":"QUERY","state":"RESPONSE","flag":"NULL","ljump":2,"rjump":2,"record
    _type":"USER_DEFINE","record_subtype":"RETURN","record_num":1,"record_size":0,"e
    xpand_num":0,"expand_size":0,"msg_uuid":"17ca621bfb14ca236d3f2aeb9fa2d33050ecb98
    bd829c1a2245e5a23c26cb109"},
"RECORD":[
    {"return_code":"SUCCEED","return_info":"login succeed!"}
    ],
"EXPAND" :[]
}

************************************************************
{
 "HEAD":{"tag":"MESG","version":65537,"sender_uuid":"60c31f3db93cdd8bf57bb17dce6
    778085267361a3e0a14e5398ad51d3d8748f5","receiver_uuid":"record_server","route":"
    record","flow":"QUERY","state":"MATCH","flag":"LOCAL","ljump":1,"rjump":2,"recor
    d_type":"RECORD_DEFINE","record_subtype":"WRITE","record_num":1,"record_size":40
    ,"expand_num":0,"expand_size":0,"msg_uuid":"35a1d9c181e936fee9a139ec0827294c5a7a
    6c872e1808f6a752f33d3854426e"},
"RECORD":[
    {"Pay_no":"","segment":"Goods_num","text":"È°æÂÆ¢2ÂÜôË¥ßÁâ©Êï∞ÈáèÊµãËØï"}
    ],
"EXPAND" :[]
}

************************************************************
{
 "HEAD":{"tag":"MESG","version":65537,"sender_uuid":"60c31f3db93cdd8bf57bb17dce6
    778085267361a3e0a14e5398ad51d3d8748f5","receiver_uuid":"user_label","route":"wri
    te_access","flow":"QUERY","state":"MATCH","flag":"LOCAL","ljump":1,"rjump":1,"re
    cord_type":"RECORD_DEFINE","record_subtype":"WRITE","record_num":1,"record_size"
    :40,"expand_num":0,"expand_size":0,"msg_uuid":"b4a228d04b051c50f9e2756b887283330
    9fa2ad39950f2bf7d01197cf6d2a5c4"},
"RECORD":[
    {"Pay_no":"","segment":"Goods_num","text":"È°æÂÆ¢2ÂÜôË¥ßÁâ©Êï∞ÈáèÊµãËØï"}
    ],
"EXPAND" :[]
}

************************************************************
{
 "HEAD":{"tag":"MESG","version":65537,"sender_uuid":"user_label","receiver_uuid"
    :"record_acl","route":"write_access","flow":"QUERY","state":"MATCH","flag":"LOCA
    L","ljump":2,"rjump":1,"record_type":"RECORD_DEFINE","record_subtype":"WRITE","r
    ecord_num":1,"record_size":40,"expand_num":1,"expand_size":0,"msg_uuid":"b4a228d
    04b051c50f9e2756b8872833309fa2ad39950f2bf7d01197cf6d2a5c4"},
"RECORD":[
    {"Pay_no":"","segment":"Goods_num","text":"È°æÂÆ¢2ÂÜôË¥ßÁâ©Êï∞ÈáèÊµãËØï"}
    ],
"EXPAND" :[
    {"data_size":0,"type":"LABEL_DEFINE","subtype":"USER","expand":
        {"user_name":"guke2","role":"CUSTOMER"}
        }
    ]
}

************************************************************
{
 "HEAD":{"tag":"MESG","version":65537,"sender_uuid":"60c31f3db93cdd8bf57bb17dce6
    778085267361a3e0a14e5398ad51d3d8748f5","receiver_uuid":"record_server","route":"
    record","flow":"QUERY","state":"MATCH","flag":"LOCAL","ljump":1,"rjump":2,"recor
    d_type":"RECORD_DEFINE","record_subtype":"WRITE","record_num":1,"record_size":40
    ,"expand_num":0,"expand_size":0,"msg_uuid":"35a1d9c181e936fee9a139ec0827294c5a7a
    6c872e1808f6a752f33d3854426e"},
"RECORD":[
    {"Pay_no":"","segment":"Goods_num","text":"È°æÂÆ¢2ÂÜôË¥ßÁâ©Êï∞ÈáèÊµãËØï"}
    ],
"EXPAND" :[]
}

************************************************************
{
 "HEAD":{"tag":"MESG","version":65537,"sender_uuid":"record_server","receiver_uu
    id":"60c31f3db93cdd8bf57bb17dce6778085267361a3e0a14e5398ad51d3d8748f5","route":"
    record","flow":"QUERY","state":"RESPONSE","flag":"NULL","ljump":2,"rjump":2,"rec
    ord_type":"USER_DEFINE","record_subtype":"RETURN","record_num":1,"record_size":0
    ,"expand_num":0,"expand_size":0,"msg_uuid":"35a1d9c181e936fee9a139ec0827294c5a7a
    6c872e1808f6a752f33d3854426e"},
"RECORD":[
    {"return_code":"SUCCEED","return_info":"write data succeed!"}
    ],
"EXPAND" :[]
}

************************************************************
{
 "HEAD":{"tag":"MESG","version":65537,"sender_uuid":"record_server","receiver_uu
    id":"recordlib","route":"store","flow":"DELIVER","state":"MATCH","flag":"LOCAL",
    "ljump":1,"rjump":1,"record_type":"MESSAGE","record_subtype":"TYPES","record_num
    ":1,"record_size":0,"expand_num":0,"expand_size":0,"msg_uuid":"69b33096f03065626
    bdfc0d05581797f7c8622773c360c1048190e6dea0996fe"},
"RECORD":[
    {"type":"RECORD_DEFINE","subtype":"RECORD"}
    ],
"EXPAND" :[]
}

************************************************************
{
 "HEAD":{"tag":"MESG","version":65537,"sender_uuid":"","receiver_uuid":"user_lab
    el","route":"addr_init","flow":"DELIVER","state":"MATCH","flag":"LOCAL","ljump":
    1,"rjump":1,"record_type":"MESSAGE","record_subtype":"CONN_ACKI","record_num":1,
    "record_size":145,"expand_num":0,"expand_size":0,"msg_uuid":"ce5ae341d8dd8c6760d
    d1d2ccc339d14eed818859e51a9c3cf036b8203747cc8"},
"RECORD":[
    {"uuid":"bad5f91dead22e2249193df8600d4d785bef917ac9a8c11d2bbfe9823e76ed93","clie
        nt_name":"kefu","client_proc":"kefu","client_addr":"unknown addr","server_uuid":
        "bad5f91dead22e2249193df8600d4d785bef917ac9a8c11d2bbfe9823e76ed93","server_name"
        :"server","service":"trust_server","server_addr":"x","flags":0,"nonce":""}
    ],
"EXPAND" :[]
}

************************************************************
{
 "HEAD":{"tag":"MESG","version":65537,"sender_uuid":"user_label","receiver_uuid"
    :"","route":"addr_init","flow":"DELIVER","state":"MATCH","flag":"LOCAL","ljump":
    2,"rjump":1,"record_type":"MESSAGE","record_subtype":"CONN_ACKI","record_num":1,
    "record_size":145,"expand_num":0,"expand_size":0,"msg_uuid":"ce5ae341d8dd8c6760d
    d1d2ccc339d14eed818859e51a9c3cf036b8203747cc8"},
"RECORD":[
    {"uuid":"bad5f91dead22e2249193df8600d4d785bef917ac9a8c11d2bbfe9823e76ed93","clie
        nt_name":"kefu","client_proc":"kefu","client_addr":"unknown addr","server_uuid":
        "bad5f91dead22e2249193df8600d4d785bef917ac9a8c11d2bbfe9823e76ed93","server_name"
        :"server","service":"trust_server","server_addr":"x","flags":0,"nonce":""}
    ],
"EXPAND" :[]
}

************************************************************
{
 "HEAD":{"tag":"MESG","version":65537,"sender_uuid":"60c31f3db93cdd8bf57bb17dce6
    778085267361a3e0a14e5398ad51d3d8748f5","receiver_uuid":"record_server","route":"
    record","flow":"QUERY","state":"MATCH","flag":"LOCAL","ljump":1,"rjump":2,"recor
    d_type":"RECORD_DEFINE","record_subtype":"READ","record_num":1,"record_size":35,
    "expand_num":0,"expand_size":0,"msg_uuid":"968b699e8baf0ecec55492d9d5777e7c8266a
    e4c53a3263f419ccfcb3d7260ec"},
"RECORD":[
    {"Pay_no":"guke2__È°æÂÆ¢ÊåáÂÆöËØªÁöÑËÆ¢ÂçïÂè∑"}
    ],
"EXPAND" :[]
}

************************************************************
{
 "HEAD":{"tag":"MESG","version":65537,"sender_uuid":"60c31f3db93cdd8bf57bb17dce6
    778085267361a3e0a14e5398ad51d3d8748f5","receiver_uuid":"user_label","route":"lab
    el_read","flow":"QUERY","state":"MATCH","flag":"LOCAL","ljump":1,"rjump":1,"reco
    rd_type":"RECORD_DEFINE","record_subtype":"READ","record_num":1,"record_size":35
    ,"expand_num":0,"expand_size":0,"msg_uuid":"5088fc2ab756d1b95ff0352146769f1da4e5
    ff132904f2da56d48409e8cae0c3"},
"RECORD":[
    {"Pay_no":"guke2__È°æÂÆ¢ÊåáÂÆöËØªÁöÑËÆ¢ÂçïÂè∑"}
    ],
"EXPAND" :[]
}

************************************************************
{
 "HEAD":{"tag":"MESG","version":65537,"sender_uuid":"60c31f3db93cdd8bf57bb17dce6
    778085267361a3e0a14e5398ad51d3d8748f5","receiver_uuid":"record_server","route":"
    record","flow":"QUERY","state":"MATCH","flag":"LOCAL","ljump":1,"rjump":2,"recor
    d_type":"RECORD_DEFINE","record_subtype":"READ","record_num":1,"record_size":35,
    "expand_num":1,"expand_size":0,"msg_uuid":"968b699e8baf0ecec55492d9d5777e7c8266a
    e4c53a3263f419ccfcb3d7260ec"},
"RECORD":[
    {"Pay_no":"guke2__È°æÂÆ¢ÊåáÂÆöËØªÁöÑËÆ¢ÂçïÂè∑"}
    ],
"EXPAND" :[
    {"data_size":0,"type":"LABEL_DEFINE","subtype":"USER","expand":
        {"user_name":"guke2","role":"CUSTOMER"}
        }
    ]
}

************************************************************
{
 "HEAD":{"tag":"MESG","version":65537,"sender_uuid":"record_server","receiver_uu
    id":"60c31f3db93cdd8bf57bb17dce6778085267361a3e0a14e5398ad51d3d8748f5","route":"
    record","flow":"QUERY","state":"RESPONSE","flag":"NULL","ljump":2,"rjump":2,"rec
    ord_type":"RECORD_DEFINE","record_subtype":"RECORD","record_num":1,"record_size"
    :0,"expand_num":1,"expand_size":0,"msg_uuid":"968b699e8baf0ecec55492d9d5777e7c82
    66ae4c53a3263f419ccfcb3d7260ec"},
"RECORD":[
    {"Pay_no":"guke2__È°æÂÆ¢ÊåáÂÆöËØªÁöÑËÆ¢ÂçïÂè∑","Goods_name":"","Goods_num":"","R
        ec_addr":"","Deli_addr":"","isSent":"","isReceived":"","Goods_addr":"","isFinish
        ed":""}
    ],
"EXPAND" :[
    {"data_size":0,"type":"LABEL_DEFINE","subtype":"USER","expand":
        {"user_name":"guke2","role":"CUSTOMER"}
        }
    ]
}

************************************************************
{
 "HEAD":{"tag":"MESG","version":65537,"sender_uuid":"record_server","receiver_uu
    id":"record_acl","route":"read_access","flow":"QUERY","state":"MATCH","flag":"LO
    CAL","ljump":1,"rjump":1,"record_type":"RECORD_DEFINE","record_subtype":"RECORD"
    ,"record_num":1,"record_size":0,"expand_num":1,"expand_size":0,"msg_uuid":"07c30
    e3b07012df770c1f645536e5972413b5fc69edabd8fdda7f4ba5579e08d"},
"RECORD":[
    {"Pay_no":"guke2__È°æÂÆ¢ÊåáÂÆöËØªÁöÑËÆ¢ÂçïÂè∑","Goods_name":"","Goods_num":"","R
        ec_addr":"","Deli_addr":"","isSent":"","isReceived":"","Goods_addr":"","isFinish
        ed":""}
    ],
"EXPAND" :[
    {"data_size":0,"type":"LABEL_DEFINE","subtype":"USER","expand":
        {"user_name":"guke2","role":"CUSTOMER"}
        }
    ]
}

************************************************************
{
 "HEAD":{"tag":"MESG","version":65537,"sender_uuid":"record_server","receiver_uu
    id":"60c31f3db93cdd8bf57bb17dce6778085267361a3e0a14e5398ad51d3d8748f5","route":"
    record","flow":"QUERY","state":"RESPONSE","flag":"NULL","ljump":2,"rjump":2,"rec
    ord_type":"RECORD_DEFINE","record_subtype":"RECORD","record_num":1,"record_size"
    :0,"expand_num":0,"expand_size":0,"msg_uuid":"968b699e8baf0ecec55492d9d5777e7c82
    66ae4c53a3263f419ccfcb3d7260ec"},
"RECORD":[
    {"Pay_no":"guke2__È°æÂÆ¢ÊåáÂÆöËØªÁöÑËÆ¢ÂçïÂè∑","Goods_name":"","Goods_num":"","R
        ec_addr":"","Deli_addr":"","isSent":"","isReceived":"","Goods_addr":"","isFinish
        ed":""}
    ],
"EXPAND" :[]
}

************************************************************
{
 "HEAD":{"tag":"MESG","version":65537,"sender_uuid":"2d4d3de5e684af1fe763285e6c0
    458b69a325f322aa504fe2ec75d41b60885f3","receiver_uuid":"user_server","route":"lo
    gin","flow":"QUERY","state":"MATCH","flag":"LOCAL","ljump":1,"rjump":2,"record_t
    ype":"USER_DEFINE","record_subtype":"LOGIN","record_num":1,"record_size":101,"ex
    pand_num":0,"expand_size":0,"msg_uuid":"a3e24699a3f72ab109c297c5aa5cb33b173b7051
    fafc3556df6d8948470c3bc5"},
"RECORD":[
    {"user_name":"kefu","passwd":"pwkefu","proc_name":"","machine_uuid":""}
    ],
"EXPAND" :[]
}

************************************************************
{
 "HEAD":{"tag":"MESG","version":65537,"sender_uuid":"2d4d3de5e684af1fe763285e6c0
    458b69a325f322aa504fe2ec75d41b60885f3","receiver_uuid":"user_label","route":"add
    r_label","flow":"QUERY","state":"MATCH","flag":"LOCAL","ljump":1,"rjump":1,"reco
    rd_type":"USER_DEFINE","record_subtype":"LOGIN","record_num":1,"record_size":101
    ,"expand_num":0,"expand_size":0,"msg_uuid":"43611c1e671b84ccabfafaa28ae25165ede3
    04b7bf9fb596572b2920284bd28c"},
"RECORD":[
    {"user_name":"kefu","passwd":"pwkefu","proc_name":"","machine_uuid":""}
    ],
"EXPAND" :[]
}

************************************************************
{
 "HEAD":{"tag":"MESG","version":65537,"sender_uuid":"2d4d3de5e684af1fe763285e6c0
    458b69a325f322aa504fe2ec75d41b60885f3","receiver_uuid":"user_server","route":"lo
    gin","flow":"QUERY","state":"MATCH","flag":"LOCAL","ljump":1,"rjump":2,"record_t
    ype":"USER_DEFINE","record_subtype":"LOGIN","record_num":1,"record_size":101,"ex
    pand_num":1,"expand_size":0,"msg_uuid":"a3e24699a3f72ab109c297c5aa5cb33b173b7051
    fafc3556df6d8948470c3bc5"},
"RECORD":[
    {"user_name":"kefu","passwd":"pwkefu","proc_name":"","machine_uuid":""}
    ],
"EXPAND" :[
    {"data_size":0,"type":"LABEL_DEFINE","subtype":"ADDR","expand":
        {"node_uuid":"bad5f91dead22e2249193df8600d4d785bef917ac9a8c11d2bbfe9823e76ed93",
            "proc_name":"kefu","user_name":"kefu","role":"NULL"}
        }
    ]
}

************************************************************
{
 "HEAD":{"tag":"MESG","version":65537,"sender_uuid":"user_server","receiver_uuid
    ":"2d4d3de5e684af1fe763285e6c0458b69a325f322aa504fe2ec75d41b60885f3","route":"lo
    gin","flow":"QUERY","state":"RESPONSE","flag":"NULL","ljump":2,"rjump":2,"record
    _type":"USER_DEFINE","record_subtype":"RETURN","record_num":1,"record_size":0,"e
    xpand_num":1,"expand_size":0,"msg_uuid":"a3e24699a3f72ab109c297c5aa5cb33b173b705
    1fafc3556df6d8948470c3bc5"},
"RECORD":[
    {"return_code":"SUCCEED","return_info":"login succeed!"}
    ],
"EXPAND" :[
    {"data_size":0,"type":"LABEL_DEFINE","subtype":"ADDR","expand":
        {"node_uuid":"bad5f91dead22e2249193df8600d4d785bef917ac9a8c11d2bbfe9823e76ed93",
            "proc_name":"kefu","user_name":"kefu","role":"NULL"}
        }
    ]
}

************************************************************
{
 "HEAD":{"tag":"MESG","version":65537,"sender_uuid":"user_server","receiver_uuid
    ":"user_label","route":"addr_verify","flow":"QUERY","state":"MATCH","flag":"LOCA
    L","ljump":1,"rjump":1,"record_type":"USER_DEFINE","record_subtype":"RETURN","re
    cord_num":1,"record_size":0,"expand_num":1,"expand_size":0,"msg_uuid":"8fd2d4bd5
    bbf30eb78124abcd2b63882fbee702cc472ad5140945752c7bc5f37"},
"RECORD":[
    {"return_code":"SUCCEED","return_info":"login succeed!"}
    ],
"EXPAND" :[
    {"data_size":0,"type":"LABEL_DEFINE","subtype":"ADDR","expand":
        {"node_uuid":"bad5f91dead22e2249193df8600d4d785bef917ac9a8c11d2bbfe9823e76ed93",
            "proc_name":"kefu","user_name":"kefu","role":"NULL"}
        }
    ]
}

************************************************************
{
 "HEAD":{"tag":"MESG","version":65537,"sender_uuid":"user_server","receiver_uuid
    ":"2d4d3de5e684af1fe763285e6c0458b69a325f322aa504fe2ec75d41b60885f3","route":"lo
    gin","flow":"QUERY","state":"RESPONSE","flag":"NULL","ljump":2,"rjump":2,"record
    _type":"USER_DEFINE","record_subtype":"RETURN","record_num":1,"record_size":0,"e
    xpand_num":0,"expand_size":0,"msg_uuid":"a3e24699a3f72ab109c297c5aa5cb33b173b705
    1fafc3556df6d8948470c3bc5"},
"RECORD":[
    {"return_code":"SUCCEED","return_info":"login succeed!"}
    ],
"EXPAND" :[]
}

************************************************************
{
 "HEAD":{"tag":"MESG","version":65537,"sender_uuid":"2d4d3de5e684af1fe763285e6c0
    458b69a325f322aa504fe2ec75d41b60885f3","receiver_uuid":"record_server","route":"
    record","flow":"QUERY","state":"MATCH","flag":"LOCAL","ljump":1,"rjump":2,"recor
    d_type":"RECORD_DEFINE","record_subtype":"WRITE","record_num":1,"record_size":55
    ,"expand_num":0,"expand_size":0,"msg_uuid":"b6fb27edd607af8f4c8f9e284c0966748034
    c34614adf8b04a5d006a0d6f2e18"},
"RECORD":[
    {"Pay_no":"20200514210807guke2","segment":"Deli_addr","text":"ÂÆ¢ÊúçÂÜôÂèëË¥ßÂú∞
        ÊµãËØï"}
    ],
"EXPAND" :[]
}

************************************************************
{
 "HEAD":{"tag":"MESG","version":65537,"sender_uuid":"2d4d3de5e684af1fe763285e6c0
    458b69a325f322aa504fe2ec75d41b60885f3","receiver_uuid":"user_label","route":"wri
    te_access","flow":"QUERY","state":"MATCH","flag":"LOCAL","ljump":1,"rjump":1,"re
    cord_type":"RECORD_DEFINE","record_subtype":"WRITE","record_num":1,"record_size"
    :55,"expand_num":0,"expand_size":0,"msg_uuid":"f9fd71fe8e2558838d95039928e54218c
    2834f741b88aa6824472b1a012aa8c1"},
"RECORD":[
    {"Pay_no":"20200514210807guke2","segment":"Deli_addr","text":"ÂÆ¢ÊúçÂÜôÂèëË¥ßÂú∞
        ÊµãËØï"}
    ],
"EXPAND" :[]
}

************************************************************
{
 "HEAD":{"tag":"MESG","version":65537,"sender_uuid":"user_label","receiver_uuid"
    :"record_acl","route":"write_access","flow":"QUERY","state":"MATCH","flag":"LOCA
    L","ljump":2,"rjump":1,"record_type":"RECORD_DEFINE","record_subtype":"WRITE","r
    ecord_num":1,"record_size":55,"expand_num":1,"expand_size":0,"msg_uuid":"f9fd71f
    e8e2558838d95039928e54218c2834f741b88aa6824472b1a012aa8c1"},
"RECORD":[
    {"Pay_no":"20200514210807guke2","segment":"Deli_addr","text":"ÂÆ¢ÊúçÂÜôÂèëË¥ßÂú∞
        ÊµãËØï"}
    ],
"EXPAND" :[
    {"data_size":0,"type":"LABEL_DEFINE","subtype":"USER","expand":
        {"user_name":"kefu","role":"SUPPORT"}
        }
    ]
}

************************************************************
{
 "HEAD":{"tag":"MESG","version":65537,"sender_uuid":"2d4d3de5e684af1fe763285e6c0
    458b69a325f322aa504fe2ec75d41b60885f3","receiver_uuid":"record_server","route":"
    record","flow":"QUERY","state":"MATCH","flag":"LOCAL","ljump":1,"rjump":2,"recor
    d_type":"RECORD_DEFINE","record_subtype":"WRITE","record_num":1,"record_size":55
    ,"expand_num":0,"expand_size":0,"msg_uuid":"b6fb27edd607af8f4c8f9e284c0966748034
    c34614adf8b04a5d006a0d6f2e18"},
"RECORD":[
    {"Pay_no":"20200514210807guke2","segment":"Deli_addr","text":"ÂÆ¢ÊúçÂÜôÂèëË¥ßÂú∞
        ÊµãËØï"}
    ],
"EXPAND" :[]
}

************************************************************
{
 "HEAD":{"tag":"MESG","version":65537,"sender_uuid":"record_server","receiver_uu
    id":"2d4d3de5e684af1fe763285e6c0458b69a325f322aa504fe2ec75d41b60885f3","route":"
    record","flow":"QUERY","state":"RESPONSE","flag":"NULL","ljump":2,"rjump":2,"rec
    ord_type":"USER_DEFINE","record_subtype":"RETURN","record_num":1,"record_size":0
    ,"expand_num":0,"expand_size":0,"msg_uuid":"b6fb27edd607af8f4c8f9e284c0966748034
    c34614adf8b04a5d006a0d6f2e18"},
"RECORD":[
    {"return_code":"SUCCEED","return_info":"write data succeed!"}
    ],
"EXPAND" :[]
}

************************************************************
{
 "HEAD":{"tag":"MESG","version":65537,"sender_uuid":"record_server","receiver_uu
    id":"recordlib","route":"store","flow":"DELIVER","state":"MATCH","flag":"LOCAL",
    "ljump":1,"rjump":1,"record_type":"MESSAGE","record_subtype":"TYPES","record_num
    ":1,"record_size":0,"expand_num":0,"expand_size":0,"msg_uuid":"791f4e093b9ec791b
    ee293c43289504d8b6dbe95b6bd46ee981bbf2751f3c11b"},
"RECORD":[
    {"type":"RECORD_DEFINE","subtype":"RECORD"}
    ],
"EXPAND" :[]
}

************************************************************
{
 "HEAD":{"tag":"MESG","version":65537,"sender_uuid":"2d4d3de5e684af1fe763285e6c0
    458b69a325f322aa504fe2ec75d41b60885f3","receiver_uuid":"record_server","route":"
    record","flow":"QUERY","state":"MATCH","flag":"LOCAL","ljump":1,"rjump":2,"recor
    d_type":"RECORD_DEFINE","record_subtype":"WRITE","record_num":1,"record_size":43
    ,"expand_num":0,"expand_size":0,"msg_uuid":"a6e3ac13770d84887e01796a79f1adfcf276
    562387ac8c4a648c4b3be38525d6"},
"RECORD":[
    {"Pay_no":"20200514210807guke2","segment":"isSent","text":"Â§öÊ¨°ÂÜôÊµãËØï"}
    ],
"EXPAND" :[]
}

************************************************************
{
 "HEAD":{"tag":"MESG","version":65537,"sender_uuid":"2d4d3de5e684af1fe763285e6c0
    458b69a325f322aa504fe2ec75d41b60885f3","receiver_uuid":"user_label","route":"wri
    te_access","flow":"QUERY","state":"MATCH","flag":"LOCAL","ljump":1,"rjump":1,"re
    cord_type":"RECORD_DEFINE","record_subtype":"WRITE","record_num":1,"record_size"
    :43,"expand_num":0,"expand_size":0,"msg_uuid":"2552d5f0f8d8e463aac3e40b9fbe8e58f
    68d830b0280baa2e03549fb7dc6e2f2"},
"RECORD":[
    {"Pay_no":"20200514210807guke2","segment":"isSent","text":"Â§öÊ¨°ÂÜôÊµãËØï"}
    ],
"EXPAND" :[]
}

************************************************************
{
 "HEAD":{"tag":"MESG","version":65537,"sender_uuid":"","receiver_uuid":"user_lab
    el","route":"addr_init","flow":"DELIVER","state":"MATCH","flag":"LOCAL","ljump":
    1,"rjump":1,"record_type":"MESSAGE","record_subtype":"CONN_ACKI","record_num":1,
    "record_size":147,"expand_num":0,"expand_size":0,"msg_uuid":"27225f26564ab86901a
    25fb02b108934a422f3873969a8d80e0d3a95291174ec"},
"RECORD":[
    {"uuid":"bad5f91dead22e2249193df8600d4d785bef917ac9a8c11d2bbfe9823e76ed93","clie
        nt_name":"wuliu","client_proc":"wuliu","client_addr":"unknown addr","server_uuid
        ":"bad5f91dead22e2249193df8600d4d785bef917ac9a8c11d2bbfe9823e76ed93","server_nam
        e":"server","service":"trust_server","server_addr":"x","flags":0,"nonce":""}
    ],
"EXPAND" :[]
}

************************************************************
{
 "HEAD":{"tag":"MESG","version":65537,"sender_uuid":"user_label","receiver_uuid"
    :"record_acl","route":"write_access","flow":"QUERY","state":"MATCH","flag":"LOCA
    L","ljump":2,"rjump":1,"record_type":"RECORD_DEFINE","record_subtype":"WRITE","r
    ecord_num":1,"record_size":43,"expand_num":1,"expand_size":0,"msg_uuid":"2552d5f
    0f8d8e463aac3e40b9fbe8e58f68d830b0280baa2e03549fb7dc6e2f2"},
"RECORD":[
    {"Pay_no":"20200514210807guke2","segment":"isSent","text":"Â§öÊ¨°ÂÜôÊµãËØï"}
    ],
"EXPAND" :[
    {"data_size":0,"type":"LABEL_DEFINE","subtype":"USER","expand":
        {"user_name":"kefu","role":"SUPPORT"}
        }
    ]
}

************************************************************
{
 "HEAD":{"tag":"MESG","version":65537,"sender_uuid":"2d4d3de5e684af1fe763285e6c0
    458b69a325f322aa504fe2ec75d41b60885f3","receiver_uuid":"record_server","route":"
    record","flow":"QUERY","state":"MATCH","flag":"LOCAL","ljump":1,"rjump":2,"recor
    d_type":"RECORD_DEFINE","record_subtype":"WRITE","record_num":1,"record_size":43
    ,"expand_num":0,"expand_size":0,"msg_uuid":"a6e3ac13770d84887e01796a79f1adfcf276
    562387ac8c4a648c4b3be38525d6"},
"RECORD":[
    {"Pay_no":"20200514210807guke2","segment":"isSent","text":"Â§öÊ¨°ÂÜôÊµãËØï"}
    ],
"EXPAND" :[]
}

************************************************************
{
 "HEAD":{"tag":"MESG","version":65537,"sender_uuid":"record_server","receiver_uu
    id":"2d4d3de5e684af1fe763285e6c0458b69a325f322aa504fe2ec75d41b60885f3","route":"
    record","flow":"QUERY","state":"RESPONSE","flag":"NULL","ljump":2,"rjump":2,"rec
    ord_type":"USER_DEFINE","record_subtype":"RETURN","record_num":1,"record_size":0
    ,"expand_num":0,"expand_size":0,"msg_uuid":"a6e3ac13770d84887e01796a79f1adfcf276
    562387ac8c4a648c4b3be38525d6"},
"RECORD":[
    {"return_code":"SUCCEED","return_info":"write data succeed!"}
    ],
"EXPAND" :[]
}

************************************************************
{
 "HEAD":{"tag":"MESG","version":65537,"sender_uuid":"user_label","receiver_uuid"
    :"","route":"addr_init","flow":"DELIVER","state":"MATCH","flag":"LOCAL","ljump":
    2,"rjump":1,"record_type":"MESSAGE","record_subtype":"CONN_ACKI","record_num":1,
    "record_size":147,"expand_num":0,"expand_size":0,"msg_uuid":"27225f26564ab86901a
    25fb02b108934a422f3873969a8d80e0d3a95291174ec"},
"RECORD":[
    {"uuid":"bad5f91dead22e2249193df8600d4d785bef917ac9a8c11d2bbfe9823e76ed93","clie
        nt_name":"wuliu","client_proc":"wuliu","client_addr":"unknown addr","server_uuid
        ":"bad5f91dead22e2249193df8600d4d785bef917ac9a8c11d2bbfe9823e76ed93","server_nam
        e":"server","service":"trust_server","server_addr":"x","flags":0,"nonce":""}
    ],
"EXPAND" :[]
}

************************************************************
{
 "HEAD":{"tag":"MESG","version":65537,"sender_uuid":"record_server","receiver_uu
    id":"recordlib","route":"store","flow":"DELIVER","state":"MATCH","flag":"LOCAL",
    "ljump":1,"rjump":1,"record_type":"MESSAGE","record_subtype":"TYPES","record_num
    ":1,"record_size":0,"expand_num":0,"expand_size":0,"msg_uuid":"a79934a5dcc9a0edb
    367dad0cac1dc9db05ae0f463716352d7058f9978206dc8"},
"RECORD":[
    {"type":"RECORD_DEFINE","subtype":"RECORD"}
    ],
"EXPAND" :[]
}

************************************************************
{
 "HEAD":{"tag":"MESG","version":65537,"sender_uuid":"6538533df78913d3fe49892857d
    5a95a4618a9fd8885d143faa50ef21caf869b","receiver_uuid":"user_server","route":"lo
    gin","flow":"QUERY","state":"MATCH","flag":"LOCAL","ljump":1,"rjump":2,"record_t
    ype":"USER_DEFINE","record_subtype":"LOGIN","record_num":1,"record_size":102,"ex
    pand_num":0,"expand_size":0,"msg_uuid":"2176248f517e728ee55f32e2dacdc6b62ee4df36
    628e7ba61a08c80617720f67"},
"RECORD":[
    {"user_name":"wuliu","passwd":"pwwuliu","proc_name":"","machine_uuid":""}
    ],
"EXPAND" :[]
}

************************************************************
{
 "HEAD":{"tag":"MESG","version":65537,"sender_uuid":"6538533df78913d3fe49892857d
    5a95a4618a9fd8885d143faa50ef21caf869b","receiver_uuid":"user_label","route":"add
    r_label","flow":"QUERY","state":"MATCH","flag":"LOCAL","ljump":1,"rjump":1,"reco
    rd_type":"USER_DEFINE","record_subtype":"LOGIN","record_num":1,"record_size":102
    ,"expand_num":0,"expand_size":0,"msg_uuid":"020193c47423c2297943a2b036cbff389bd3
    21bf94fcd1fdf914010dc352419a"},
"RECORD":[
    {"user_name":"wuliu","passwd":"pwwuliu","proc_name":"","machine_uuid":""}
    ],
"EXPAND" :[]
}

************************************************************
{
 "HEAD":{"tag":"MESG","version":65537,"sender_uuid":"6538533df78913d3fe49892857d
    5a95a4618a9fd8885d143faa50ef21caf869b","receiver_uuid":"user_server","route":"lo
    gin","flow":"QUERY","state":"MATCH","flag":"LOCAL","ljump":1,"rjump":2,"record_t
    ype":"USER_DEFINE","record_subtype":"LOGIN","record_num":1,"record_size":102,"ex
    pand_num":1,"expand_size":0,"msg_uuid":"2176248f517e728ee55f32e2dacdc6b62ee4df36
    628e7ba61a08c80617720f67"},
"RECORD":[
    {"user_name":"wuliu","passwd":"pwwuliu","proc_name":"","machine_uuid":""}
    ],
"EXPAND" :[
    {"data_size":0,"type":"LABEL_DEFINE","subtype":"ADDR","expand":
        {"node_uuid":"bad5f91dead22e2249193df8600d4d785bef917ac9a8c11d2bbfe9823e76ed93",
            "proc_name":"wuliu","user_name":"wuliu","role":"NULL"}
        }
    ]
}

************************************************************
{
 "HEAD":{"tag":"MESG","version":65537,"sender_uuid":"user_server","receiver_uuid
    ":"6538533df78913d3fe49892857d5a95a4618a9fd8885d143faa50ef21caf869b","route":"lo
    gin","flow":"QUERY","state":"RESPONSE","flag":"NULL","ljump":2,"rjump":2,"record
    _type":"USER_DEFINE","record_subtype":"RETURN","record_num":1,"record_size":0,"e
    xpand_num":1,"expand_size":0,"msg_uuid":"2176248f517e728ee55f32e2dacdc6b62ee4df3
    6628e7ba61a08c80617720f67"},
"RECORD":[
    {"return_code":"SUCCEED","return_info":"login succeed!"}
    ],
"EXPAND" :[
    {"data_size":0,"type":"LABEL_DEFINE","subtype":"ADDR","expand":
        {"node_uuid":"bad5f91dead22e2249193df8600d4d785bef917ac9a8c11d2bbfe9823e76ed93",
            "proc_name":"wuliu","user_name":"wuliu","role":"NULL"}
        }
    ]
}

************************************************************
{
 "HEAD":{"tag":"MESG","version":65537,"sender_uuid":"user_server","receiver_uuid
    ":"user_label","route":"addr_verify","flow":"QUERY","state":"MATCH","flag":"LOCA
    L","ljump":1,"rjump":1,"record_type":"USER_DEFINE","record_subtype":"RETURN","re
    cord_num":1,"record_size":0,"expand_num":1,"expand_size":0,"msg_uuid":"433bf5951
    a746b66910e7a907444c9edcec56047130171512fdc906ef6b946c5"},
"RECORD":[
    {"return_code":"SUCCEED","return_info":"login succeed!"}
    ],
"EXPAND" :[
    {"data_size":0,"type":"LABEL_DEFINE","subtype":"ADDR","expand":
        {"node_uuid":"bad5f91dead22e2249193df8600d4d785bef917ac9a8c11d2bbfe9823e76ed93",
            "proc_name":"wuliu","user_name":"wuliu","role":"NULL"}
        }
    ]
}

************************************************************
{
 "HEAD":{"tag":"MESG","version":65537,"sender_uuid":"user_server","receiver_uuid
    ":"6538533df78913d3fe49892857d5a95a4618a9fd8885d143faa50ef21caf869b","route":"lo
    gin","flow":"QUERY","state":"RESPONSE","flag":"NULL","ljump":2,"rjump":2,"record
    _type":"USER_DEFINE","record_subtype":"RETURN","record_num":1,"record_size":0,"e
    xpand_num":0,"expand_size":0,"msg_uuid":"2176248f517e728ee55f32e2dacdc6b62ee4df3
    6628e7ba61a08c80617720f67"},
"RECORD":[
    {"return_code":"SUCCEED","return_info":"login succeed!"}
    ],
"EXPAND" :[]
}

************************************************************
{
 "HEAD":{"tag":"MESG","version":65537,"sender_uuid":"6538533df78913d3fe49892857d
    5a95a4618a9fd8885d143faa50ef21caf869b","receiver_uuid":"record_server","route":"
    record","flow":"QUERY","state":"MATCH","flag":"LOCAL","ljump":1,"rjump":2,"recor
    d_type":"RECORD_DEFINE","record_subtype":"WRITE","record_num":1,"record_size":59
    ,"expand_num":0,"expand_size":0,"msg_uuid":"bf75c28af4186b6b7b3b492e24f4fa1f2e65
    db5f0358a1b3745b096bf544d03a"},
"RECORD":[
    {"Pay_no":"20200514210807guke2","segment":"Goods_addr","text":"Áâ©ÊµÅÂÜôË¥ßÁâ©Âú
        ∞ÂùÄÊµãËØï"}
    ],
"EXPAND" :[]
}

************************************************************
{
 "HEAD":{"tag":"MESG","version":65537,"sender_uuid":"6538533df78913d3fe49892857d
    5a95a4618a9fd8885d143faa50ef21caf869b","receiver_uuid":"user_label","route":"wri
    te_access","flow":"QUERY","state":"MATCH","flag":"LOCAL","ljump":1,"rjump":1,"re
    cord_type":"RECORD_DEFINE","record_subtype":"WRITE","record_num":1,"record_size"
    :59,"expand_num":0,"expand_size":0,"msg_uuid":"8c6f6a11451aabbcbbeccf6f6c5f9adbc
    caa9a75cc185946bbf0a14497e95c91"},
"RECORD":[
    {"Pay_no":"20200514210807guke2","segment":"Goods_addr","text":"Áâ©ÊµÅÂÜôË¥ßÁâ©Âú
        ∞ÂùÄÊµãËØï"}
    ],
"EXPAND" :[]
}

************************************************************
{
 "HEAD":{"tag":"MESG","version":65537,"sender_uuid":"user_label","receiver_uuid"
    :"record_acl","route":"write_access","flow":"QUERY","state":"MATCH","flag":"LOCA
    L","ljump":2,"rjump":1,"record_type":"RECORD_DEFINE","record_subtype":"WRITE","r
    ecord_num":1,"record_size":59,"expand_num":1,"expand_size":0,"msg_uuid":"8c6f6a1
    1451aabbcbbeccf6f6c5f9adbccaa9a75cc185946bbf0a14497e95c91"},
"RECORD":[
    {"Pay_no":"20200514210807guke2","segment":"Goods_addr","text":"Áâ©ÊµÅÂÜôË¥ßÁâ©Âú
        ∞ÂùÄÊµãËØï"}
    ],
"EXPAND" :[
    {"data_size":0,"type":"LABEL_DEFINE","subtype":"USER","expand":
        {"user_name":"wuliu","role":"LOGISTICS"}
        }
    ]
}

************************************************************
{
 "HEAD":{"tag":"MESG","version":65537,"sender_uuid":"6538533df78913d3fe49892857d
    5a95a4618a9fd8885d143faa50ef21caf869b","receiver_uuid":"record_server","route":"
    record","flow":"QUERY","state":"MATCH","flag":"LOCAL","ljump":1,"rjump":2,"recor
    d_type":"RECORD_DEFINE","record_subtype":"WRITE","record_num":1,"record_size":59
    ,"expand_num":0,"expand_size":0,"msg_uuid":"bf75c28af4186b6b7b3b492e24f4fa1f2e65
    db5f0358a1b3745b096bf544d03a"},
"RECORD":[
    {"Pay_no":"20200514210807guke2","segment":"Goods_addr","text":"Áâ©ÊµÅÂÜôË¥ßÁâ©Âú
        ∞ÂùÄÊµãËØï"}
    ],
"EXPAND" :[]
}

************************************************************
{
 "HEAD":{"tag":"MESG","version":65537,"sender_uuid":"record_server","receiver_uu
    id":"6538533df78913d3fe49892857d5a95a4618a9fd8885d143faa50ef21caf869b","route":"
    record","flow":"QUERY","state":"RESPONSE","flag":"NULL","ljump":2,"rjump":2,"rec
    ord_type":"USER_DEFINE","record_subtype":"RETURN","record_num":1,"record_size":0
    ,"expand_num":0,"expand_size":0,"msg_uuid":"bf75c28af4186b6b7b3b492e24f4fa1f2e65
    db5f0358a1b3745b096bf544d03a"},
"RECORD":[
    {"return_code":"SUCCEED","return_info":"write data succeed!"}
    ],
"EXPAND" :[]
}

************************************************************
{
 "HEAD":{"tag":"MESG","version":65537,"sender_uuid":"record_server","receiver_uu
    id":"recordlib","route":"store","flow":"DELIVER","state":"MATCH","flag":"LOCAL",
    "ljump":1,"rjump":1,"record_type":"MESSAGE","record_subtype":"TYPES","record_num
    ":1,"record_size":0,"expand_num":0,"expand_size":0,"msg_uuid":"4b5757a2ad0f3272c
    81c2540c251b4bcad3da231a0239fc544c29f15fa8b2749"},
"RECORD":[
    {"type":"RECORD_DEFINE","subtype":"RECORD"}
    ],
"EXPAND" :[]
}

************************************************************
{
 "HEAD":{"tag":"MESG","version":65537,"sender_uuid":"","receiver_uuid":"user_lab
    el","route":"addr_init","flow":"DELIVER","state":"MATCH","flag":"LOCAL","ljump":
    1,"rjump":1,"record_type":"MESSAGE","record_subtype":"CONN_ACKI","record_num":1,
    "record_size":151,"expand_num":0,"expand_size":0,"msg_uuid":"a90c967c275db57b14d
    4012d8cbb59ec6de4230cc76aa26bf67565242d895872"},
"RECORD":[
    {"uuid":"bad5f91dead22e2249193df8600d4d785bef917ac9a8c11d2bbfe9823e76ed93","clie
        nt_name":"dianzhu","client_proc":"dianzhu","client_addr":"unknown addr","server_
        uuid":"bad5f91dead22e2249193df8600d4d785bef917ac9a8c11d2bbfe9823e76ed93","server
        _name":"server","service":"trust_server","server_addr":"x","flags":0,"nonce":""}
    ],
"EXPAND" :[]
}

************************************************************
{
 "HEAD":{"tag":"MESG","version":65537,"sender_uuid":"user_label","receiver_uuid"
    :"","route":"addr_init","flow":"DELIVER","state":"MATCH","flag":"LOCAL","ljump":
    2,"rjump":1,"record_type":"MESSAGE","record_subtype":"CONN_ACKI","record_num":1,
    "record_size":151,"expand_num":0,"expand_size":0,"msg_uuid":"a90c967c275db57b14d
    4012d8cbb59ec6de4230cc76aa26bf67565242d895872"},
"RECORD":[
    {"uuid":"bad5f91dead22e2249193df8600d4d785bef917ac9a8c11d2bbfe9823e76ed93","clie
        nt_name":"dianzhu","client_proc":"dianzhu","client_addr":"unknown addr","server_
        uuid":"bad5f91dead22e2249193df8600d4d785bef917ac9a8c11d2bbfe9823e76ed93","server
        _name":"server","service":"trust_server","server_addr":"x","flags":0,"nonce":""}
    ],
"EXPAND" :[]
}

************************************************************
{
 "HEAD":{"tag":"MESG","version":65537,"sender_uuid":"34f2e480a29b044a03f0ae111ec
    69ba5bef2ac4e157e3b1da58aa77925fb65f3","receiver_uuid":"user_server","route":"lo
    gin","flow":"QUERY","state":"MATCH","flag":"LOCAL","ljump":1,"rjump":2,"record_t
    ype":"USER_DEFINE","record_subtype":"LOGIN","record_num":1,"record_size":104,"ex
    pand_num":0,"expand_size":0,"msg_uuid":"1d593d606e0903f28bb2194486095d77101b9683
    9e133548658d3ade42a51788"},
"RECORD":[
    {"user_name":"dianzhu","passwd":"pwdianzhu","proc_name":"","machine_uuid":""}
    ],
"EXPAND" :[]
}

************************************************************
{
 "HEAD":{"tag":"MESG","version":65537,"sender_uuid":"34f2e480a29b044a03f0ae111ec
    69ba5bef2ac4e157e3b1da58aa77925fb65f3","receiver_uuid":"user_label","route":"add
    r_label","flow":"QUERY","state":"MATCH","flag":"LOCAL","ljump":1,"rjump":1,"reco
    rd_type":"USER_DEFINE","record_subtype":"LOGIN","record_num":1,"record_size":104
    ,"expand_num":0,"expand_size":0,"msg_uuid":"f8da7d20a1189e6b34e891019fbfbdd3f2a5
    d588a83070847500cb373b7d3765"},
"RECORD":[
    {"user_name":"dianzhu","passwd":"pwdianzhu","proc_name":"","machine_uuid":""}
    ],
"EXPAND" :[]
}

************************************************************
{
 "HEAD":{"tag":"MESG","version":65537,"sender_uuid":"34f2e480a29b044a03f0ae111ec
    69ba5bef2ac4e157e3b1da58aa77925fb65f3","receiver_uuid":"user_server","route":"lo
    gin","flow":"QUERY","state":"MATCH","flag":"LOCAL","ljump":1,"rjump":2,"record_t
    ype":"USER_DEFINE","record_subtype":"LOGIN","record_num":1,"record_size":104,"ex
    pand_num":1,"expand_size":0,"msg_uuid":"1d593d606e0903f28bb2194486095d77101b9683
    9e133548658d3ade42a51788"},
"RECORD":[
    {"user_name":"dianzhu","passwd":"pwdianzhu","proc_name":"","machine_uuid":""}
    ],
"EXPAND" :[
    {"data_size":0,"type":"LABEL_DEFINE","subtype":"ADDR","expand":
        {"node_uuid":"bad5f91dead22e2249193df8600d4d785bef917ac9a8c11d2bbfe9823e76ed93",
            "proc_name":"dianzhu","user_name":"dianzhu","role":"NULL"}
        }
    ]
}

************************************************************
{
 "HEAD":{"tag":"MESG","version":65537,"sender_uuid":"user_server","receiver_uuid
    ":"34f2e480a29b044a03f0ae111ec69ba5bef2ac4e157e3b1da58aa77925fb65f3","route":"lo
    gin","flow":"QUERY","state":"RESPONSE","flag":"NULL","ljump":2,"rjump":2,"record
    _type":"USER_DEFINE","record_subtype":"RETURN","record_num":1,"record_size":0,"e
    xpand_num":1,"expand_size":0,"msg_uuid":"1d593d606e0903f28bb2194486095d77101b968
    39e133548658d3ade42a51788"},
"RECORD":[
    {"return_code":"SUCCEED","return_info":"login succeed!"}
    ],
"EXPAND" :[
    {"data_size":0,"type":"LABEL_DEFINE","subtype":"ADDR","expand":
        {"node_uuid":"bad5f91dead22e2249193df8600d4d785bef917ac9a8c11d2bbfe9823e76ed93",
            "proc_name":"dianzhu","user_name":"dianzhu","role":"NULL"}
        }
    ]
}

************************************************************
{
 "HEAD":{"tag":"MESG","version":65537,"sender_uuid":"user_server","receiver_uuid
    ":"user_label","route":"addr_verify","flow":"QUERY","state":"MATCH","flag":"LOCA
    L","ljump":1,"rjump":1,"record_type":"USER_DEFINE","record_subtype":"RETURN","re
    cord_num":1,"record_size":0,"expand_num":1,"expand_size":0,"msg_uuid":"f27fe303f
    d901a51191b585d9319f5357767e8a0313d2886593cbb7d74c646d5"},
"RECORD":[
    {"return_code":"SUCCEED","return_info":"login succeed!"}
    ],
"EXPAND" :[
    {"data_size":0,"type":"LABEL_DEFINE","subtype":"ADDR","expand":
        {"node_uuid":"bad5f91dead22e2249193df8600d4d785bef917ac9a8c11d2bbfe9823e76ed93",
            "proc_name":"dianzhu","user_name":"dianzhu","role":"NULL"}
        }
    ]
}

************************************************************
{
 "HEAD":{"tag":"MESG","version":65537,"sender_uuid":"user_server","receiver_uuid
    ":"34f2e480a29b044a03f0ae111ec69ba5bef2ac4e157e3b1da58aa77925fb65f3","route":"lo
    gin","flow":"QUERY","state":"RESPONSE","flag":"NULL","ljump":2,"rjump":2,"record
    _type":"USER_DEFINE","record_subtype":"RETURN","record_num":1,"record_size":0,"e
    xpand_num":0,"expand_size":0,"msg_uuid":"1d593d606e0903f28bb2194486095d77101b968
    39e133548658d3ade42a51788"},
"RECORD":[
    {"return_code":"SUCCEED","return_info":"login succeed!"}
    ],
"EXPAND" :[]
}

************************************************************
{
 "HEAD":{"tag":"MESG","version":65537,"sender_uuid":"34f2e480a29b044a03f0ae111ec
    69ba5bef2ac4e157e3b1da58aa77925fb65f3","receiver_uuid":"record_server","route":"
    record","flow":"QUERY","state":"MATCH","flag":"LOCAL","ljump":1,"rjump":2,"recor
    d_type":"RECORD_DEFINE","record_subtype":"WRITE","record_num":1,"record_size":53
    ,"expand_num":0,"expand_size":0,"msg_uuid":"328b213cb5bb94097172c93e580ca0dea251
    1aea56b61d9a2da7b652bc9e2361"},
"RECORD":[
    {"Pay_no":"20200514210807guke2","segment":"isFinished","text":"SHOPKEEPER WRITE 
        TEST"}
    ],
"EXPAND" :[]
}

************************************************************
{
 "HEAD":{"tag":"MESG","version":65537,"sender_uuid":"34f2e480a29b044a03f0ae111ec
    69ba5bef2ac4e157e3b1da58aa77925fb65f3","receiver_uuid":"user_label","route":"wri
    te_access","flow":"QUERY","state":"MATCH","flag":"LOCAL","ljump":1,"rjump":1,"re
    cord_type":"RECORD_DEFINE","record_subtype":"WRITE","record_num":1,"record_size"
    :53,"expand_num":0,"expand_size":0,"msg_uuid":"42e288d4dde4393e09a61b69b2273e877
    7efdb952d32fc68ec839f35cb0e992c"},
"RECORD":[
    {"Pay_no":"20200514210807guke2","segment":"isFinished","text":"SHOPKEEPER WRITE 
        TEST"}
    ],
"EXPAND" :[]
}

************************************************************
{
 "HEAD":{"tag":"MESG","version":65537,"sender_uuid":"user_label","receiver_uuid"
    :"record_acl","route":"write_access","flow":"QUERY","state":"MATCH","flag":"LOCA
    L","ljump":2,"rjump":1,"record_type":"RECORD_DEFINE","record_subtype":"WRITE","r
    ecord_num":1,"record_size":53,"expand_num":1,"expand_size":0,"msg_uuid":"42e288d
    4dde4393e09a61b69b2273e8777efdb952d32fc68ec839f35cb0e992c"},
"RECORD":[
    {"Pay_no":"20200514210807guke2","segment":"isFinished","text":"SHOPKEEPER WRITE 
        TEST"}
    ],
"EXPAND" :[
    {"data_size":0,"type":"LABEL_DEFINE","subtype":"USER","expand":
        {"user_name":"dianzhu","role":"SHOPKEEPER"}
        }
    ]
}

************************************************************
{
 "HEAD":{"tag":"MESG","version":65537,"sender_uuid":"34f2e480a29b044a03f0ae111ec
    69ba5bef2ac4e157e3b1da58aa77925fb65f3","receiver_uuid":"record_server","route":"
    record","flow":"QUERY","state":"MATCH","flag":"LOCAL","ljump":1,"rjump":2,"recor
    d_type":"RECORD_DEFINE","record_subtype":"WRITE","record_num":1,"record_size":53
    ,"expand_num":0,"expand_size":0,"msg_uuid":"328b213cb5bb94097172c93e580ca0dea251
    1aea56b61d9a2da7b652bc9e2361"},
"RECORD":[
    {"Pay_no":"20200514210807guke2","segment":"isFinished","text":"SHOPKEEPER WRITE 
        TEST"}
    ],
"EXPAND" :[]
}

************************************************************
{
 "HEAD":{"tag":"MESG","version":65537,"sender_uuid":"record_server","receiver_uu
    id":"34f2e480a29b044a03f0ae111ec69ba5bef2ac4e157e3b1da58aa77925fb65f3","route":"
    record","flow":"QUERY","state":"RESPONSE","flag":"NULL","ljump":2,"rjump":2,"rec
    ord_type":"USER_DEFINE","record_subtype":"RETURN","record_num":1,"record_size":0
    ,"expand_num":0,"expand_size":0,"msg_uuid":"328b213cb5bb94097172c93e580ca0dea251
    1aea56b61d9a2da7b652bc9e2361"},
"RECORD":[
    {"return_code":"SUCCEED","return_info":"write data succeed!"}
    ],
"EXPAND" :[]
}

************************************************************
{
 "HEAD":{"tag":"MESG","version":65537,"sender_uuid":"record_server","receiver_uu
    id":"recordlib","route":"store","flow":"DELIVER","state":"MATCH","flag":"LOCAL",
    "ljump":1,"rjump":1,"record_type":"MESSAGE","record_subtype":"TYPES","record_num
    ":1,"record_size":0,"expand_num":0,"expand_size":0,"msg_uuid":"d8c3509dd72c2eaa5
    70ca38ce2fece30a832f62e7bde311c3ddf03b35dbdcd7d"},
"RECORD":[
    {"type":"RECORD_DEFINE","subtype":"RECORD"}
    ],
"EXPAND" :[]
}

************************************************************
{
 "HEAD":{"tag":"MESG","version":65537,"sender_uuid":"34f2e480a29b044a03f0ae111ec
    69ba5bef2ac4e157e3b1da58aa77925fb65f3","receiver_uuid":"record_server","route":"
    record","flow":"QUERY","state":"MATCH","flag":"LOCAL","ljump":1,"rjump":2,"recor
    d_type":"RECORD_DEFINE","record_subtype":"WRITE","record_num":1,"record_size":41
    ,"expand_num":0,"expand_size":0,"msg_uuid":"5c4a965a4f43503d7a9e2bd79a6428cb0471
    447cf2cdc7146d71f39b8092d347"},
"RECORD":[
    {"Pay_no":"20200514210807guke2","segment":"Goods_name","text":"GOODSNAME"}
    ],
"EXPAND" :[]
}

************************************************************
{
 "HEAD":{"tag":"MESG","version":65537,"sender_uuid":"34f2e480a29b044a03f0ae111ec
    69ba5bef2ac4e157e3b1da58aa77925fb65f3","receiver_uuid":"user_label","route":"wri
    te_access","flow":"QUERY","state":"MATCH","flag":"LOCAL","ljump":1,"rjump":1,"re
    cord_type":"RECORD_DEFINE","record_subtype":"WRITE","record_num":1,"record_size"
    :41,"expand_num":0,"expand_size":0,"msg_uuid":"64cb8a4e7e9d9337f2627e3a0f0502ed8
    b3798e0288a5d3a73ba85cad60f9b6f"},
"RECORD":[
    {"Pay_no":"20200514210807guke2","segment":"Goods_name","text":"GOODSNAME"}
    ],
"EXPAND" :[]
}

************************************************************
{
 "HEAD":{"tag":"MESG","version":65537,"sender_uuid":"user_label","receiver_uuid"
    :"record_acl","route":"write_access","flow":"QUERY","state":"MATCH","flag":"LOCA
    L","ljump":2,"rjump":1,"record_type":"RECORD_DEFINE","record_subtype":"WRITE","r
    ecord_num":1,"record_size":41,"expand_num":1,"expand_size":0,"msg_uuid":"64cb8a4
    e7e9d9337f2627e3a0f0502ed8b3798e0288a5d3a73ba85cad60f9b6f"},
"RECORD":[
    {"Pay_no":"20200514210807guke2","segment":"Goods_name","text":"GOODSNAME"}
    ],
"EXPAND" :[
    {"data_size":0,"type":"LABEL_DEFINE","subtype":"USER","expand":
        {"user_name":"dianzhu","role":"SHOPKEEPER"}
        }
    ]
}

************************************************************
{
 "HEAD":{"tag":"MESG","version":65537,"sender_uuid":"34f2e480a29b044a03f0ae111ec
    69ba5bef2ac4e157e3b1da58aa77925fb65f3","receiver_uuid":"record_server","route":"
    record","flow":"QUERY","state":"MATCH","flag":"LOCAL","ljump":1,"rjump":2,"recor
    d_type":"USER_DEFINE","record_subtype":"RETURN","record_num":1,"record_size":0,"
    expand_num":0,"expand_size":0,"msg_uuid":"5c4a965a4f43503d7a9e2bd79a6428cb047144
    7cf2cdc7146d71f39b8092d347"},
"RECORD":[
    {"return_code":"NOACCESS","return_info":"write permission denied!"}
    ],
"EXPAND" :[]
}

************************************************************
{
 "HEAD":{"tag":"MESG","version":65537,"sender_uuid":"34f2e480a29b044a03f0ae111ec
    69ba5bef2ac4e157e3b1da58aa77925fb65f3","receiver_uuid":"record_server","route":"
    record","flow":"QUERY","state":"MATCH","flag":"LOCAL","ljump":1,"rjump":2,"recor
    d_type":"RECORD_DEFINE","record_subtype":"READ","record_num":1,"record_size":20,
    "expand_num":0,"expand_size":0,"msg_uuid":"903de376fd9245e7b27212af49d4cb24a26e4
    a0f7c0017a5c83d72dd9c849ab6"},
"RECORD":[
    {"Pay_no":"20200514210807guke2"}
    ],
"EXPAND" :[]
}

************************************************************
{
 "HEAD":{"tag":"MESG","version":65537,"sender_uuid":"34f2e480a29b044a03f0ae111ec
    69ba5bef2ac4e157e3b1da58aa77925fb65f3","receiver_uuid":"user_label","route":"lab
    el_read","flow":"QUERY","state":"MATCH","flag":"LOCAL","ljump":1,"rjump":1,"reco
    rd_type":"RECORD_DEFINE","record_subtype":"READ","record_num":1,"record_size":20
    ,"expand_num":0,"expand_size":0,"msg_uuid":"3ffa335055245e2c16d5198156ab487f1822
    ed08106cf879450d1f3106b502b2"},
"RECORD":[
    {"Pay_no":"20200514210807guke2"}
    ],
"EXPAND" :[]
}

************************************************************
{
 "HEAD":{"tag":"MESG","version":65537,"sender_uuid":"34f2e480a29b044a03f0ae111ec
    69ba5bef2ac4e157e3b1da58aa77925fb65f3","receiver_uuid":"record_server","route":"
    record","flow":"QUERY","state":"MATCH","flag":"LOCAL","ljump":1,"rjump":2,"recor
    d_type":"RECORD_DEFINE","record_subtype":"READ","record_num":1,"record_size":20,
    "expand_num":1,"expand_size":0,"msg_uuid":"903de376fd9245e7b27212af49d4cb24a26e4
    a0f7c0017a5c83d72dd9c849ab6"},
"RECORD":[
    {"Pay_no":"20200514210807guke2"}
    ],
"EXPAND" :[
    {"data_size":0,"type":"LABEL_DEFINE","subtype":"USER","expand":
        {"user_name":"dianzhu","role":"SHOPKEEPER"}
        }
    ]
}

************************************************************
{
 "HEAD":{"tag":"MESG","version":65537,"sender_uuid":"record_server","receiver_uu
    id":"34f2e480a29b044a03f0ae111ec69ba5bef2ac4e157e3b1da58aa77925fb65f3","route":"
    record","flow":"QUERY","state":"RESPONSE","flag":"NULL","ljump":2,"rjump":2,"rec
    ord_type":"RECORD_DEFINE","record_subtype":"RECORD","record_num":1,"record_size"
    :0,"expand_num":1,"expand_size":0,"msg_uuid":"903de376fd9245e7b27212af49d4cb24a2
    6e4a0f7c0017a5c83d72dd9c849ab6"},
"RECORD":[
    {"Pay_no":"20200514210807guke2","Goods_name":"","Goods_num":"","Rec_addr":"","De
        li_addr":"ÂÆ¢ÊúçÂÜôÂèëË¥ßÂú∞ÊµãËØï","isSent":"Â§öÊ¨°ÂÜôÊµãËØï","isReceived":"","
        Goods_addr":"Áâ©ÊµÅÂÜôË¥ßÁâ©Âú∞ÂùÄÊµãËØï","isFinished":"SHOPKEEPER WRITE TEST"}
    ],
"EXPAND" :[
    {"data_size":0,"type":"LABEL_DEFINE","subtype":"USER","expand":
        {"user_name":"dianzhu","role":"SHOPKEEPER"}
        }
    ]
}

************************************************************
{
 "HEAD":{"tag":"MESG","version":65537,"sender_uuid":"record_server","receiver_uu
    id":"record_acl","route":"read_access","flow":"QUERY","state":"MATCH","flag":"LO
    CAL","ljump":1,"rjump":1,"record_type":"RECORD_DEFINE","record_subtype":"RECORD"
    ,"record_num":1,"record_size":0,"expand_num":1,"expand_size":0,"msg_uuid":"70647
    3c7d2cf5f5a86cf0bad21855d8d00b0002b86d5e6e7799ed11eed0624c9"},
"RECORD":[
    {"Pay_no":"20200514210807guke2","Goods_name":"","Goods_num":"","Rec_addr":"","De
        li_addr":"ÂÆ¢ÊúçÂÜôÂèëË¥ßÂú∞ÊµãËØï","isSent":"Â§öÊ¨°ÂÜôÊµãËØï","isReceived":"","
        Goods_addr":"Áâ©ÊµÅÂÜôË¥ßÁâ©Âú∞ÂùÄÊµãËØï","isFinished":"SHOPKEEPER WRITE TEST"}
    ],
"EXPAND" :[
    {"data_size":0,"type":"LABEL_DEFINE","subtype":"USER","expand":
        {"user_name":"dianzhu","role":"SHOPKEEPER"}
        }
    ]
}

************************************************************
{
 "HEAD":{"tag":"MESG","version":65537,"sender_uuid":"record_server","receiver_uu
    id":"34f2e480a29b044a03f0ae111ec69ba5bef2ac4e157e3b1da58aa77925fb65f3","route":"
    record","flow":"QUERY","state":"RESPONSE","flag":"NULL","ljump":2,"rjump":2,"rec
    ord_type":"RECORD_DEFINE","record_subtype":"RECORD","record_num":1,"record_size"
    :0,"expand_num":0,"expand_size":0,"msg_uuid":"903de376fd9245e7b27212af49d4cb24a2
    6e4a0f7c0017a5c83d72dd9c849ab6"},
"RECORD":[
    {"Pay_no":"20200514210807guke2","Goods_name":"","Goods_num":"","Rec_addr":"","De
        li_addr":"ÂÆ¢ÊúçÂÜôÂèëË¥ßÂú∞ÊµãËØï","isSent":"Â§öÊ¨°ÂÜôÊµãËØï","isReceived":"","
        Goods_addr":"Áâ©ÊµÅÂÜôË¥ßÁâ©Âú∞ÂùÄÊµãËØï","isFinished":"SHOPKEEPER WRITE TEST"}
    ],
"EXPAND" :[]
}

************************************************************
