time: 0.000748 :read 3 elem from file /root/groupWork/cube-1.3/proc/main/base_define/namelist.json!
time: 0.001226 :read 4 elem from file /root/groupWork/cube-1.3/proc/main/base_define/dispatchnamelist.json!
time: 0.001484 :read 1 elem from file /root/groupWork/cube-1.3/proc/main/base_define/typelist.json!
time: 0.001914 :read 7 elem from file /root/groupWork/cube-1.3/proc/main/base_define/subtypelist.json!
time: 0.005075 :read 1 elem from file /root/groupWork/cube-1.3/proc/main/base_define/baseflag.json!
time: 0.005896 :read 3 elem from file /root/groupWork/cube-1.3/proc/main/base_define/memdb.json!
time: 0.007783 :read 7 elem from file /root/groupWork/cube-1.3/proc/main/base_define/msghead.json!
time: 0.008204 :read 2 elem from file /root/groupWork/cube-1.3/proc/main/base_define/msgrecord.json!
time: 0.008763 :read 10 elem from file /root/groupWork/cube-1.3/proc/main/base_define/base_msg.json!
time: 0.009160 :read 8 elem from file /root/groupWork/cube-1.3/proc/main/base_define/return.json!
time: 0.009434 :read 3 elem from file /root/groupWork/cube-1.3/proc/main/base_define/dispatchrecord.json!
time: 0.009559 :read 2 elem from file /root/groupWork/cube-1.3/proc/main/base_define/exmoduledefine.json!
time: 0.009671 :read 1 elem from file /root/groupWork/cube-1.3/proc/main/base_define/sys_conn.json!
time: 0.010181 :read 9 elem from file user_define.json!
time: 0.010483 :read 5 elem from file record_define.json!
time: 0.031791 :this machine's local uuid is bad5f91dead22e2249193df8600d4d785bef917ac9a8c11d2bbfe9823e76ed93

time: 0.037660 :read 1 connector!

time: 0.037956 :read 3 policy from router_policy file!
time: 0.038023 :system plugin router_proc is prepared!
time: 0.044333 :system plugin connector_proc is prepared!
time: 0.044457 :ex_module connector_proc started successfully!
time: 0.044522 :ex_module router_proc started successfully!
time: 0.044560 :ex_module msg_send started successfully!
time: 0.044579 :begin msgfile_send module!

time: 0.044692 :client user_client connect succeed!

time: 0.044762 :ex_module login_user started successfully!
time: 0.044815 :ex_module print started successfully!
time: 0.044824 :instance load 5 module!

time: 0.050429 :proc conn client receive 269 data!

time: 0.050518 :send 332 data to conn user_client!

time: 0.050528 :client user_client send 332 ack data to server !

time: 0.055358 :router get proc connector_proc's message 
time: 2.050051 :router get proc msg_send's message 
time: 2.050151 :new msg match path login's policy
time: 2.055427 :router get proc login_user's message 
time: 2.055595 :send message to conn process!
time: 2.056009 :send 285 data to conn user_client!

time: 2.056048 :send (12800  1)message 285 to conn user_client!

time: 2.088955 :proc conn client receive 219 data!

time: 2.089081 :router get proc connector_proc's message 
time: 2.089104 :remote msg match path login's policy
time: 2.094905 :router get proc login_user's message 
time: 2.094957 :new msg match path challenge's policy
time: 2.095057 :send message to conn process!
time: 2.098967 :send 285 data to conn user_client!

time: 2.099008 :send (12800  1)message 285 to conn user_client!

time: 2.130854 :proc conn client receive 242 data!

time: 2.134808 :router get proc connector_proc's message 
time: 2.134846 :remote msg match path challenge's policy
time: 2.140014 :user shunfeng login succeed!
time: 2.145344 :router get proc login_user's message 
time: 2.151024 :router get proc print's message 
time: 3.050368 :router get proc msg_send's message 
time: 3.050453 :new msg match path record's policy
time: 3.050551 :send message to conn process!
time: 3.053427 :send 206 data to conn user_client!

time: 3.053454 :send (12816  2)message 206 to conn user_client!

time: 3.098277 :proc conn client receive 294 data!

time: 3.102226 :router get proc connector_proc's message 
time: 3.102270 :remote msg match path record's policy
time: 3.108245 :router get proc print's message 
