time: 0.000305 :read 3 elem from file /root/groupWork/cube-1.3/proc/main/base_define/namelist.json!
time: 0.000401 :read 4 elem from file /root/groupWork/cube-1.3/proc/main/base_define/dispatchnamelist.json!
time: 0.000451 :read 1 elem from file /root/groupWork/cube-1.3/proc/main/base_define/typelist.json!
time: 0.000617 :read 7 elem from file /root/groupWork/cube-1.3/proc/main/base_define/subtypelist.json!
time: 0.000659 :read 1 elem from file /root/groupWork/cube-1.3/proc/main/base_define/baseflag.json!
time: 0.000845 :read 3 elem from file /root/groupWork/cube-1.3/proc/main/base_define/memdb.json!
time: 0.001372 :read 7 elem from file /root/groupWork/cube-1.3/proc/main/base_define/msghead.json!
time: 0.001588 :read 2 elem from file /root/groupWork/cube-1.3/proc/main/base_define/msgrecord.json!
time: 0.002075 :read 10 elem from file /root/groupWork/cube-1.3/proc/main/base_define/base_msg.json!
time: 0.002468 :read 8 elem from file /root/groupWork/cube-1.3/proc/main/base_define/return.json!
time: 0.002684 :read 3 elem from file /root/groupWork/cube-1.3/proc/main/base_define/dispatchrecord.json!
time: 0.002792 :read 2 elem from file /root/groupWork/cube-1.3/proc/main/base_define/exmoduledefine.json!
time: 0.002895 :read 1 elem from file /root/groupWork/cube-1.3/proc/main/base_define/sys_conn.json!
time: 0.003400 :read 9 elem from file user_define.json!
time: 0.003650 :read 5 elem from file record_define.json!
time: 0.021254 :this machine's local uuid is bad5f91dead22e2249193df8600d4d785bef917ac9a8c11d2bbfe9823e76ed93

time: 0.027278 :read 1 connector!

time: 0.027494 :read 2 policy from router_policy file!
time: 0.027536 :system plugin router_proc is prepared!
time: 0.032950 :system plugin connector_proc is prepared!
time: 0.033055 :ex_module connector_proc started successfully!
time: 0.033096 :ex_module router_proc started successfully!
time: 0.033135 :ex_module msg_send started successfully!
time: 0.033163 :client sgfile_send module!

time: 0.033163 :client user_client connect succeed!

time: 0.033173 :ex_module print started successfully!
time: 0.033182 :instance load 4 module!

time: 0.046011 :proc conn client receive 270 data!

time: 0.046095 :send 331 data to conn user_client!

time: 0.046102 :client user_client send 331 ack data to server !

time: 0.049922 :router get proc connector_proc's message 
time: 2.036600 :router get proc msg_send's message 
time: 2.036640 :new msg match path login's policy
time: 2.036720 :send message to conn process!
time: 2.036968 :send 284 data to conn user_client!

time: 2.036980 :send (12800  1)message 284 to conn user_client!

time: 2.082532 :proc conn client receive 200 data!

time: 2.084464 :router get proc connector_proc's message 
time: 2.084488 :remote msg match path login's policy
time: 2.089644 :router get proc print's message 
time: 3.034933 :router get proc msg_send's message 
time: 3.034970 :new msg match path record's policy
time: 3.035058 :send message to conn process!
time: 3.035960 :send 214 data to conn user_client!

time: 3.035982 :send (12816  3)message 214 to conn user_client!

time: 3.068905 :proc conn client receive 205 data!

time: 3.070802 :router get proc connector_proc's message 
time: 3.070825 :remote msg match path record's policy
time: 3.076154 :router get proc print's message 
time: 4.039218 :router get proc msg_send's message 
time: 4.039243 :new msg match path record's policy
time: 4.039301 :send message to conn process!
time: 4.041237 :send 202 data to conn user_client!

time: 4.041254 :send (12816  3)message 202 to conn user_client!

time: 5.038560 :router get proc msg_send's message 
time: 5.038596 :new msg match path record's policy
time: 5.038652 :send message to conn process!
time: 5.043563 :send 195 data to conn user_client!

time: 5.043591 :send (12816  2)message 195 to conn user_client!

time: 5.084432 :proc conn client receive 212 data!

time: 5.086432 :router get proc connector_proc's message 
time: 5.086458 :remote msg match path record's policy
time: 5.092526 :router get proc print's message 
