time: 0.000339 :read 3 elem from file /root/groupWork/cube-1.3/proc/main/base_define/namelist.json!
time: 0.000435 :read 4 elem from file /root/groupWork/cube-1.3/proc/main/base_define/dispatchnamelist.json!
time: 0.000488 :read 1 elem from file /root/groupWork/cube-1.3/proc/main/base_define/typelist.json!
time: 0.000650 :read 7 elem from file /root/groupWork/cube-1.3/proc/main/base_define/subtypelist.json!
time: 0.000691 :read 1 elem from file /root/groupWork/cube-1.3/proc/main/base_define/baseflag.json!
time: 0.000872 :read 3 elem from file /root/groupWork/cube-1.3/proc/main/base_define/memdb.json!
time: 0.001458 :read 7 elem from file /root/groupWork/cube-1.3/proc/main/base_define/msghead.json!
time: 0.001722 :read 2 elem from file /root/groupWork/cube-1.3/proc/main/base_define/msgrecord.json!
time: 0.002219 :read 10 elem from file /root/groupWork/cube-1.3/proc/main/base_define/base_msg.json!
time: 0.002723 :read 8 elem from file /root/groupWork/cube-1.3/proc/main/base_define/return.json!
time: 0.002939 :read 3 elem from file /root/groupWork/cube-1.3/proc/main/base_define/dispatchrecord.json!
time: 0.003095 :read 2 elem from file /root/groupWork/cube-1.3/proc/main/base_define/exmoduledefine.json!
time: 0.003208 :read 1 elem from file /root/groupWork/cube-1.3/proc/main/base_define/sys_conn.json!
time: 0.003663 :read 9 elem from file user_define.json!
time: 0.003915 :read 5 elem from file record_define.json!
time: 0.022013 :this machine's local uuid is bad5f91dead22e2249193df8600d4d785bef917ac9a8c11d2bbfe9823e76ed93

time: 0.028348 :read 1 connector!

time: 0.028598 :read 2 policy from router_policy file!
time: 0.028629 :system plugin router_proc is prepared!
time: 0.033979 :system plugin connector_proc is prepared!
time: 0.034095 :ex_module connector_proc started successfully!
time: 0.034137 :ex_module router_proc started successfully!
time: 0.034174 :ex_module msg_send started successfully!
time: 0.034196 :begin msgfile_send connect 
time: 0.034196 :begin msgfile_send connect 
time: 0.034212 :ex_module print started successfully!
time: 0.034221 :instance load 4 module!

time: 0.040211 :proc conn client receive 270 data!

time: 0.040281 :send 327 data to conn user_client!

time: 0.040288 :client user_client send 327 ack data to server !

time: 0.045958 :router get proc connector_proc's message 
time: 2.039651 :router get proc msg_send's message 
time: 2.039698 :new msg match path login's policy
time: 2.039762 :send message to conn process!
time: 2.040726 :send 282 data to conn user_client!

time: 2.040744 :send (12800  1)message 282 to conn user_client!

time: 2.074590 :proc conn client receive 200 data!

time: 2.074682 :router get proc connector_proc's message 
time: 2.074696 :remote msg match path login's policy
time: 2.080644 :router get proc print's message 
time: 3.038955 :router get proc msg_send's message 
time: 3.038993 :new msg match path record's policy
time: 3.039063 :send message to conn process!
time: 3.043006 :send 220 data to conn user_client!

time: 3.043045 :send (12816  3)message 220 to conn user_client!

time: 3.091929 :proc conn client receive 205 data!

time: 3.097778 :router get proc connector_proc's message 
time: 3.097810 :remote msg match path record's policy
time: 3.103804 :router get proc print's message 
time: 4.036327 :router get proc msg_send's message 
time: 4.036395 :new msg match path record's policy
time: 4.036452 :send message to conn process!
time: 4.039347 :send 229 data to conn user_client!

time: 4.039397 :send (12816  2)message 229 to conn user_client!

time: 4.076262 :proc conn client receive 252 data!

time: 4.082248 :router get proc connector_proc's message 
time: 4.082286 :remote msg match path record's policy
time: 4.093136 :router get proc print's message 
