time: 0.000272 :read 3 elem from file /root/groupWork/cube-1.3/proc/main/base_define/namelist.json!
time: 0.000365 :read 4 elem from file /root/groupWork/cube-1.3/proc/main/base_define/dispatchnamelist.json!
time: 0.000411 :read 1 elem from file /root/groupWork/cube-1.3/proc/main/base_define/typelist.json!
time: 0.000567 :read 7 elem from file /root/groupWork/cube-1.3/proc/main/base_define/subtypelist.json!
time: 0.000607 :read 1 elem from file /root/groupWork/cube-1.3/proc/main/base_define/baseflag.json!
time: 0.000875 :read 3 elem from file /root/groupWork/cube-1.3/proc/main/base_define/memdb.json!
time: 0.001335 :read 7 elem from file /root/groupWork/cube-1.3/proc/main/base_define/msghead.json!
time: 0.001534 :read 2 elem from file /root/groupWork/cube-1.3/proc/main/base_define/msgrecord.json!
time: 0.001982 :read 10 elem from file /root/groupWork/cube-1.3/proc/main/base_define/base_msg.json!
time: 0.002326 :read 8 elem from file /root/groupWork/cube-1.3/proc/main/base_define/return.json!
time: 0.002529 :read 3 elem from file /root/groupWork/cube-1.3/proc/main/base_define/dispatchrecord.json!
time: 0.002650 :read 2 elem from file /root/groupWork/cube-1.3/proc/main/base_define/exmoduledefine.json!
time: 0.002831 :read 1 elem from file /root/groupWork/cube-1.3/proc/main/base_define/sys_conn.json!
time: 0.003294 :read 9 elem from file user_define.json!
time: 0.003525 :read 5 elem from file record_define.json!
time: 0.020993 :this machine's local uuid is bad5f91dead22e2249193df8600d4d785bef917ac9a8c11d2bbfe9823e76ed93

time: 0.027183 :read 1 connector!

time: 0.027340 :read 2 policy from router_policy file!
time: 0.027368 :system plugin router_proc is prepared!
time: 0.032800 :system plugin connector_proc is prepared!
time: 0.032925 :ex_module connector_proc started successfully!
time: 0.032972 :ex_module router_proc started successfully!
time: 0.033033 :ex_module msg_send started successfully!
time: 0.033069 :begin msgfile_send module!

essfully!
time: 0.033078 :instance load 4 module!

time: 0.033078 :instance load 4 module!

!

time: 0.033100 :client user_client connect succeed!

time: 0.038750 :proc conn client receive 270 data!

time: 0.038830 :send 331 data to conn user_client!

time: 0.038838 :client user_client send 331 ack data to server !

time: 0.044065 :router get proc connector_proc's message 
time: 2.034241 :router get proc msg_send's message 
time: 2.034299 :new msg match path login's policy
time: 2.034403 :send message to conn process!
time: 2.039267 :send 284 data to conn user_client!

time: 2.039302 :send (12800  1)message 284 to conn user_client!

time: 2.071792 :proc conn client receive 200 data!

time: 2.074784 :router get proc connector_proc's message 
time: 2.074830 :remote msg match path login's policy
time: 2.081071 :router get proc print's message 
time: 3.036087 :router get proc msg_send's message 
time: 3.036135 :new msg match path record's policy
time: 3.036224 :send message to conn process!
time: 3.042173 :send 224 data to conn user_client!

time: 3.042206 :send (12816  3)message 224 to conn user_client!

time: 3.086550 :proc conn client receive 205 data!

time: 3.087587 :router get proc connector_proc's message 
time: 3.087642 :remote msg match path record's policy
time: 3.098685 :router get proc print's message 
time: 4.036318 :router get proc msg_send's message 
time: 4.036368 :new msg match path record's policy
time: 4.036459 :send message to conn process!
time: 4.040807 :send 191 data to conn user_client!

time: 4.040821 :send (12816  2)message 191 to conn user_client!

time: 4.078331 :proc conn client receive 286 data!

time: 4.080295 :router get proc connector_proc's message 
time: 4.080317 :remote msg match path record's policy
time: 4.086349 :router get proc print's message 
