time: 0.000285 :read 3 elem from file /root/groupWork/cube-1.3/proc/main/base_define/namelist.json!
time: 0.000416 :read 4 elem from file /root/groupWork/cube-1.3/proc/main/base_define/dispatchnamelist.json!
time: 0.000474 :read 1 elem from file /root/groupWork/cube-1.3/proc/main/base_define/typelist.json!
time: 0.000646 :read 7 elem from file /root/groupWork/cube-1.3/proc/main/base_define/subtypelist.json!
time: 0.000687 :read 1 elem from file /root/groupWork/cube-1.3/proc/main/base_define/baseflag.json!
time: 0.000872 :read 3 elem from file /root/groupWork/cube-1.3/proc/main/base_define/memdb.json!
time: 0.001348 :read 7 elem from file /root/groupWork/cube-1.3/proc/main/base_define/msghead.json!
time: 0.001610 :read 2 elem from file /root/groupWork/cube-1.3/proc/main/base_define/msgrecord.json!
time: 0.002025 :read 10 elem from file /root/groupWork/cube-1.3/proc/main/base_define/base_msg.json!
time: 0.002429 :read 8 elem from file /root/groupWork/cube-1.3/proc/main/base_define/return.json!
time: 0.002648 :read 3 elem from file /root/groupWork/cube-1.3/proc/main/base_define/dispatchrecord.json!
time: 0.002754 :read 2 elem from file /root/groupWork/cube-1.3/proc/main/base_define/exmoduledefine.json!
time: 0.002862 :read 1 elem from file /root/groupWork/cube-1.3/proc/main/base_define/sys_conn.json!
time: 0.003307 :read 9 elem from file user_define.json!
time: 0.003601 :read 5 elem from file record_define.json!
time: 0.021678 :this machine's local uuid is bad5f91dead22e2249193df8600d4d785bef917ac9a8c11d2bbfe9823e76ed93

time: 0.027714 :read 1 connector!

time: 0.027946 :read 2 policy from router_policy file!
time: 0.028008 :system plugin router_proc is prepared!
time: 0.033344 :system plugin connector_proc is prepared!
time: 0.033471 :ex_module connector_proc started successfully!
time: 0.033515 :ex_module router_proc started successfully!
time: 0.033556 :ex_module msg_send started successfully!
time: 0.033579 :begin msgfile_send module!

time: 0.033596 :client user_client connect succeed!


time: 0.033602 :instance load 4 module!

time: 0.033602 :instance load 4 module!

t succeed!

time: 0.039392 :proc conn client receive 270 data!

time: 0.039516 :send 325 data to conn user_client!

time: 0.039527 :client user_client send 325 ack data to server !

time: 0.045318 :router get proc connector_proc's message 
time: 2.039011 :router get proc msg_send's message 
time: 2.039083 :new msg match path login's policy
time: 2.039184 :send message to conn process!
time: 2.042064 :send 281 data to conn user_client!

time: 2.042081 :send (12800  1)message 281 to conn user_client!

time: 2.081916 :proc conn client receive 200 data!

time: 2.086882 :router get proc connector_proc's message 
time: 2.086905 :remote msg match path login's policy
time: 2.092900 :router get proc print's message 
time: 3.036317 :router get proc msg_send's message 
time: 3.036350 :new msg match path record's policy
time: 3.036407 :send message to conn process!
time: 3.039327 :send 216 data to conn user_client!

time: 3.039349 :send (12816  3)message 216 to conn user_client!

time: 3.086182 :proc conn client receive 205 data!

time: 3.090620 :router get proc connector_proc's message 
time: 3.090639 :remote msg match path record's policy
time: 3.096107 :router get proc print's message 
time: 4.040664 :router get proc msg_send's message 
time: 4.040704 :new msg match path record's policy
time: 4.040760 :send message to conn process!
time: 4.041694 :send 214 data to conn user_client!

time: 4.041709 :send (12816  3)message 214 to conn user_client!

time: 4.082521 :proc conn client receive 205 data!

time: 4.088473 :router get proc connector_proc's message 
time: 4.088516 :remote msg match path record's policy
time: 4.094513 :router get proc print's message 
