time: 0.000309 :read 3 elem from file /root/groupWork/cube-1.3/proc/main/base_define/namelist.json!
time: 0.000403 :read 4 elem from file /root/groupWork/cube-1.3/proc/main/base_define/dispatchnamelist.json!
time: 0.000451 :read 1 elem from file /root/groupWork/cube-1.3/proc/main/base_define/typelist.json!
time: 0.000789 :read 7 elem from file /root/groupWork/cube-1.3/proc/main/base_define/subtypelist.json!
time: 0.000841 :read 1 elem from file /root/groupWork/cube-1.3/proc/main/base_define/baseflag.json!
time: 0.001023 :read 3 elem from file /root/groupWork/cube-1.3/proc/main/base_define/memdb.json!
time: 0.001546 :read 7 elem from file /root/groupWork/cube-1.3/proc/main/base_define/msghead.json!
time: 0.001858 :read 2 elem from file /root/groupWork/cube-1.3/proc/main/base_define/msgrecord.json!
time: 0.002330 :read 10 elem from file /root/groupWork/cube-1.3/proc/main/base_define/base_msg.json!
time: 0.002770 :read 8 elem from file /root/groupWork/cube-1.3/proc/main/base_define/return.json!
time: 0.002974 :read 3 elem from file /root/groupWork/cube-1.3/proc/main/base_define/dispatchrecord.json!
time: 0.003075 :read 2 elem from file /root/groupWork/cube-1.3/proc/main/base_define/exmoduledefine.json!
time: 0.003171 :read 1 elem from file /root/groupWork/cube-1.3/proc/main/base_define/sys_conn.json!
time: 0.003668 :read 9 elem from file user_define.json!
time: 0.003959 :read 5 elem from file record_define.json!
time: 0.019965 :this machine's local uuid is bad5f91dead22e2249193df8600d4d785bef917ac9a8c11d2bbfe9823e76ed93

time: 0.025847 :read 1 connector!

time: 0.026006 :read 2 policy from router_policy file!
time: 0.026035 :system plugin router_proc is prepared!
time: 0.031919 :system plugin connector_proc is prepared!
time: 0.032072 :ex_module connector_proc started successfully!
time: 0.032139 :ex_module router_proc started successfully!
time: 0.032204 :ex_module msg_send started successfully!
time: 0.032262 :ex_module print started succtime: 0.032262 :ex_module print started successfully!
time: 0.032285 :instance load 4 module!

time: 0.032320 :client user_client connect succeed!

time: 0.037993 :proc conn client receive 269 data!

time: 0.038122 :send 330 data to conn user_client!

time: 0.038134 :client user_client send 330 ack data to server !

time: 0.043511 :router get proc connector_proc's message 
time: 2.036236 :router get proc msg_send's message 
time: 2.036315 :new msg match path login's policy
time: 2.036380 :send message to conn process!
time: 2.040346 :send 284 data to conn user_client!

time: 2.040383 :send (12800  1)message 284 to conn user_client!

time: 2.084515 :proc conn client receive 199 data!

time: 2.088733 :router get proc connector_proc's message 
time: 2.088795 :remote msg match path login's policy
time: 2.094832 :router get proc print's message 
time: 3.038673 :router get proc msg_send's message 
time: 3.038733 :new msg match path record's policy
time: 3.038805 :send message to conn process!
time: 3.044672 :send 222 data to conn user_client!

time: 3.044708 :send (12816  3)message 222 to conn user_client!

time: 3.082225 :proc conn client receive 204 data!

time: 3.084209 :router get proc connector_proc's message 
time: 3.084231 :remote msg match path record's policy
time: 3.090284 :router get proc print's message 
time: 4.036124 :router get proc msg_send's message 
time: 4.036195 :new msg match path record's policy
time: 4.036275 :send message to conn process!
time: 4.040120 :send 239 data to conn user_client!

time: 4.040156 :send (12816  3)message 239 to conn user_client!

time: 4.078635 :proc conn client receive 239 data!

time: 4.081647 :router get proc connector_proc's message 
time: 4.081702 :remote msg match path record's policy
time: 4.092546 :router get proc print's message 
time: 5.039674 :router get proc msg_send's message 
time: 5.039728 :new msg match path record's policy
time: 5.039816 :send message to conn process!
time: 5.043732 :send 217 data to conn user_client!

time: 5.043768 :send (12816  2)message 217 to conn user_client!

time: 5.097508 :proc conn client receive 311 data!

time: 5.098551 :router get proc connector_proc's message 
time: 5.098610 :remote msg match path record's policy
time: 5.110195 :router get proc print's message 
