time: 0.000370 :read 3 elem from file /root/groupWork/cube-1.3/proc/main/base_define/namelist.json!
time: 0.000549 :read 4 elem from file /root/groupWork/cube-1.3/proc/main/base_define/dispatchnamelist.json!
time: 0.000622 :read 1 elem from file /root/groupWork/cube-1.3/proc/main/base_define/typelist.json!
time: 0.000836 :read 7 elem from file /root/groupWork/cube-1.3/proc/main/base_define/subtypelist.json!
time: 0.000897 :read 1 elem from file /root/groupWork/cube-1.3/proc/main/base_define/baseflag.json!
time: 0.001136 :read 3 elem from file /root/groupWork/cube-1.3/proc/main/base_define/memdb.json!
time: 0.001826 :read 7 elem from file /root/groupWork/cube-1.3/proc/main/base_define/msghead.json!
time: 0.002106 :read 2 elem from file /root/groupWork/cube-1.3/proc/main/base_define/msgrecord.json!
time: 0.002740 :read 10 elem from file /root/groupWork/cube-1.3/proc/main/base_define/base_msg.json!
time: 0.003214 :read 8 elem from file /root/groupWork/cube-1.3/proc/main/base_define/return.json!
time: 0.003560 :read 3 elem from file /root/groupWork/cube-1.3/proc/main/base_define/dispatchrecord.json!
time: 0.003697 :read 2 elem from file /root/groupWork/cube-1.3/proc/main/base_define/exmoduledefine.json!
time: 0.003840 :read 1 elem from file /root/groupWork/cube-1.3/proc/main/base_define/sys_conn.json!
time: 0.004521 :read 9 elem from file user_define.json!
time: 0.004773 :read 5 elem from file record_define.json!
time: 0.023720 :this machine's local uuid is bad5f91dead22e2249193df8600d4d785bef917ac9a8c11d2bbfe9823e76ed93

time: 0.030198 :read 1 connector!

time: 0.030558 :read 2 policy from router_policy file!
time: 0.030596 :system plugin router_proc is prepared!
time: 0.036558 :system plugin connector_proc is prepared!
time: 0.036670 :ex_module connector_proc started successfully!
time: 0.036734 :ex_module router_proc started successfully!
time: 0.036809 :ex_module msg_send started successfully!
time: 0.036842 :begin msgfile_send module!

time: 0.036866 :ex_module print started successfully!
time: 0.036876 :instance load 4 module!

time: 0.036876 :client user_client connect succeed!

time: 0.049654 :proc conn client receive 269 data!

time: 0.049793 :send 326 data to conn user_client!

time: 0.049806 :client user_client send 326 ack data to server !

time: 0.054620 :router get proc connector_proc's message 
time: 2.042502 :router get proc msg_send's message 
time: 2.042585 :new msg match path login's policy
time: 2.042676 :send message to conn process!
time: 2.049716 :send 282 data to conn user_client!

time: 2.049758 :send (12800  1)message 282 to conn user_client!

time: 2.082173 :proc conn client receive 199 data!

time: 2.083085 :router get proc connector_proc's message 
time: 2.083105 :remote msg match path login's policy
time: 2.088356 :router get proc print's message 
time: 3.039108 :router get proc msg_send's message 
time: 3.039152 :new msg match path record's policy
time: 3.039212 :send message to conn process!
time: 3.043021 :send 220 data to conn user_client!

time: 3.043054 :send (12816  3)message 220 to conn user_client!

time: 3.073616 :proc conn client receive 204 data!

time: 3.078740 :router get proc connector_proc's message 
time: 3.078764 :remote msg match path record's policy
time: 3.090583 :router get proc print's message 
time: 4.039325 :router get proc msg_send's message 
time: 4.039366 :new msg match path record's policy
time: 4.039442 :send message to conn process!
time: 4.041919 :send 215 data to conn user_client!

time: 4.041969 :send (12816  2)message 215 to conn user_client!

time: 4.081814 :proc conn client receive 309 data!

time: 4.082848 :router get proc connector_proc's message 
time: 4.082873 :remote msg match path record's policy
time: 4.088790 :router get proc print's message 
