time: 0.000355 :read 3 elem from file /root/groupWork/cube-1.3/proc/main/base_define/namelist.json!
time: 0.000502 :read 4 elem from file /root/groupWork/cube-1.3/proc/main/base_define/dispatchnamelist.json!
time: 0.000552 :read 1 elem from file /root/groupWork/cube-1.3/proc/main/base_define/typelist.json!
time: 0.000769 :read 7 elem from file /root/groupWork/cube-1.3/proc/main/base_define/subtypelist.json!
time: 0.000823 :read 1 elem from file /root/groupWork/cube-1.3/proc/main/base_define/baseflag.json!
time: 0.001036 :read 3 elem from file /root/groupWork/cube-1.3/proc/main/base_define/memdb.json!
time: 0.001685 :read 7 elem from file /root/groupWork/cube-1.3/proc/main/base_define/msghead.json!
time: 0.001978 :read 2 elem from file /root/groupWork/cube-1.3/proc/main/base_define/msgrecord.json!
time: 0.002426 :read 10 elem from file /root/groupWork/cube-1.3/proc/main/base_define/base_msg.json!
time: 0.002791 :read 8 elem from file /root/groupWork/cube-1.3/proc/main/base_define/return.json!
time: 0.003000 :read 3 elem from file /root/groupWork/cube-1.3/proc/main/base_define/dispatchrecord.json!
time: 0.003109 :read 2 elem from file /root/groupWork/cube-1.3/proc/main/base_define/exmoduledefine.json!
time: 0.003237 :read 1 elem from file /root/groupWork/cube-1.3/proc/main/base_define/sys_conn.json!
time: 0.003698 :read 9 elem from file user_define.json!
time: 0.003952 :read 5 elem from file record_define.json!
time: 0.021991 :this machine's local uuid is bad5f91dead22e2249193df8600d4d785bef917ac9a8c11d2bbfe9823e76ed93

time: 0.027464 :read 1 connector!

time: 0.027625 :read 2 policy from router_policy file!
time: 0.027654 :system plugin router_proc is prepared!
time: 0.033186 :system plugin connector_proc is prepared!
time: 0.033269 :ex_module connector_proc started successfully!
time: 0.033316 :ex_module router_proc started successfully!
time: 0.033342 :ex_module msg_send started successfully!
time: 0.033361 :ex_module print started successfully!
time: 0.033365 :instance load 4 module!

time: 0.033365 :instance load 4 module!

!

time: 0.033382 :client user_client connect succeed!

time: 0.039246 :proc conn client receive 269 data!

time: 0.039341 :send 324 data to conn user_client!

time: 0.039351 :client user_client send 324 ack data to server !

time: 0.044211 :router get proc connector_proc's message 
time: 2.035847 :router get proc msg_send's message 
time: 2.035900 :new msg match path login's policy
time: 2.035968 :send message to conn process!
time: 2.039962 :send 281 data to conn user_client!

time: 2.039987 :send (12800  1)message 281 to conn user_client!

time: 2.065800 :proc conn client receive 200 data!

time: 2.069759 :router get proc connector_proc's message 
time: 2.069781 :remote msg match path login's policy
time: 2.075724 :router get proc print's message 
time: 3.039698 :router get proc msg_send's message 
time: 3.039734 :new msg match path record's policy
time: 3.039791 :send message to conn process!
time: 3.045803 :send 219 data to conn user_client!

time: 3.045823 :send (12816  3)message 219 to conn user_client!

time: 3.084603 :proc conn client receive 205 data!

time: 3.086562 :router get proc connector_proc's message 
time: 3.086582 :remote msg match path record's policy
time: 3.092528 :router get proc print's message 
time: 4.040012 :router get proc msg_send's message 
time: 4.040037 :new msg match path record's policy
time: 4.040093 :send message to conn process!
time: 4.042047 :send 208 data to conn user_client!

time: 4.042094 :send (12816  2)message 208 to conn user_client!

time: 4.080953 :proc conn client receive 216 data!

time: 4.081930 :router get proc connector_proc's message 
time: 4.081949 :remote msg match path record's policy
time: 4.093935 :router get proc print's message 
