time: 0.000274 :read 3 elem from file /root/groupWork/cube-1.3/proc/main/base_define/namelist.json!
time: 0.000365 :read 4 elem from file /root/groupWork/cube-1.3/proc/main/base_define/dispatchnamelist.json!
time: 0.000485 :read 1 elem from file /root/groupWork/cube-1.3/proc/main/base_define/typelist.json!
time: 0.000726 :read 7 elem from file /root/groupWork/cube-1.3/proc/main/base_define/subtypelist.json!
time: 0.000776 :read 1 elem from file /root/groupWork/cube-1.3/proc/main/base_define/baseflag.json!
time: 0.000955 :read 3 elem from file /root/groupWork/cube-1.3/proc/main/base_define/memdb.json!
time: 0.001520 :read 7 elem from file /root/groupWork/cube-1.3/proc/main/base_define/msghead.json!
time: 0.001753 :read 2 elem from file /root/groupWork/cube-1.3/proc/main/base_define/msgrecord.json!
time: 0.002177 :read 10 elem from file /root/groupWork/cube-1.3/proc/main/base_define/base_msg.json!
time: 0.002620 :read 8 elem from file /root/groupWork/cube-1.3/proc/main/base_define/return.json!
time: 0.002825 :read 3 elem from file /root/groupWork/cube-1.3/proc/main/base_define/dispatchrecord.json!
time: 0.002924 :read 2 elem from file /root/groupWork/cube-1.3/proc/main/base_define/exmoduledefine.json!
time: 0.003021 :read 1 elem from file /root/groupWork/cube-1.3/proc/main/base_define/sys_conn.json!
time: 0.003541 :read 9 elem from file user_define.json!
time: 0.003802 :read 5 elem from file record_define.json!
time: 0.022215 :this machine's local uuid is bad5f91dead22e2249193df8600d4d785bef917ac9a8c11d2bbfe9823e76ed93

time: 0.028246 :read 1 connector!

time: 0.028553 :read 2 policy from router_policy file!
time: 0.028605 :system plugin router_proc is prepared!
time: 0.034859 :system plugin connector_proc is prepared!
time: 0.034966 :ex_module connector_proc started successfully!
time: 0.035031 :ex_module router_proc started successfully!
time: 0.035093 :ex_module msg_send started successfully!
time: 0.035143 :ex_module print started succtime: 0.035143 :ex_module print started successfully!
time: 0.035153 :instance load 4 module!

time: 0.035170 :client user_client connect succeed!

time: 0.040739 :proc conn client receive 270 data!

time: 0.040814 :send 325 data to conn user_client!

time: 0.040821 :client user_client send 325 ack data to server !

time: 0.045719 :router get proc connector_proc's message 
time: 2.037278 :router get proc msg_send's message 
time: 2.037338 :new msg match path login's policy
time: 2.037449 :send message to conn process!
time: 2.038104 :send 281 data to conn user_client!

time: 2.038198 :send (12800  1)message 281 to conn user_client!

time: 2.089926 :proc conn client receive 207 data!

time: 2.090061 :router get proc connector_proc's message 
time: 2.090082 :remote msg match path login's policy
time: 2.101206 :router get proc print's message 
time: 3.042363 :router get proc msg_send's message 
time: 3.042444 :new msg match path record's policy
time: 3.042504 :send message to conn process!
time: 3.044538 :send 239 data to conn user_client!

time: 3.044574 :send (12816  3)message 239 to conn user_client!

time: 3.089043 :proc conn client receive 205 data!

time: 3.093134 :router get proc connector_proc's message 
time: 3.093159 :remote msg match path record's policy
time: 3.105116 :router get proc print's message 
time: 4.039602 :router get proc msg_send's message 
time: 4.039692 :new msg match path record's policy
time: 4.039773 :send message to conn process!
time: 4.040634 :send 230 data to conn user_client!

time: 4.040682 :send (12816  3)message 230 to conn user_client!

time: 4.085150 :proc conn client receive 231 data!

time: 4.091073 :router get proc connector_proc's message 
time: 4.091115 :remote msg match path record's policy
time: 4.097093 :router get proc print's message 
time: 5.039042 :router get proc msg_send's message 
time: 5.039078 :new msg match path record's policy
time: 5.039132 :send message to conn process!
time: 5.039983 :send 204 data to conn user_client!

time: 5.040018 :send (12816  2)message 204 to conn user_client!

time: 5.069653 :proc conn client receive 236 data!

time: 5.073418 :router get proc connector_proc's message 
time: 5.073473 :remote msg match path record's policy
time: 5.079643 :router get proc print's message 
