time: 0.000412 :read 3 elem from file /root/groupWork/cube-1.3/proc/main/base_define/namelist.json!
time: 0.000506 :read 4 elem from file /root/groupWork/cube-1.3/proc/main/base_define/dispatchnamelist.json!
time: 0.000553 :read 1 elem from file /root/groupWork/cube-1.3/proc/main/base_define/typelist.json!
time: 0.000709 :read 7 elem from file /root/groupWork/cube-1.3/proc/main/base_define/subtypelist.json!
time: 0.000747 :read 1 elem from file /root/groupWork/cube-1.3/proc/main/base_define/baseflag.json!
time: 0.000997 :read 3 elem from file /root/groupWork/cube-1.3/proc/main/base_define/memdb.json!
time: 0.001481 :read 7 elem from file /root/groupWork/cube-1.3/proc/main/base_define/msghead.json!
time: 0.001674 :read 2 elem from file /root/groupWork/cube-1.3/proc/main/base_define/msgrecord.json!
time: 0.002139 :read 10 elem from file /root/groupWork/cube-1.3/proc/main/base_define/base_msg.json!
time: 0.002482 :read 8 elem from file /root/groupWork/cube-1.3/proc/main/base_define/return.json!
time: 0.002679 :read 3 elem from file /root/groupWork/cube-1.3/proc/main/base_define/dispatchrecord.json!
time: 0.002776 :read 2 elem from file /root/groupWork/cube-1.3/proc/main/base_define/exmoduledefine.json!
time: 0.002892 :read 1 elem from file /root/groupWork/cube-1.3/proc/main/base_define/sys_conn.json!
time: 0.003321 :read 9 elem from file user_define.json!
time: 0.003550 :read 5 elem from file record_define.json!
time: 0.023984 :this machine's local uuid is bad5f91dead22e2249193df8600d4d785bef917ac9a8c11d2bbfe9823e76ed93

time: 0.029525 :read 1 connector!

time: 0.029687 :read 2 policy from router_policy file!
time: 0.029719 :system plugin router_proc is prepared!
time: 0.035193 :system plugin connector_proc is prepared!
time: 0.035305 :ex_module connector_proc started successfully!
time: 0.035379 :ex_module router_proc started successfully!
time: 0.035431 :ex_module msg_send started successfully!
time: 0.035458 :ex_module print started successfully!
time: 0.035464 :instance load 4 module!

time: 0.035479 :begin msgfile_send module!

time: 0.035532 :client user_client connect succeed!

time: 0.041198 :proc conn client receive 270 data!

time: 0.041309 :send 327 data to conn user_client!

time: 0.041318 :client user_client send 327 ack data to server !

time: 0.046186 :router get proc connector_proc's message 
time: 2.040328 :router get proc msg_send's message 
time: 2.040383 :new msg match path login's policy
time: 2.040489 :send message to conn process!
time: 2.047447 :send 282 data to conn user_client!

time: 2.047483 :send (12800  1)message 282 to conn user_client!

time: 2.091945 :proc conn client receive 200 data!

time: 2.092044 :router get proc connector_proc's message 
time: 2.092060 :remote msg match path login's policy
time: 2.097616 :router get proc print's message 
time: 3.038082 :router get proc msg_send's message 
time: 3.038141 :new msg match path record's policy
time: 3.038221 :send message to conn process!
time: 3.043892 :send 230 data to conn user_client!

time: 3.043927 :send (12816  3)message 230 to conn user_client!

time: 3.082108 :proc conn client receive 205 data!

time: 3.088010 :router get proc connector_proc's message 
time: 3.088053 :remote msg match path record's policy
time: 3.098724 :router get proc print's message 
