time: 0.0 :read 3 elem from file /root/groupWork/cube-1.3/proc/main/base_define/namelist.json!

time: 0.000232 :read 4 elem from file /root/groupWork/cube-1.3/proc/main/base_define/dispatchnamelist.json!

time: 0.000357 :read 1 elem from file /root/groupWork/cube-1.3/proc/main/base_define/typelist.json!

time: 0.000577 :read 7 elem from file /root/groupWork/cube-1.3/proc/main/base_define/subtypelist.json!

time: 0.000677 :read 1 elem from file /root/groupWork/cube-1.3/proc/main/base_define/baseflag.json!

time: 0.000943 :read 3 elem from file /root/groupWork/cube-1.3/proc/main/base_define/memdb.json!

time: 0.001555 :read 7 elem from file /root/groupWork/cube-1.3/proc/main/base_define/msghead.json!

time: 0.002010 :read 2 elem from file /root/groupWork/cube-1.3/proc/main/base_define/msgrecord.json!

time: 0.002480 :read 3 elem from file /root/groupWork/cube-1.3/proc/main/base_define/expandrecord.json!

time: 0.003144 :read 10 elem from file /root/groupWork/cube-1.3/proc/main/base_define/base_msg.json!

time: 0.003629 :read 8 elem from file /root/groupWork/cube-1.3/proc/main/base_define/return.json!

time: 0.003953 :read 3 elem from file /root/groupWork/cube-1.3/proc/main/base_define/dispatchrecord.json!

time: 0.004158 :read 2 elem from file /root/groupWork/cube-1.3/proc/main/base_define/exmoduledefine.json!

time: 0.004363 :read 1 elem from file /root/groupWork/cube-1.3/proc/main/base_define/sys_conn.json!

time: 0.008478 :read 5 elem from file websocket_define.json!
time: 1.089562 :this machine's local uuid is bad5f91dead22e2249193df8600d4d785bef917ac9a8c11d2bbfe9823e76ed93

time: 1.095860 :read 1 policy from router_policy file!
time: 1.095966 :prepare the router proc

time: 1.143225 :prepare the conn proc

time: 1.143421 :monitor ex_modulec router_proc started successfully!

time: 1.143451 :monitor ex_modulec websocket_channel started successfully!

time: 1.143485 :monitor ex_modulec echo started successfully!

time: 1.143708 :monitor ex_modulec msg2channel started successfully!

time: 356.907640 :websocket_channel write 218 Data!
time: 356.908210 :msg2channel read 218 data
time: 356.911098 :router get proc msg2channel's message 
time: 356.911192 :new msg match path echo's policy
time: 356.916647 :router get proc echo's message 
time: 356.917450 :msg2channel write 436 data
time: 356.918703 :websocket_channel : Get 436 data from websocekt_channel！
time: 356.918852 :websocket_channel read 4 Data!
time: 561.519464 :websocket_channel write 259 Data!
time: 561.520410 :msg2channel read 259 data
time: 561.521011 :router get proc msg2channel's message 
time: 561.521043 :new msg match path echo's policy
time: 561.526474 :router get proc echo's message 
time: 561.526937 :msg2channel write 485 data
time: 561.532043 :websocket_channel : Get 485 data from websocekt_channel！
time: 561.532145 :websocket_channel read 4 Data!
time: 643.029703 :websocket_channel write 4 Data!
time: 643.030462 :msg2channel read 4 data
time: 878.336333 :websocket_channel write 277 Data!
time: 878.337068 :msg2channel read 277 data
time: 878.341418 :router get proc msg2channel's message 
time: 878.341599 :new msg match path echo's policy
time: 878.368814 :router get proc echo's message 
time: 878.369966 :msg2channel write 503 data
time: 878.370002 :websocket_channel : Get 503 data from websocekt_channel！
time: 878.370079 :websocket_channel read 4 Data!
time: 1009.848535 :websocket_channel write 2 Data!
time: 1009.851105 :msg2channel read 2 data
time: 1013.330998 :websocket_channel write 277 Data!
time: 1013.331686 :msg2channel read 277 data
time: 1013.335962 :router get proc msg2channel's message 
time: 1013.336045 :new msg match path echo's policy
time: 1013.341277 :router get proc echo's message 
time: 1013.342057 :msg2channel write 503 data
time: 1013.347128 :websocket_channel : Get 503 data from websocekt_channel！
time: 1013.347264 :websocket_channel read 4 Data!
time: 1368.677798 :websocket_channel write 2 Data!
time: 1368.678714 :msg2channel read 2 data
time: 1383.748901 :websocket_channel write 277 Data!
time: 1383.749448 :msg2channel read 277 data
time: 1383.754505 :router get proc msg2channel's message 
time: 1383.754571 :new msg match path echo's policy
time: 1383.760311 :router get proc echo's message 
time: 1383.761071 :msg2channel write 503 data
time: 1383.763496 :websocket_channel : Get 503 data from websocekt_channel！
time: 1383.763669 :websocket_channel read 4 Data!
time: 1421.686319 :websocket_channel write 2 Data!
time: 1421.686951 :msg2channel read 2 data
time: 1428.862105 :websocket_channel write 256 Data!
time: 1428.862203 :msg2channel read 256 data
time: 1428.864626 :router get proc msg2channel's message 
time: 1428.864746 :new msg match path echo's policy
time: 1428.870549 :router get proc echo's message 
time: 1428.870943 :msg2channel write 482 data
time: 1428.874203 :websocket_channel : Get 482 data from websocekt_channel！
time: 1428.874363 :websocket_channel read 4 Data!
time: 1553.323334 :websocket_channel write 256 Data!
time: 1553.324131 :msg2channel read 256 data
time: 1553.328468 :router get proc msg2channel's message 
time: 1553.328530 :new msg match path echo's policy
time: 1553.334233 :router get proc echo's message 
time: 1553.334463 :msg2channel write 482 data
time: 1553.339820 :websocket_channel : Get 482 data from websocekt_channel！
time: 1553.340046 :websocket_channel read 4 Data!
time: 2192.041069 :websocket_channel write 2 Data!
time: 2192.041644 :msg2channel read 2 data
time: 2195.068612 :websocket_channel write 280 Data!
time: 2195.070157 :msg2channel read 280 data
time: 2195.070340 :router get proc msg2channel's message 
time: 2195.070365 :new msg match path echo's policy
time: 2195.075678 :router get proc echo's message 
time: 2195.076101 :msg2channel write 506 data
time: 2195.078900 :websocket_channel : Get 506 data from websocekt_channel！
time: 2195.079038 :websocket_channel read 4 Data!
time: 2648.617412 :websocket_channel write 280 Data!
time: 2648.617912 :msg2channel read 280 data
time: 2648.624094 :router get proc msg2channel's message 
time: 2648.624160 :new msg match path echo's policy
time: 2648.629592 :router get proc echo's message 
time: 2648.629943 :msg2channel write 506 data
time: 2648.629974 :websocket_channel : Get 506 data from websocekt_channel！
time: 2648.630137 :websocket_channel read 4 Data!
time: 2667.041121 :websocket_channel write 280 Data!
time: 2667.042485 :msg2channel read 280 data
time: 2667.046168 :router get proc msg2channel's message 
time: 2667.046237 :new msg match path echo's policy
time: 2667.051983 :router get proc echo's message 
time: 2667.052786 :msg2channel write 506 data
time: 2667.057082 :websocket_channel : Get 506 data from websocekt_channel！
time: 2667.057275 :websocket_channel read 4 Data!
time: 2808.236707 :websocket_channel write 280 Data!
time: 2808.237208 :msg2channel read 280 data
time: 2808.242606 :router get proc msg2channel's message 
time: 2808.242675 :new msg match path echo's policy
time: 2808.248174 :router get proc echo's message 
time: 2808.248769 :msg2channel write 506 data
time: 2808.253480 :websocket_channel : Get 506 data from websocekt_channel！
time: 2808.253624 :websocket_channel read 4 Data!
time: 2830.709160 :msg2channel read 2 data
time: 2830.709160 :msg2channel read 2 data
2 Data!
time: 2842.012783 :websocket_channel write 259 Data!
time: 2842.013130 :msg2channel read 259 data
time: 2842.014660 :router get proc msg2channel's message 
time: 2842.014693 :new msg match path echo's policy
time: 2842.020003 :router get proc echo's message 
time: 2843.021123 :msg2channel write 485 data
time: 2843.025817 :websocket_channel : Get 485 data from websocekt_channel！
time: 2843.026014 :websocket_channel read 4 Data!
time: 2859.463484 :websocket_channel write 259 Data!
time: 2859.464046 :msg2channel read 259 data
time: 2859.468775 :router get proc msg2channel's message 
time: 2859.468872 :new msg match path echo's policy
time: 2859.474680 :router get proc echo's message 
time: 2859.475336 :msg2channel write 485 data
time: 2859.476217 :websocket_channel : Get 485 data from websocekt_channel！
time: 2859.476298 :websocket_channel read 4 Data!
time: 3280.624831 :websocket_channel write 2 Data!
time: 3280.625371 :msg2channel read 2 data
time: 3284.213134 :websocket_channel write 2 Data!
time: 3284.213208 :msg2channel read 2 data
time: 3287.555413 :websocket_channel write 2 Data!
time: 3287.556226 :msg2channel read 2 data
time: 3293.193949 :websocket_channel write 277 Data!
time: 3293.194088 :msg2channel read 277 data
time: 3293.194539 :router get proc msg2channel's message 
time: 3293.194600 :new msg match path echo's policy
time: 3293.200097 :router get proc echo's message 
time: 3293.200650 :msg2channel write 503 data
time: 3293.204816 :websocket_channel : Get 503 data from websocekt_channel！
time: 3293.204944 :websocket_channel read 4 Data!
time: 3500.407847 :websocket_channel write 277 Data!
time: 3500.408293 :msg2channel read 277 data
time: 3500.413028 :router get proc msg2channel's message 
time: 3500.413106 :new msg match path echo's policy
time: 3500.423624 :router get proc echo's message 
time: 3500.423830 :msg2channel write 503 data
time: 3500.423887 :websocket_channel : Get 503 data from websocekt_channel！
time: 3500.423973 :websocket_channel read 4 Data!
time: 3601.545131 :websocket_channel write 277 Data!
time: 3601.545605 :msg2channel read 277 data
time: 3601.549929 :router get proc msg2channel's message 
time: 3601.549985 :new msg match path echo's policy
time: 3601.555833 :router get proc echo's message 
time: 3601.556713 :msg2channel write 503 data
time: 3601.562467 :websocket_channel : Get 503 data from websocekt_channel！
time: 3601.562588 :websocket_channel read 4 Data!
time: 3642.576062 :websocket_channel write 277 Data!
time: 3642.576690 :msg2channel read 277 data
time: 3642.581335 :router get proc msg2channel's message 
time: 3642.581434 :new msg match path echo's policy
time: 3642.589253 :router get proc echo's message 
time: 3642.590725 :msg2channel write 503 data
time: 3642.594537 :websocket_channel : Get 503 data from websocekt_channel！
time: 3642.594690 :websocket_channel read 4 Data!
time: 3660.543613 :websocket_channel write 277 Data!
time: 3660.544352 :msg2channel read 277 data
time: 3660.549038 :router get proc msg2channel's message 
time: 3660.549097 :new msg match path echo's policy
time: 3660.554441 :router get proc echo's message 
time: 3660.554632 :msg2channel write 503 data
time: 3660.566478 :websocket_channel : Get 503 data from websocekt_channel！
time: 3660.566762 :websocket_channel read 4 Data!
time: 3760.144399 :websocket_channel write 277 Data!
time: 3760.144458 :msg2channel read 277 data
time: 3760.147684 :router get proc msg2channel's message 
time: 3760.147746 :new msg match path echo's policy
time: 3760.152980 :router get proc echo's message 
time: 3760.153211 :msg2channel write 503 data
time: 3760.156596 :websocket_channel : Get 503 data from websocekt_channel！
time: 3760.156673 :websocket_channel read 4 Data!
time: 3785.648022 :websocket_channel write 277 Data!
time: 3785.648459 :msg2channel read 277 data
time: 3785.652944 :router get proc msg2channel's message 
time: 3785.653071 :new msg match path echo's policy
time: 3785.658388 :router get proc echo's message 
time: 3785.659054 :msg2channel write 503 data
time: 3785.663568 :websocket_channel : Get 503 data from websocekt_channel！
time: 3785.663668 :websocket_channel read 4 Data!
time: 4181.670559 :websocket_channel write 277 Data!
time: 4181.670945 :msg2channel read 277 data
time: 4181.671627 :router get proc msg2channel's message 
time: 4181.671656 :new msg match path echo's policy
time: 4181.677009 :router get proc echo's message 
time: 4181.677423 :msg2channel write 503 data
time: 4181.678377 :websocket_channel : Get 503 data from websocekt_channel！
time: 4181.678459 :websocket_channel read 4 Data!
time: 4733.326484 :websocket_channel write 277 Data!
time: 4733.327110 :msg2channel read 277 data
time: 4733.331886 :router get proc msg2channel's message 
time: 4733.331932 :new msg match path echo's policy
time: 4733.337579 :router get proc echo's message 
time: 4733.338160 :msg2channel write 503 data
time: 4733.343299 :websocket_channel : Get 503 data from websocekt_channel！
time: 4733.343415 :websocket_channel read 4 Data!
time: 5042.260813 :websocket_channel write 277 Data!
time: 5042.261735 :msg2channel read 277 data
time: 5042.262390 :router get proc msg2channel's message 
time: 5042.262497 :new msg match path echo's policy
time: 5042.267817 :router get proc echo's message 
time: 5042.268816 :msg2channel write 503 data
time: 5042.272638 :websocket_channel : Get 503 data from websocekt_channel！
time: 5042.272787 :websocket_channel read 4 Data!
time: 5096.291839 :websocket_channel write 277 Data!
time: 5096.295671 :msg2channel read 277 data
time: 5096.300464 :router get proc msg2channel's message 
time: 5096.300575 :new msg match path echo's policy
time: 5096.306173 :router get proc echo's message 
time: 5096.306923 :msg2channel write 503 data
time: 5096.310674 :websocket_channel : Get 503 data from websocekt_channel！
time: 5096.310769 :websocket_channel read 4 Data!
time: 5183.457924 :websocket_channel write 277 Data!
time: 5183.460383 :msg2channel read 277 data
time: 5183.462907 :router get proc msg2channel's message 
time: 5183.462985 :new msg match path echo's policy
time: 5183.469000 :router get proc echo's message 
time: 5183.469705 :msg2channel write 503 data
time: 5183.474670 :websocket_channel : Get 503 data from websocekt_channel！
time: 5183.474779 :websocket_channel read 4 Data!
time: 5259.116153 :websocket_channel write 2 Data!
time: 5259.116298 :msg2channel read 2 data
time: 5267.870354 :msg2channel read 279 data
9 Data!
time: 5267.870354 :msg2channel read 279 data
time: 5267.875346 :router get proc msg2channel's message 
time: 5267.875453 :new msg match path echo's policy
time: 5267.885769 :router get proc echo's message 
time: 5267.886394 :msg2channel write 505 data
time: 5267.888985 :websocket_channel : Get 505 data from websocekt_channel！
time: 5267.889091 :websocket_channel read 4 Data!
time: 5346.932450 :msg2channel read 279 data
time: 5346.932450 :msg2channel read 279 data
9 Data!
time: 5346.934996 :router get proc msg2channel's message 
time: 5346.935094 :new msg match path echo's policy
time: 5346.941219 :router get proc echo's message 
time: 5346.941490 :msg2channel write 505 data
time: 5346.945549 :websocket_channel : Get 505 data from websocekt_channel！
time: 5346.945718 :websocket_channel read 4 Data!
time: 5439.074026 :websocket_channel write 279 Data!
time: 5439.075023 :msg2channel read 279 data
time: 5439.079163 :router get proc msg2channel's message 
time: 5439.079226 :new msg match path echo's policy
time: 5439.084943 :router get proc echo's message 
time: 5439.085266 :msg2channel write 505 data
time: 5439.086329 :websocket_channel : Get 505 data from websocekt_channel！
time: 5439.086457 :websocket_channel read 4 Data!
time: 5477.283484 :websocket_channel write 279 Data!
time: 5477.284086 :msg2channel read 279 data
time: 5477.287737 :router get proc msg2channel's message 
time: 5477.287799 :new msg match path echo's policy
time: 5477.293823 :router get proc echo's message 
time: 5477.294664 :msg2channel write 505 data
time: 5477.299325 :websocket_channel : Get 505 data from websocekt_channel！
time: 5477.299444 :websocket_channel read 4 Data!
time: 5656.681929 :websocket_channel write 279 Data!
time: 5656.682350 :msg2channel read 279 data
time: 5656.687383 :router get proc msg2channel's message 
time: 5656.687451 :new msg match path echo's policy
time: 5656.692991 :router get proc echo's message 
time: 5656.693689 :msg2channel write 505 data
time: 5656.697848 :websocket_channel : Get 505 data from websocekt_channel！
time: 5656.697985 :websocket_channel read 4 Data!
time: 5658.572184 :websocket_channel write 279 Data!
time: 5658.573003 :msg2channel read 279 data
time: 5658.573595 :router get proc msg2channel's message 
time: 5658.573629 :new msg match path echo's policy
time: 5658.578867 :router get proc echo's message 
time: 5658.579455 :msg2channel write 505 data
time: 5658.585571 :websocket_channel : Get 505 data from websocekt_channel！
time: 5658.585686 :websocket_channel read 4 Data!
time: 5668.834487 :websocket_channel write 279 Data!
time: 5668.835000 :msg2channel read 279 data
time: 5668.839709 :router get proc msg2channel's message 
time: 5668.839797 :new msg match path echo's policy
time: 5668.845113 :router get proc echo's message 
time: 5668.845515 :msg2channel write 505 data
time: 5668.848228 :websocket_channel : Get 505 data from websocekt_channel！
time: 5668.848352 :websocket_channel read 4 Data!
time: 5729.955889 :websocket_channel write 279 Data!
time: 5729.956846 :msg2channel read 279 data
time: 5729.961321 :router get proc msg2channel's message 
time: 5729.961508 :new msg match path echo's policy
time: 5729.966773 :router get proc echo's message 
time: 5729.967768 :msg2channel write 505 data
time: 5729.972052 :websocket_channel : Get 505 data from websocekt_channel！
time: 5729.972226 :websocket_channel read 4 Data!
time: 5770.310782 :websocket_channel write 279 Data!
time: 5770.312652 :msg2channel read 279 data
time: 5770.315093 :router get proc msg2channel's message 
time: 5770.315178 :new msg match path echo's policy
time: 5770.321257 :router get proc echo's message 
time: 5770.321956 :msg2channel write 505 data
time: 5770.325524 :websocket_channel : Get 505 data from websocekt_channel！
time: 5770.325734 :websocket_channel read 4 Data!
time: 5876.661074 :websocket_channel write 279 Data!
time: 5876.661811 :msg2channel read 279 data
time: 5876.666989 :router get proc msg2channel's message 
time: 5876.667113 :new msg match path echo's policy
time: 5876.672317 :router get proc echo's message 
time: 5876.673237 :msg2channel write 505 data
time: 5876.674536 :websocket_channel : Get 505 data from websocekt_channel！
time: 5876.674768 :websocket_channel read 4 Data!
time: 5887.500442 :websocket_channel write 2 Data!
time: 5887.500955 :msg2channel read 2 data
time: 5907.731158 :websocket_channel write 287 Data!
time: 5907.731419 :msg2channel read 287 data
time: 5907.734909 :router get proc msg2channel's message 
time: 5907.734974 :new msg match path echo's policy
time: 5907.740183 :router get proc echo's message 
time: 5907.740373 :msg2channel write 513 data
time: 5907.741333 :websocket_channel : Get 513 data from websocekt_channel！
time: 5907.741453 :websocket_channel read 4 Data!
time: 6111.816191 :websocket_channel write 2 Data!
time: 6111.818915 :msg2channel read 2 data
time: 6146.304873 :websocket_channel write 291 Data!
time: 6146.307232 :msg2channel read 291 data
time: 6146.310559 :router get proc msg2channel's message 
time: 6146.310600 :new msg match path echo's policy
time: 6146.315931 :router get proc echo's message 
time: 6146.316151 :msg2channel write 517 data
time: 6146.318428 :websocket_channel : Get 517 data from websocekt_channel！
time: 6146.318526 :websocket_channel read 4 Data!
