{
 "HEAD":{"tag":"MESG","version":65537,"sender_uuid":"msg2channel","receiver_uuid
    ":"echo","route":"echo","flow":"DELIVER","state":"MATCH","flag":"LOCAL","ljump":
    1,"rjump":1,"record_type":"MESSAGE","record_subtype":"BASE_MSG","record_num":4,"
    record_size":0,"expand_num":0,"expand_size":0,"msg_uuid":"c139db2b52124faa87d3f8
    d93c7177ddf2c19d6731d0255a1637f29486d2e042"},
"RECORD":[
    {"message":"Digital image processing and application"},
    {"message":"2"},
    {"message":"beijing"},
    {"message":"false"}
    ],
"EXPAND" :[]
}

************************************************************
{
 "HEAD":{"tag":"MESG","version":65537,"sender_uuid":"echo","receiver_uuid":"msg2
    channel","route":"echo","flow":"DELIVER","state":"MATCH","flag":"LOCAL","ljump":
    2,"rjump":1,"record_type":"MESSAGE","record_subtype":"BASE_MSG","record_num":4,"
    record_size":0,"expand_num":0,"expand_size":0,"msg_uuid":"c139db2b52124faa87d3f8
    d93c7177ddf2c19d6731d0255a1637f29486d2e042"},
"RECORD":[
    {"message":"Digital image processing and application"},
    {"message":"2"},
    {"message":"beijing"},
    {"message":"false"}
    ],
"EXPAND" :[]
}

************************************************************
{
 "HEAD":{"tag":"MESG","version":65537,"sender_uuid":"msg2channel","receiver_uuid
    ":"echo","route":"echo","flow":"DELIVER","state":"MATCH","flag":"LOCAL","ljump":
    1,"rjump":1,"record_type":"MESSAGE","record_subtype":"BASE_MSG","record_num":2,"
    record_size":0,"expand_num":0,"expand_size":0,"msg_uuid":"a8e9ca07f2ca0bb3a18597
    5ac5a1c8e3bc832bde70cce74e7c28997faad8df4e"},
"RECORD":[
    {"message":"yang"},
    {"message":"123"}
    ],
"EXPAND" :[]
}

************************************************************
{
 "HEAD":{"tag":"MESG","version":65537,"sender_uuid":"echo","receiver_uuid":"msg2
    channel","route":"echo","flow":"DELIVER","state":"MATCH","flag":"LOCAL","ljump":
    2,"rjump":1,"record_type":"MESSAGE","record_subtype":"BASE_MSG","record_num":2,"
    record_size":0,"expand_num":0,"expand_size":0,"msg_uuid":"a8e9ca07f2ca0bb3a18597
    5ac5a1c8e3bc832bde70cce74e7c28997faad8df4e"},
"RECORD":[
    {"message":"yang"},
    {"message":"123"}
    ],
"EXPAND" :[]
}

************************************************************
{
 "HEAD":{"tag":"MESG","version":65537,"sender_uuid":"msg2channel","receiver_uuid
    ":"echo","route":"echo","flow":"DELIVER","state":"MATCH","flag":"LOCAL","ljump":
    1,"rjump":1,"record_type":"MESSAGE","record_subtype":"BASE_MSG","record_num":1,"
    record_size":0,"expand_num":0,"expand_size":0,"msg_uuid":"c8f1fecf81c330e52a45b2
    b7d0acacb4cc0f8a2f1c86af73b679365a53f6ce8c"},
"RECORD":[
    {"message":"kefu"}
    ],
"EXPAND" :[]
}

************************************************************
{
 "HEAD":{"tag":"MESG","version":65537,"sender_uuid":"echo","receiver_uuid":"msg2
    channel","route":"echo","flow":"DELIVER","state":"MATCH","flag":"LOCAL","ljump":
    2,"rjump":1,"record_type":"MESSAGE","record_subtype":"BASE_MSG","record_num":1,"
    record_size":0,"expand_num":0,"expand_size":0,"msg_uuid":"c8f1fecf81c330e52a45b2
    b7d0acacb4cc0f8a2f1c86af73b679365a53f6ce8c"},
"RECORD":[
    {"message":"kefu"}
    ],
"EXPAND" :[]
}

************************************************************
