time: 0.000311 :read 3 elem from file /root/groupWork/cube-1.3/proc/main/base_define/namelist.json!
time: 0.000403 :read 4 elem from file /root/groupWork/cube-1.3/proc/main/base_define/dispatchnamelist.json!
time: 0.000451 :read 1 elem from file /root/groupWork/cube-1.3/proc/main/base_define/typelist.json!
time: 0.000609 :read 7 elem from file /root/groupWork/cube-1.3/proc/main/base_define/subtypelist.json!
time: 0.000649 :read 1 elem from file /root/groupWork/cube-1.3/proc/main/base_define/baseflag.json!
time: 0.000962 :read 3 elem from file /root/groupWork/cube-1.3/proc/main/base_define/memdb.json!
time: 0.001454 :read 7 elem from file /root/groupWork/cube-1.3/proc/main/base_define/msghead.json!
time: 0.001653 :read 2 elem from file /root/groupWork/cube-1.3/proc/main/base_define/msgrecord.json!
time: 0.002144 :read 10 elem from file /root/groupWork/cube-1.3/proc/main/base_define/base_msg.json!
time: 0.002487 :read 8 elem from file /root/groupWork/cube-1.3/proc/main/base_define/return.json!
time: 0.002684 :read 3 elem from file /root/groupWork/cube-1.3/proc/main/base_define/dispatchrecord.json!
time: 0.002932 :read 2 elem from file /root/groupWork/cube-1.3/proc/main/base_define/exmoduledefine.json!
time: 0.003080 :read 1 elem from file /root/groupWork/cube-1.3/proc/main/base_define/sys_conn.json!
time: 0.003514 :read 9 elem from file user_define.json!
time: 0.003751 :read 5 elem from file record_define.json!
time: 0.022108 :this machine's local uuid is bad5f91dead22e2249193df8600d4d785bef917ac9a8c11d2bbfe9823e76ed93

time: 0.028539 :read 1 connector!

time: 0.028881 :read 2 policy from router_policy file!
time: 0.028930 :system plugin router_proc is prepared!
time: 0.035015 :system plugin connector_proc is prepared!
time: 0.035189 :ex_module connector_proc started successfully!
time: 0.035246 :ex_module router_proc started successfully!
time: 0.035271 :ex_module msg_send started successfully!
time: 0.035297 :begin msgfile_send module!

time: 0.035318 :ex_module print started successfully!
time: 0.035329 :instance load 4 module!

time: 0.035386 :client user_client connect succeed!

time: 0.041158 :proc conn client receive 270 data!

time: 0.041294 :send 331 data to conn user_client!

time: 0.041305 :client user_client send 331 ack data to server !

time: 0.047420 :router get proc connector_proc's message 
time: 2.040664 :router get proc msg_send's message 
time: 2.040758 :new msg match path login's policy
time: 2.040858 :send message to conn process!
time: 2.044320 :send 284 data to conn user_client!

time: 2.044370 :send (12800  1)message 284 to conn user_client!

time: 2.093613 :proc conn client receive 199 data!

time: 2.098383 :router get proc connector_proc's message 
time: 2.098442 :remote msg match path login's policy
time: 2.110369 :router get proc print's message 
time: 3.041237 :router get proc msg_send's message 
time: 3.041295 :new msg match path record's policy
time: 3.041354 :send message to conn process!
time: 3.043447 :send 214 data to conn user_client!

time: 3.043481 :send (12816  3)message 214 to conn user_client!

time: 3.085562 :proc conn client receive 204 data!

time: 3.087388 :router get proc connector_proc's message 
time: 3.087409 :remote msg match path record's policy
time: 3.093228 :router get proc print's message 
time: 4.039799 :router get proc msg_send's message 
time: 4.039857 :new msg match path record's policy
time: 4.039915 :send message to conn process!
time: 4.042746 :send 202 data to conn user_client!

time: 4.042781 :send (12816  3)message 202 to conn user_client!

time: 5.039341 :router get proc msg_send's message 
time: 5.039414 :new msg match path record's policy
time: 5.039471 :send message to conn process!
time: 5.044070 :send 195 data to conn user_client!

time: 5.044117 :send (12816  2)message 195 to conn user_client!

time: 5.069553 :proc conn client receive 203 data!

time: 5.074252 :router get proc connector_proc's message 
time: 5.074308 :remote msg match path record's policy
time: 5.080076 :router get proc print's message 
