time: 0.000334 :read 3 elem from file /root/groupWork/cube-1.3/proc/main/base_define/namelist.json!
time: 0.000426 :read 4 elem from file /root/groupWork/cube-1.3/proc/main/base_define/dispatchnamelist.json!
time: 0.000471 :read 1 elem from file /root/groupWork/cube-1.3/proc/main/base_define/typelist.json!
time: 0.000616 :read 7 elem from file /root/groupWork/cube-1.3/proc/main/base_define/subtypelist.json!
time: 0.000717 :read 1 elem from file /root/groupWork/cube-1.3/proc/main/base_define/baseflag.json!
time: 0.000935 :read 3 elem from file /root/groupWork/cube-1.3/proc/main/base_define/memdb.json!
time: 0.001364 :read 7 elem from file /root/groupWork/cube-1.3/proc/main/base_define/msghead.json!
time: 0.001547 :read 2 elem from file /root/groupWork/cube-1.3/proc/main/base_define/msgrecord.json!
time: 0.002060 :read 10 elem from file /root/groupWork/cube-1.3/proc/main/base_define/base_msg.json!
time: 0.002381 :read 8 elem from file /root/groupWork/cube-1.3/proc/main/base_define/return.json!
time: 0.002570 :read 3 elem from file /root/groupWork/cube-1.3/proc/main/base_define/dispatchrecord.json!
time: 0.002756 :read 2 elem from file /root/groupWork/cube-1.3/proc/main/base_define/exmoduledefine.json!
time: 0.002886 :read 1 elem from file /root/groupWork/cube-1.3/proc/main/base_define/sys_conn.json!
time: 0.003336 :read 9 elem from file user_define.json!
time: 0.003610 :read 5 elem from file record_define.json!
time: 0.003785 :read 4 elem from file label_define.json!
time: 0.003863 :read 4 elem from file user.list!
time: 0.023178 :this machine's local uuid is bad5f91dead22e2249193df8600d4d785bef917ac9a8c11d2bbfe9823e76ed93

time: 0.029562 :read 1 connector!

time: 0.029589 :conn server user_server begin to listen!

time: 0.029887 :read 3 policy from router_policy file!
time: 0.030025 :read 6 policy from aspect policy file!
time: 0.030047 :system plugin router_proc is prepared!
time: 0.036302 :system plugin connector_proc is prepared!
time: 0.036415 :ex_module connector_proc started successfully!
time: 0.036477 :ex_module router_proc started successfully!
time: 0.036539 :ex_module user_server started successfully!
time: 0.036588 :ex_module record_server started successfully!
time: 0.036703 :ex_module user_label started successfully!
time: 0.036753 :ex_module record_acl started successfully!
time: 0.036799 :ex_module login_store started successfully!
time: 0.036825 :ex_module recordlib started successfully!
time: 0.036831 :instance load 8 module!

time: 0.037394 :read 0 lib files!

time: 1.041025 :create a new channel 600008c0!

time: 1.041147 :send 269 data to conn (null)!

time: 1.048682 :channel set name guke!

time: 1.053413 :router get proc connector_proc's message 
time: 1.053469 :new msg match path addr_init's policy
time: 1.059667 :Add a new link, proc name guke

time: 1.065621 :router get proc user_label's message 
time: 3.042196 :channel receive (12800 1) message from conn guke!

time: 3.042224 :client forward (12800 1) message to main proc!

time: 3.047615 :router get proc connector_proc's message 
time: 3.047670 :remote msg match path login's policy
time: 3.047802 :aspect message to path addr_label's policy
time: 3.053291 :router get proc user_label's message 
time: 3.059723 :router get proc user_server's message 
time: 3.059894 :aspect message to path addr_verify's policy
time: 3.065663 :router get proc user_label's message 
time: 3.065762 :send message to conn process!
time: 3.070766 :send 200 data to conn guke!

time: 3.070800 :send (12800  4)message 200 to conn guke!

time: 4.050555 :channel receive (12816 3) message from conn guke!

time: 4.050592 :client forward (12816 3) message to main proc!

time: 4.051740 :router get proc connector_proc's message 
time: 4.051790 :remote msg match path record's policy
time: 4.051895 :aspect message to path write_access's policy
time: 4.056994 :router get proc user_label's message 
time: 4.062981 :router get proc record_acl's message 
time: 4.073526 :router get proc record_server's message 
time: 4.073656 :send message to conn process!
time: 4.077584 :send 205 data to conn guke!

time: 4.077627 :send (12800  4)message 205 to conn guke!

time: 4.079488 :router get proc record_server's message 
time: 4.079534 :new msg match path store's policy
time: 4.085009 :recordlib begin proc store

time: 5.042266 :create a new channel 600013d0!

time: 5.042405 :send 270 data to conn (null)!

time: 5.048807 :channel set name kefu!

time: 5.051327 :router get proc connector_proc's message 
time: 5.051369 :new msg match path addr_init's policy
time: 5.058100 :Add a new link, proc name kefu

time: 5.064092 :router get proc user_label's message 
time: 7.048654 :channel receive (12800 1) message from conn kefu!

time: 7.048707 :client forward (12800 1) message to main proc!

time: 7.051882 :router get proc connector_proc's message 
time: 7.051929 :remote msg match path login's policy
time: 7.052029 :aspect message to path addr_label's policy
time: 7.057970 :router get proc user_label's message 
time: 7.063473 :router get proc user_server's message 
time: 7.063639 :aspect message to path addr_verify's policy
time: 7.068836 :router get proc user_label's message 
time: 7.068951 :send message to conn process!
time: 7.069914 :send 200 data to conn kefu!

time: 7.069950 :send (12800  4)message 200 to conn kefu!

time: 8.055181 :channel receive (12816 3) message from conn kefu!

time: 8.055249 :client forward (12816 3) message to main proc!

time: 8.060309 :router get proc connector_proc's message 
time: 8.060364 :remote msg match path record's policy
time: 8.060444 :aspect message to path write_access's policy
time: 8.066067 :router get proc user_label's message 
time: 8.072118 :router get proc record_acl's message 
time: 8.084187 :router get proc record_server's message 
time: 8.084328 :send message to conn process!
time: 8.090026 :router get proc record_server's message 
time: 8.090076 :new msg match path store's policy
time: 8.091115 :send 205 data to conn kefu!

time: 8.091149 :send (12800  4)message 205 to conn kefu!

time: 8.096094 :recordlib begin proc store

time: 9.043232 :create a new channel 60003f00!

time: 9.043362 :send 270 data to conn (null)!

time: 9.049349 :channel receive (12816 3) message from conn kefu!

time: 9.049381 :client forward (12816 3) message to main proc!

time: 9.055327 :router get proc connector_proc's message 
time: 9.055384 :remote msg match path record's policy
time: 9.055408 :channel set name dianzhu!

time: 9.055481 :aspect message to path write_access's policy
time: 9.060844 :router get proc connector_proc's message 
time: 9.060893 :new msg match path addr_init's policy
time: 9.060900 :router get proc user_label's message 
time: 9.066179 :Add a new link, proc name dianzhu

time: 9.072136 :router get proc user_label's message 
time: 9.072187 :router get proc record_acl's message 
time: 9.078342 :router get proc record_server's message 
time: 9.078461 :send message to conn process!
time: 9.082201 :send 205 data to conn kefu!

time: 9.082235 :send (12800  4)message 205 to conn kefu!

time: 9.084314 :router get proc record_server's message 
time: 9.084358 :new msg match path store's policy
time: 9.090141 :recordlib begin proc store

time: 11.049438 :channel receive (12800 1) message from conn dianzhu!

time: 11.049496 :client forward (12800 1) message to main proc!

time: 11.052507 :router get proc connector_proc's message 
time: 11.052579 :remote msg match path login's policy
time: 11.052655 :aspect message to path addr_label's policy
time: 11.058009 :router get proc user_label's message 
time: 11.064647 :router get proc user_server's message 
time: 11.064804 :aspect message to path addr_verify's policy
time: 11.070282 :router get proc user_label's message 
time: 11.070412 :send message to conn process!
time: 11.071418 :send 200 data to conn dianzhu!

time: 11.071468 :send (12800  4)message 200 to conn dianzhu!

time: 12.053293 :channel receive (12816 3) message from conn dianzhu!

time: 12.053360 :client forward (12816 3) message to main proc!

time: 12.059212 :router get proc connector_proc's message 
time: 12.059263 :remote msg match path record's policy
time: 12.059370 :aspect message to path write_access's policy
time: 12.070397 :router get proc user_label's message 
time: 12.076554 :router get proc record_acl's message 
time: 12.081963 :router get proc record_server's message 
time: 12.082050 :send message to conn process!
time: 12.087951 :router get proc record_server's message 
time: 12.087973 :new msg match path store's policy
time: 12.088033 :send 205 data to conn dianzhu!

time: 12.088047 :send (12800  4)message 205 to conn dianzhu!

time: 12.092923 :recordlib begin proc store

time: 13.045755 :create a new channel 60006fd0!

time: 13.045960 :send 270 data to conn (null)!

time: 13.052501 :channel receive (12816 2) message from conn dianzhu!

time: 13.052570 :client forward (12816 2) message to main proc!

time: 13.057586 :router get proc connector_proc's message 
time: 13.057646 :remote msg match path record's policy
time: 13.057751 :aspect message to path label_read's policy
time: 13.059510 :channel set name wuliu!

time: 13.063128 :router get proc connector_proc's message 
time: 13.063181 :new msg match path addr_init's policy
time: 13.063188 :router get proc user_label's message 
time: 13.063332 :Add a new link, proc name wuliu

time: 13.069255 :router get proc record_server's message 
time: 13.069295 :router get proc user_label's message 
time: 13.069392 :aspect message to path read_access's policy
time: 13.075325 :router get proc record_acl's message 
time: 13.075396 :send message to conn process!
time: 13.081826 :send 286 data to conn dianzhu!

time: 13.081875 :send (12816  1)message 286 to conn dianzhu!

time: 15.057679 :channel receive (12800 1) message from conn wuliu!

time: 15.057759 :client forward (12800 1) message to main proc!

time: 15.059776 :router get proc connector_proc's message 
time: 15.059825 :remote msg match path login's policy
time: 15.059932 :aspect message to path addr_label's policy
time: 15.071632 :router get proc user_label's message 
time: 15.083600 :router get proc user_server's message 
time: 15.083830 :aspect message to path addr_verify's policy
time: 15.095329 :router get proc user_label's message 
time: 15.095467 :send message to conn process!
time: 15.098233 :send 200 data to conn wuliu!

time: 15.098274 :send (12800  4)message 200 to conn wuliu!

time: 16.056499 :channel receive (12816 3) message from conn wuliu!

time: 16.056567 :client forward (12816 3) message to main proc!

time: 16.060415 :router get proc connector_proc's message 
time: 16.060472 :remote msg match path record's policy
time: 16.060581 :aspect message to path write_access's policy
time: 16.066401 :router get proc user_label's message 
time: 16.072102 :router get proc record_acl's message 
time: 16.083408 :router get proc record_server's message 
time: 16.083590 :send message to conn process!
time: 16.084524 :send 205 data to conn wuliu!

time: 16.084552 :send (12800  4)message 205 to conn wuliu!

time: 16.089370 :router get proc record_server's message 
time: 16.089421 :new msg match path store's policy
time: 16.089528 :recordlib begin proc store

