
**************Begin new trust node proc****************************
{
 "HEAD":{"tag":"MESG","version":65537,"sender_uuid":"","receiver_uuid":"user_lab
    el","route":"addr_init","flow":"DELIVER","state":"MATCH","flag":"LOCAL","ljump":
    1,"rjump":1,"record_type":"MESSAGE","record_subtype":"CONN_ACKI","record_num":1,
    "record_size":144,"expand_num":0,"expand_size":0,"msg_uuid":"b07d152cb1630eb0d0e
    d241986015f2a4a82274a7c2ee9706d3ffb3da32ae146"},
"RECORD":[
    {"uuid":"bad5f91dead22e2249193df8600d4d785bef917ac9a8c11d2bbfe9823e76ed93","clie
        nt_name":"guke","client_proc":"guke","client_addr":"unknown addr","server_uuid":
        "bad5f91dead22e2249193df8600d4d785bef917ac9a8c11d2bbfe9823e76ed93","server_name"
        :"server","service":"trust_server","server_addr":"","flags":0,"nonce":""}
    ],
"EXPAND" :[]
}

************************************************************
{
 "HEAD":{"tag":"MESG","version":65537,"sender_uuid":"user_label","receiver_uuid"
    :"","route":"addr_init","flow":"DELIVER","state":"MATCH","flag":"LOCAL","ljump":
    2,"rjump":1,"record_type":"MESSAGE","record_subtype":"CONN_ACKI","record_num":1,
    "record_size":144,"expand_num":0,"expand_size":0,"msg_uuid":"b07d152cb1630eb0d0e
    d241986015f2a4a82274a7c2ee9706d3ffb3da32ae146"},
"RECORD":[
    {"uuid":"bad5f91dead22e2249193df8600d4d785bef917ac9a8c11d2bbfe9823e76ed93","clie
        nt_name":"guke","client_proc":"guke","client_addr":"unknown addr","server_uuid":
        "bad5f91dead22e2249193df8600d4d785bef917ac9a8c11d2bbfe9823e76ed93","server_name"
        :"server","service":"trust_server","server_addr":"","flags":0,"nonce":""}
    ],
"EXPAND" :[]
}

************************************************************
{
 "HEAD":{"tag":"MESG","version":65537,"sender_uuid":"5fdedbdf3d80194b8fb81387e28
    d05961069dcd43809ad10931fe517dd911891","receiver_uuid":"user_server","route":"lo
    gin","flow":"QUERY","state":"MATCH","flag":"LOCAL","ljump":1,"rjump":2,"record_t
    ype":"USER_DEFINE","record_subtype":"LOGIN","record_num":1,"record_size":101,"ex
    pand_num":0,"expand_size":0,"msg_uuid":"342d95e72a4c3351cc61e63103c05fc3a8df5bab
    20247a3da28f8323fd5169b7"},
"RECORD":[
    {"user_name":"guke","passwd":"pwguke","proc_name":"","machine_uuid":""}
    ],
"EXPAND" :[]
}

************************************************************
{
 "HEAD":{"tag":"MESG","version":65537,"sender_uuid":"5fdedbdf3d80194b8fb81387e28
    d05961069dcd43809ad10931fe517dd911891","receiver_uuid":"user_label","route":"add
    r_label","flow":"QUERY","state":"MATCH","flag":"LOCAL","ljump":1,"rjump":1,"reco
    rd_type":"USER_DEFINE","record_subtype":"LOGIN","record_num":1,"record_size":101
    ,"expand_num":0,"expand_size":0,"msg_uuid":"d4d186965a64f04c83eacf722c70404a60cc
    74d188f0ba9639f8acaab4a1c428"},
"RECORD":[
    {"user_name":"guke","passwd":"pwguke","proc_name":"","machine_uuid":""}
    ],
"EXPAND" :[]
}

************************************************************
{
 "HEAD":{"tag":"MESG","version":65537,"sender_uuid":"5fdedbdf3d80194b8fb81387e28
    d05961069dcd43809ad10931fe517dd911891","receiver_uuid":"user_server","route":"lo
    gin","flow":"QUERY","state":"MATCH","flag":"LOCAL","ljump":1,"rjump":2,"record_t
    ype":"USER_DEFINE","record_subtype":"LOGIN","record_num":1,"record_size":101,"ex
    pand_num":1,"expand_size":0,"msg_uuid":"342d95e72a4c3351cc61e63103c05fc3a8df5bab
    20247a3da28f8323fd5169b7"},
"RECORD":[
    {"user_name":"guke","passwd":"pwguke","proc_name":"","machine_uuid":""}
    ],
"EXPAND" :[
    {"data_size":0,"type":"LABEL_DEFINE","subtype":"ADDR","expand":
        {"node_uuid":"bad5f91dead22e2249193df8600d4d785bef917ac9a8c11d2bbfe9823e76ed93",
            "proc_name":"guke","user_name":"guke","role":"NULL"}
        }
    ]
}

************************************************************
{
 "HEAD":{"tag":"MESG","version":65537,"sender_uuid":"user_server","receiver_uuid
    ":"5fdedbdf3d80194b8fb81387e28d05961069dcd43809ad10931fe517dd911891","route":"lo
    gin","flow":"QUERY","state":"RESPONSE","flag":"NULL","ljump":2,"rjump":2,"record
    _type":"USER_DEFINE","record_subtype":"RETURN","record_num":1,"record_size":0,"e
    xpand_num":1,"expand_size":0,"msg_uuid":"342d95e72a4c3351cc61e63103c05fc3a8df5ba
    b20247a3da28f8323fd5169b7"},
"RECORD":[
    {"return_code":"SUCCEED","return_info":"login succeed!
"}
    ],
"EXPAND" :[
    {"data_size":0,"type":"LABEL_DEFINE","subtype":"ADDR","expand":
        {"node_uuid":"bad5f91dead22e2249193df8600d4d785bef917ac9a8c11d2bbfe9823e76ed93",
            "proc_name":"guke","user_name":"guke","role":"NULL"}
        }
    ]
}

************************************************************
{
 "HEAD":{"tag":"MESG","version":65537,"sender_uuid":"user_server","receiver_uuid
    ":"user_label","route":"addr_verify","flow":"QUERY","state":"MATCH","flag":"LOCA
    L","ljump":1,"rjump":1,"record_type":"USER_DEFINE","record_subtype":"RETURN","re
    cord_num":1,"record_size":0,"expand_num":1,"expand_size":0,"msg_uuid":"599864917
    f7728b1782a1aa5d7c989a0a83d4d615c6db8227dc1c2f869c14974"},
"RECORD":[
    {"return_code":"SUCCEED","return_info":"login succeed!
"}
    ],
"EXPAND" :[
    {"data_size":0,"type":"LABEL_DEFINE","subtype":"ADDR","expand":
        {"node_uuid":"bad5f91dead22e2249193df8600d4d785bef917ac9a8c11d2bbfe9823e76ed93",
            "proc_name":"guke","user_name":"guke","role":"NULL"}
        }
    ]
}

************************************************************
{
 "HEAD":{"tag":"MESG","version":65537,"sender_uuid":"user_server","receiver_uuid
    ":"5fdedbdf3d80194b8fb81387e28d05961069dcd43809ad10931fe517dd911891","route":"lo
    gin","flow":"QUERY","state":"RESPONSE","flag":"NULL","ljump":2,"rjump":2,"record
    _type":"USER_DEFINE","record_subtype":"RETURN","record_num":1,"record_size":0,"e
    xpand_num":0,"expand_size":0,"msg_uuid":"342d95e72a4c3351cc61e63103c05fc3a8df5ba
    b20247a3da28f8323fd5169b7"},
"RECORD":[
    {"return_code":"SUCCEED","return_info":"login succeed!
"}
    ],
"EXPAND" :[]
}

************************************************************
{
 "HEAD":{"tag":"MESG","version":65537,"sender_uuid":"5fdedbdf3d80194b8fb81387e28
    d05961069dcd43809ad10931fe517dd911891","receiver_uuid":"record_server","route":"
    record","flow":"QUERY","state":"MATCH","flag":"LOCAL","ljump":1,"rjump":2,"recor
    d_type":"RECORD_DEFINE","record_subtype":"WRITE","record_num":1,"record_size":49
    ,"expand_num":0,"expand_size":0,"msg_uuid":"35f016ea445917a6582d5be394247dc92cb3
    a4a430e958f8dac077bb870423ff"},
"RECORD":[
    {"Pay_no":"ËÆ¢Âçï0509","segment":"Goods_num","text":"È°æÂÆ¢ÂÜôË¥ßÁâ©Êï∞ÈáèÊµãËØï
        "}
    ],
"EXPAND" :[]
}

************************************************************
{
 "HEAD":{"tag":"MESG","version":65537,"sender_uuid":"5fdedbdf3d80194b8fb81387e28
    d05961069dcd43809ad10931fe517dd911891","receiver_uuid":"user_label","route":"wri
    te_access","flow":"QUERY","state":"MATCH","flag":"LOCAL","ljump":1,"rjump":1,"re
    cord_type":"RECORD_DEFINE","record_subtype":"WRITE","record_num":1,"record_size"
    :49,"expand_num":0,"expand_size":0,"msg_uuid":"0bf8783d56ac6e195939c4e1a9be19809
    815af15f5d28aeb2ebd376ef560b329"},
"RECORD":[
    {"Pay_no":"ËÆ¢Âçï0509","segment":"Goods_num","text":"È°æÂÆ¢ÂÜôË¥ßÁâ©Êï∞ÈáèÊµãËØï
        "}
    ],
"EXPAND" :[]
}

************************************************************
{
 "HEAD":{"tag":"MESG","version":65537,"sender_uuid":"user_label","receiver_uuid"
    :"record_acl","route":"write_access","flow":"QUERY","state":"MATCH","flag":"LOCA
    L","ljump":2,"rjump":1,"record_type":"RECORD_DEFINE","record_subtype":"WRITE","r
    ecord_num":1,"record_size":49,"expand_num":1,"expand_size":0,"msg_uuid":"0bf8783
    d56ac6e195939c4e1a9be19809815af15f5d28aeb2ebd376ef560b329"},
"RECORD":[
    {"Pay_no":"ËÆ¢Âçï0509","segment":"Goods_num","text":"È°æÂÆ¢ÂÜôË¥ßÁâ©Êï∞ÈáèÊµãËØï
        "}
    ],
"EXPAND" :[
    {"data_size":0,"type":"LABEL_DEFINE","subtype":"USER","expand":
        {"user_name":"guke","role":"CUSTOMER"}
        }
    ]
}

************************************************************
{
 "HEAD":{"tag":"MESG","version":65537,"sender_uuid":"5fdedbdf3d80194b8fb81387e28
    d05961069dcd43809ad10931fe517dd911891","receiver_uuid":"record_server","route":"
    record","flow":"QUERY","state":"MATCH","flag":"LOCAL","ljump":1,"rjump":2,"recor
    d_type":"RECORD_DEFINE","record_subtype":"WRITE","record_num":1,"record_size":49
    ,"expand_num":0,"expand_size":0,"msg_uuid":"35f016ea445917a6582d5be394247dc92cb3
    a4a430e958f8dac077bb870423ff"},
"RECORD":[
    {"Pay_no":"ËÆ¢Âçï0509","segment":"Goods_num","text":"È°æÂÆ¢ÂÜôË¥ßÁâ©Êï∞ÈáèÊµãËØï
        "}
    ],
"EXPAND" :[]
}

************************************************************
{
 "HEAD":{"tag":"MESG","version":65537,"sender_uuid":"record_server","receiver_uu
    id":"5fdedbdf3d80194b8fb81387e28d05961069dcd43809ad10931fe517dd911891","route":"
    record","flow":"QUERY","state":"RESPONSE","flag":"NULL","ljump":2,"rjump":2,"rec
    ord_type":"USER_DEFINE","record_subtype":"RETURN","record_num":1,"record_size":0
    ,"expand_num":0,"expand_size":0,"msg_uuid":"35f016ea445917a6582d5be394247dc92cb3
    a4a430e958f8dac077bb870423ff"},
"RECORD":[
    {"return_code":"SUCCEED","return_info":"write data succeed!
"}
    ],
"EXPAND" :[]
}

************************************************************
{
 "HEAD":{"tag":"MESG","version":65537,"sender_uuid":"record_server","receiver_uu
    id":"recordlib","route":"store","flow":"DELIVER","state":"MATCH","flag":"LOCAL",
    "ljump":1,"rjump":1,"record_type":"MESSAGE","record_subtype":"TYPES","record_num
    ":1,"record_size":0,"expand_num":0,"expand_size":0,"msg_uuid":"cb95f595d9783d81e
    e1bd97077f666e1a93c45a4f2e235b9877db4505fa8fcab"},
"RECORD":[
    {"type":"RECORD_DEFINE","subtype":"RECORD"}
    ],
"EXPAND" :[]
}

************************************************************
{
 "HEAD":{"tag":"MESG","version":65537,"sender_uuid":"","receiver_uuid":"user_lab
    el","route":"addr_init","flow":"DELIVER","state":"MATCH","flag":"LOCAL","ljump":
    1,"rjump":1,"record_type":"MESSAGE","record_subtype":"CONN_ACKI","record_num":1,
    "record_size":145,"expand_num":0,"expand_size":0,"msg_uuid":"88f10aca964396f41ea
    1928a7983181f46498e4cdf8382fa925bfffcade81954"},
"RECORD":[
    {"uuid":"bad5f91dead22e2249193df8600d4d785bef917ac9a8c11d2bbfe9823e76ed93","clie
        nt_name":"kefu","client_proc":"kefu","client_addr":"unknown addr","server_uuid":
        "bad5f91dead22e2249193df8600d4d785bef917ac9a8c11d2bbfe9823e76ed93","server_name"
        :"server","service":"trust_server","server_addr":"x","flags":0,"nonce":""}
    ],
"EXPAND" :[]
}

************************************************************
{
 "HEAD":{"tag":"MESG","version":65537,"sender_uuid":"user_label","receiver_uuid"
    :"","route":"addr_init","flow":"DELIVER","state":"MATCH","flag":"LOCAL","ljump":
    2,"rjump":1,"record_type":"MESSAGE","record_subtype":"CONN_ACKI","record_num":1,
    "record_size":145,"expand_num":0,"expand_size":0,"msg_uuid":"88f10aca964396f41ea
    1928a7983181f46498e4cdf8382fa925bfffcade81954"},
"RECORD":[
    {"uuid":"bad5f91dead22e2249193df8600d4d785bef917ac9a8c11d2bbfe9823e76ed93","clie
        nt_name":"kefu","client_proc":"kefu","client_addr":"unknown addr","server_uuid":
        "bad5f91dead22e2249193df8600d4d785bef917ac9a8c11d2bbfe9823e76ed93","server_name"
        :"server","service":"trust_server","server_addr":"x","flags":0,"nonce":""}
    ],
"EXPAND" :[]
}

************************************************************
{
 "HEAD":{"tag":"MESG","version":65537,"sender_uuid":"2d4d3de5e684af1fe763285e6c0
    458b69a325f322aa504fe2ec75d41b60885f3","receiver_uuid":"user_server","route":"lo
    gin","flow":"QUERY","state":"MATCH","flag":"LOCAL","ljump":1,"rjump":2,"record_t
    ype":"USER_DEFINE","record_subtype":"LOGIN","record_num":1,"record_size":101,"ex
    pand_num":0,"expand_size":0,"msg_uuid":"f42e855689e39842aae9952e1a9d90453521d96d
    f224f9343747a91333e5fe5f"},
"RECORD":[
    {"user_name":"kefu","passwd":"pwkefu","proc_name":"","machine_uuid":""}
    ],
"EXPAND" :[]
}

************************************************************
{
 "HEAD":{"tag":"MESG","version":65537,"sender_uuid":"2d4d3de5e684af1fe763285e6c0
    458b69a325f322aa504fe2ec75d41b60885f3","receiver_uuid":"user_label","route":"add
    r_label","flow":"QUERY","state":"MATCH","flag":"LOCAL","ljump":1,"rjump":1,"reco
    rd_type":"USER_DEFINE","record_subtype":"LOGIN","record_num":1,"record_size":101
    ,"expand_num":0,"expand_size":0,"msg_uuid":"a26b385fede7603115e26c0c8274d8b09c49
    e9c1d731514b3e25b5d6ef60a698"},
"RECORD":[
    {"user_name":"kefu","passwd":"pwkefu","proc_name":"","machine_uuid":""}
    ],
"EXPAND" :[]
}

************************************************************
{
 "HEAD":{"tag":"MESG","version":65537,"sender_uuid":"2d4d3de5e684af1fe763285e6c0
    458b69a325f322aa504fe2ec75d41b60885f3","receiver_uuid":"user_server","route":"lo
    gin","flow":"QUERY","state":"MATCH","flag":"LOCAL","ljump":1,"rjump":2,"record_t
    ype":"USER_DEFINE","record_subtype":"LOGIN","record_num":1,"record_size":101,"ex
    pand_num":1,"expand_size":0,"msg_uuid":"f42e855689e39842aae9952e1a9d90453521d96d
    f224f9343747a91333e5fe5f"},
"RECORD":[
    {"user_name":"kefu","passwd":"pwkefu","proc_name":"","machine_uuid":""}
    ],
"EXPAND" :[
    {"data_size":0,"type":"LABEL_DEFINE","subtype":"ADDR","expand":
        {"node_uuid":"bad5f91dead22e2249193df8600d4d785bef917ac9a8c11d2bbfe9823e76ed93",
            "proc_name":"kefu","user_name":"kefu","role":"NULL"}
        }
    ]
}

************************************************************
{
 "HEAD":{"tag":"MESG","version":65537,"sender_uuid":"user_server","receiver_uuid
    ":"2d4d3de5e684af1fe763285e6c0458b69a325f322aa504fe2ec75d41b60885f3","route":"lo
    gin","flow":"QUERY","state":"RESPONSE","flag":"NULL","ljump":2,"rjump":2,"record
    _type":"USER_DEFINE","record_subtype":"RETURN","record_num":1,"record_size":0,"e
    xpand_num":1,"expand_size":0,"msg_uuid":"f42e855689e39842aae9952e1a9d90453521d96
    df224f9343747a91333e5fe5f"},
"RECORD":[
    {"return_code":"SUCCEED","return_info":"login succeed!
"}
    ],
"EXPAND" :[
    {"data_size":0,"type":"LABEL_DEFINE","subtype":"ADDR","expand":
        {"node_uuid":"bad5f91dead22e2249193df8600d4d785bef917ac9a8c11d2bbfe9823e76ed93",
            "proc_name":"kefu","user_name":"kefu","role":"NULL"}
        }
    ]
}

************************************************************
{
 "HEAD":{"tag":"MESG","version":65537,"sender_uuid":"user_server","receiver_uuid
    ":"user_label","route":"addr_verify","flow":"QUERY","state":"MATCH","flag":"LOCA
    L","ljump":1,"rjump":1,"record_type":"USER_DEFINE","record_subtype":"RETURN","re
    cord_num":1,"record_size":0,"expand_num":1,"expand_size":0,"msg_uuid":"0ebd1f3bb
    66dbf30fff1817e6ea94e8d9af5cc8124318c49304f59fea4950bd4"},
"RECORD":[
    {"return_code":"SUCCEED","return_info":"login succeed!
"}
    ],
"EXPAND" :[
    {"data_size":0,"type":"LABEL_DEFINE","subtype":"ADDR","expand":
        {"node_uuid":"bad5f91dead22e2249193df8600d4d785bef917ac9a8c11d2bbfe9823e76ed93",
            "proc_name":"kefu","user_name":"kefu","role":"NULL"}
        }
    ]
}

************************************************************
{
 "HEAD":{"tag":"MESG","version":65537,"sender_uuid":"user_server","receiver_uuid
    ":"2d4d3de5e684af1fe763285e6c0458b69a325f322aa504fe2ec75d41b60885f3","route":"lo
    gin","flow":"QUERY","state":"RESPONSE","flag":"NULL","ljump":2,"rjump":2,"record
    _type":"USER_DEFINE","record_subtype":"RETURN","record_num":1,"record_size":0,"e
    xpand_num":0,"expand_size":0,"msg_uuid":"f42e855689e39842aae9952e1a9d90453521d96
    df224f9343747a91333e5fe5f"},
"RECORD":[
    {"return_code":"SUCCEED","return_info":"login succeed!
"}
    ],
"EXPAND" :[]
}

************************************************************
{
 "HEAD":{"tag":"MESG","version":65537,"sender_uuid":"2d4d3de5e684af1fe763285e6c0
    458b69a325f322aa504fe2ec75d41b60885f3","receiver_uuid":"record_server","route":"
    record","flow":"QUERY","state":"MATCH","flag":"LOCAL","ljump":1,"rjump":2,"recor
    d_type":"RECORD_DEFINE","record_subtype":"WRITE","record_num":1,"record_size":46
    ,"expand_num":0,"expand_size":0,"msg_uuid":"7ccbf9063b88056523fcc47abe1d6edbffc4
    d9020dd81c3666b0f2a46712e90d"},
"RECORD":[
    {"Pay_no":"ËÆ¢Âçï0509","segment":"Deli_addr","text":"ÂÆ¢ÊúçÂÜôÂèëË¥ßÂú∞ÊµãËØï"}
    ],
"EXPAND" :[]
}

************************************************************
{
 "HEAD":{"tag":"MESG","version":65537,"sender_uuid":"2d4d3de5e684af1fe763285e6c0
    458b69a325f322aa504fe2ec75d41b60885f3","receiver_uuid":"user_label","route":"wri
    te_access","flow":"QUERY","state":"MATCH","flag":"LOCAL","ljump":1,"rjump":1,"re
    cord_type":"RECORD_DEFINE","record_subtype":"WRITE","record_num":1,"record_size"
    :46,"expand_num":0,"expand_size":0,"msg_uuid":"ccf68cea6fcc61a551f48166b71024d07
    6f10cc83444ac2f81b3d3f7b20e3e6c"},
"RECORD":[
    {"Pay_no":"ËÆ¢Âçï0509","segment":"Deli_addr","text":"ÂÆ¢ÊúçÂÜôÂèëË¥ßÂú∞ÊµãËØï"}
    ],
"EXPAND" :[]
}

************************************************************
{
 "HEAD":{"tag":"MESG","version":65537,"sender_uuid":"user_label","receiver_uuid"
    :"record_acl","route":"write_access","flow":"QUERY","state":"MATCH","flag":"LOCA
    L","ljump":2,"rjump":1,"record_type":"RECORD_DEFINE","record_subtype":"WRITE","r
    ecord_num":1,"record_size":46,"expand_num":1,"expand_size":0,"msg_uuid":"ccf68ce
    a6fcc61a551f48166b71024d076f10cc83444ac2f81b3d3f7b20e3e6c"},
"RECORD":[
    {"Pay_no":"ËÆ¢Âçï0509","segment":"Deli_addr","text":"ÂÆ¢ÊúçÂÜôÂèëË¥ßÂú∞ÊµãËØï"}
    ],
"EXPAND" :[
    {"data_size":0,"type":"LABEL_DEFINE","subtype":"USER","expand":
        {"user_name":"kefu","role":"SUPPORT"}
        }
    ]
}

************************************************************
{
 "HEAD":{"tag":"MESG","version":65537,"sender_uuid":"2d4d3de5e684af1fe763285e6c0
    458b69a325f322aa504fe2ec75d41b60885f3","receiver_uuid":"record_server","route":"
    record","flow":"QUERY","state":"MATCH","flag":"LOCAL","ljump":1,"rjump":2,"recor
    d_type":"RECORD_DEFINE","record_subtype":"WRITE","record_num":1,"record_size":46
    ,"expand_num":0,"expand_size":0,"msg_uuid":"7ccbf9063b88056523fcc47abe1d6edbffc4
    d9020dd81c3666b0f2a46712e90d"},
"RECORD":[
    {"Pay_no":"ËÆ¢Âçï0509","segment":"Deli_addr","text":"ÂÆ¢ÊúçÂÜôÂèëË¥ßÂú∞ÊµãËØï"}
    ],
"EXPAND" :[]
}

************************************************************
{
 "HEAD":{"tag":"MESG","version":65537,"sender_uuid":"record_server","receiver_uu
    id":"2d4d3de5e684af1fe763285e6c0458b69a325f322aa504fe2ec75d41b60885f3","route":"
    record","flow":"QUERY","state":"RESPONSE","flag":"NULL","ljump":2,"rjump":2,"rec
    ord_type":"USER_DEFINE","record_subtype":"RETURN","record_num":1,"record_size":0
    ,"expand_num":0,"expand_size":0,"msg_uuid":"7ccbf9063b88056523fcc47abe1d6edbffc4
    d9020dd81c3666b0f2a46712e90d"},
"RECORD":[
    {"return_code":"SUCCEED","return_info":"write data succeed!
"}
    ],
"EXPAND" :[]
}

************************************************************
{
 "HEAD":{"tag":"MESG","version":65537,"sender_uuid":"record_server","receiver_uu
    id":"recordlib","route":"store","flow":"DELIVER","state":"MATCH","flag":"LOCAL",
    "ljump":1,"rjump":1,"record_type":"MESSAGE","record_subtype":"TYPES","record_num
    ":1,"record_size":0,"expand_num":0,"expand_size":0,"msg_uuid":"8a16477e2849a493f
    6beb680e2a0fbfe0d5cb51eb1682fcb201a58d45eab09e8"},
"RECORD":[
    {"type":"RECORD_DEFINE","subtype":"RECORD"}
    ],
"EXPAND" :[]
}

************************************************************
{
 "HEAD":{"tag":"MESG","version":65537,"sender_uuid":"2d4d3de5e684af1fe763285e6c0
    458b69a325f322aa504fe2ec75d41b60885f3","receiver_uuid":"record_server","route":"
    record","flow":"QUERY","state":"MATCH","flag":"LOCAL","ljump":1,"rjump":2,"recor
    d_type":"RECORD_DEFINE","record_subtype":"WRITE","record_num":1,"record_size":34
    ,"expand_num":0,"expand_size":0,"msg_uuid":"b4bb51b5bb99aa6a88fa43a06d82a3968166
    2ce5845198bce64c384f111ae68d"},
"RECORD":[
    {"Pay_no":"ËÆ¢Âçï0509","segment":"isSent","text":"Â§öÊ¨°ÂÜôÊµãËØï"}
    ],
"EXPAND" :[]
}

************************************************************
{
 "HEAD":{"tag":"MESG","version":65537,"sender_uuid":"2d4d3de5e684af1fe763285e6c0
    458b69a325f322aa504fe2ec75d41b60885f3","receiver_uuid":"user_label","route":"wri
    te_access","flow":"QUERY","state":"MATCH","flag":"LOCAL","ljump":1,"rjump":1,"re
    cord_type":"RECORD_DEFINE","record_subtype":"WRITE","record_num":1,"record_size"
    :34,"expand_num":0,"expand_size":0,"msg_uuid":"8c019f7afc4f6bc0af0a7ff06b686b0f2
    fd625d386c822003c5d2d57af5991c6"},
"RECORD":[
    {"Pay_no":"ËÆ¢Âçï0509","segment":"isSent","text":"Â§öÊ¨°ÂÜôÊµãËØï"}
    ],
"EXPAND" :[]
}

************************************************************
{
 "HEAD":{"tag":"MESG","version":65537,"sender_uuid":"","receiver_uuid":"user_lab
    el","route":"addr_init","flow":"DELIVER","state":"MATCH","flag":"LOCAL","ljump":
    1,"rjump":1,"record_type":"MESSAGE","record_subtype":"CONN_ACKI","record_num":1,
    "record_size":151,"expand_num":0,"expand_size":0,"msg_uuid":"de1233b23f581514c8c
    27abdad49fda8ca350ad02360aff3e8f626b29d4b8f23"},
"RECORD":[
    {"uuid":"bad5f91dead22e2249193df8600d4d785bef917ac9a8c11d2bbfe9823e76ed93","clie
        nt_name":"dianzhu","client_proc":"dianzhu","client_addr":"unknown addr","server_
        uuid":"bad5f91dead22e2249193df8600d4d785bef917ac9a8c11d2bbfe9823e76ed93","server
        _name":"server","service":"trust_server","server_addr":"x","flags":0,"nonce":""}
    ],
"EXPAND" :[]
}

************************************************************
{
 "HEAD":{"tag":"MESG","version":65537,"sender_uuid":"user_label","receiver_uuid"
    :"record_acl","route":"write_access","flow":"QUERY","state":"MATCH","flag":"LOCA
    L","ljump":2,"rjump":1,"record_type":"RECORD_DEFINE","record_subtype":"WRITE","r
    ecord_num":1,"record_size":34,"expand_num":1,"expand_size":0,"msg_uuid":"8c019f7
    afc4f6bc0af0a7ff06b686b0f2fd625d386c822003c5d2d57af5991c6"},
"RECORD":[
    {"Pay_no":"ËÆ¢Âçï0509","segment":"isSent","text":"Â§öÊ¨°ÂÜôÊµãËØï"}
    ],
"EXPAND" :[
    {"data_size":0,"type":"LABEL_DEFINE","subtype":"USER","expand":
        {"user_name":"kefu","role":"SUPPORT"}
        }
    ]
}

************************************************************
{
 "HEAD":{"tag":"MESG","version":65537,"sender_uuid":"user_label","receiver_uuid"
    :"","route":"addr_init","flow":"DELIVER","state":"MATCH","flag":"LOCAL","ljump":
    2,"rjump":1,"record_type":"MESSAGE","record_subtype":"CONN_ACKI","record_num":1,
    "record_size":151,"expand_num":0,"expand_size":0,"msg_uuid":"de1233b23f581514c8c
    27abdad49fda8ca350ad02360aff3e8f626b29d4b8f23"},
"RECORD":[
    {"uuid":"bad5f91dead22e2249193df8600d4d785bef917ac9a8c11d2bbfe9823e76ed93","clie
        nt_name":"dianzhu","client_proc":"dianzhu","client_addr":"unknown addr","server_
        uuid":"bad5f91dead22e2249193df8600d4d785bef917ac9a8c11d2bbfe9823e76ed93","server
        _name":"server","service":"trust_server","server_addr":"x","flags":0,"nonce":""}
    ],
"EXPAND" :[]
}

************************************************************
{
 "HEAD":{"tag":"MESG","version":65537,"sender_uuid":"2d4d3de5e684af1fe763285e6c0
    458b69a325f322aa504fe2ec75d41b60885f3","receiver_uuid":"record_server","route":"
    record","flow":"QUERY","state":"MATCH","flag":"LOCAL","ljump":1,"rjump":2,"recor
    d_type":"RECORD_DEFINE","record_subtype":"WRITE","record_num":1,"record_size":34
    ,"expand_num":0,"expand_size":0,"msg_uuid":"b4bb51b5bb99aa6a88fa43a06d82a3968166
    2ce5845198bce64c384f111ae68d"},
"RECORD":[
    {"Pay_no":"ËÆ¢Âçï0509","segment":"isSent","text":"Â§öÊ¨°ÂÜôÊµãËØï"}
    ],
"EXPAND" :[]
}

************************************************************
{
 "HEAD":{"tag":"MESG","version":65537,"sender_uuid":"record_server","receiver_uu
    id":"2d4d3de5e684af1fe763285e6c0458b69a325f322aa504fe2ec75d41b60885f3","route":"
    record","flow":"QUERY","state":"RESPONSE","flag":"NULL","ljump":2,"rjump":2,"rec
    ord_type":"USER_DEFINE","record_subtype":"RETURN","record_num":1,"record_size":0
    ,"expand_num":0,"expand_size":0,"msg_uuid":"b4bb51b5bb99aa6a88fa43a06d82a3968166
    2ce5845198bce64c384f111ae68d"},
"RECORD":[
    {"return_code":"SUCCEED","return_info":"write data succeed!
"}
    ],
"EXPAND" :[]
}

************************************************************
{
 "HEAD":{"tag":"MESG","version":65537,"sender_uuid":"record_server","receiver_uu
    id":"recordlib","route":"store","flow":"DELIVER","state":"MATCH","flag":"LOCAL",
    "ljump":1,"rjump":1,"record_type":"MESSAGE","record_subtype":"TYPES","record_num
    ":1,"record_size":0,"expand_num":0,"expand_size":0,"msg_uuid":"587a27a5316e0420a
    76bd7599d9c8e7caba024b8e64eb21ea91e96be877839a9"},
"RECORD":[
    {"type":"RECORD_DEFINE","subtype":"RECORD"}
    ],
"EXPAND" :[]
}

************************************************************
{
 "HEAD":{"tag":"MESG","version":65537,"sender_uuid":"34f2e480a29b044a03f0ae111ec
    69ba5bef2ac4e157e3b1da58aa77925fb65f3","receiver_uuid":"user_server","route":"lo
    gin","flow":"QUERY","state":"MATCH","flag":"LOCAL","ljump":1,"rjump":2,"record_t
    ype":"USER_DEFINE","record_subtype":"LOGIN","record_num":1,"record_size":104,"ex
    pand_num":0,"expand_size":0,"msg_uuid":"104956d38a6e6937173c7861333765b10bb083a5
    d45c509ada54ba5fab8483df"},
"RECORD":[
    {"user_name":"dianzhu","passwd":"pwdianzhu","proc_name":"","machine_uuid":""}
    ],
"EXPAND" :[]
}

************************************************************
{
 "HEAD":{"tag":"MESG","version":65537,"sender_uuid":"34f2e480a29b044a03f0ae111ec
    69ba5bef2ac4e157e3b1da58aa77925fb65f3","receiver_uuid":"user_label","route":"add
    r_label","flow":"QUERY","state":"MATCH","flag":"LOCAL","ljump":1,"rjump":1,"reco
    rd_type":"USER_DEFINE","record_subtype":"LOGIN","record_num":1,"record_size":104
    ,"expand_num":0,"expand_size":0,"msg_uuid":"f84400c1c2986ee206859270ecce3f636ff1
    c277372cf979ca173892b413cf9e"},
"RECORD":[
    {"user_name":"dianzhu","passwd":"pwdianzhu","proc_name":"","machine_uuid":""}
    ],
"EXPAND" :[]
}

************************************************************
{
 "HEAD":{"tag":"MESG","version":65537,"sender_uuid":"34f2e480a29b044a03f0ae111ec
    69ba5bef2ac4e157e3b1da58aa77925fb65f3","receiver_uuid":"user_server","route":"lo
    gin","flow":"QUERY","state":"MATCH","flag":"LOCAL","ljump":1,"rjump":2,"record_t
    ype":"USER_DEFINE","record_subtype":"LOGIN","record_num":1,"record_size":104,"ex
    pand_num":1,"expand_size":0,"msg_uuid":"104956d38a6e6937173c7861333765b10bb083a5
    d45c509ada54ba5fab8483df"},
"RECORD":[
    {"user_name":"dianzhu","passwd":"pwdianzhu","proc_name":"","machine_uuid":""}
    ],
"EXPAND" :[
    {"data_size":0,"type":"LABEL_DEFINE","subtype":"ADDR","expand":
        {"node_uuid":"bad5f91dead22e2249193df8600d4d785bef917ac9a8c11d2bbfe9823e76ed93",
            "proc_name":"dianzhu","user_name":"dianzhu","role":"NULL"}
        }
    ]
}

************************************************************
{
 "HEAD":{"tag":"MESG","version":65537,"sender_uuid":"user_server","receiver_uuid
    ":"34f2e480a29b044a03f0ae111ec69ba5bef2ac4e157e3b1da58aa77925fb65f3","route":"lo
    gin","flow":"QUERY","state":"RESPONSE","flag":"NULL","ljump":2,"rjump":2,"record
    _type":"USER_DEFINE","record_subtype":"RETURN","record_num":1,"record_size":0,"e
    xpand_num":1,"expand_size":0,"msg_uuid":"104956d38a6e6937173c7861333765b10bb083a
    5d45c509ada54ba5fab8483df"},
"RECORD":[
    {"return_code":"SUCCEED","return_info":"login succeed!
"}
    ],
"EXPAND" :[
    {"data_size":0,"type":"LABEL_DEFINE","subtype":"ADDR","expand":
        {"node_uuid":"bad5f91dead22e2249193df8600d4d785bef917ac9a8c11d2bbfe9823e76ed93",
            "proc_name":"dianzhu","user_name":"dianzhu","role":"NULL"}
        }
    ]
}

************************************************************
{
 "HEAD":{"tag":"MESG","version":65537,"sender_uuid":"user_server","receiver_uuid
    ":"user_label","route":"addr_verify","flow":"QUERY","state":"MATCH","flag":"LOCA
    L","ljump":1,"rjump":1,"record_type":"USER_DEFINE","record_subtype":"RETURN","re
    cord_num":1,"record_size":0,"expand_num":1,"expand_size":0,"msg_uuid":"32d52641e
    8487f01833235acdc13854886e7c7cad4380b405e026581000293e8"},
"RECORD":[
    {"return_code":"SUCCEED","return_info":"login succeed!
"}
    ],
"EXPAND" :[
    {"data_size":0,"type":"LABEL_DEFINE","subtype":"ADDR","expand":
        {"node_uuid":"bad5f91dead22e2249193df8600d4d785bef917ac9a8c11d2bbfe9823e76ed93",
            "proc_name":"dianzhu","user_name":"dianzhu","role":"NULL"}
        }
    ]
}

************************************************************
{
 "HEAD":{"tag":"MESG","version":65537,"sender_uuid":"user_server","receiver_uuid
    ":"34f2e480a29b044a03f0ae111ec69ba5bef2ac4e157e3b1da58aa77925fb65f3","route":"lo
    gin","flow":"QUERY","state":"RESPONSE","flag":"NULL","ljump":2,"rjump":2,"record
    _type":"USER_DEFINE","record_subtype":"RETURN","record_num":1,"record_size":0,"e
    xpand_num":0,"expand_size":0,"msg_uuid":"104956d38a6e6937173c7861333765b10bb083a
    5d45c509ada54ba5fab8483df"},
"RECORD":[
    {"return_code":"SUCCEED","return_info":"login succeed!
"}
    ],
"EXPAND" :[]
}

************************************************************
{
 "HEAD":{"tag":"MESG","version":65537,"sender_uuid":"34f2e480a29b044a03f0ae111ec
    69ba5bef2ac4e157e3b1da58aa77925fb65f3","receiver_uuid":"record_server","route":"
    record","flow":"QUERY","state":"MATCH","flag":"LOCAL","ljump":1,"rjump":2,"recor
    d_type":"RECORD_DEFINE","record_subtype":"WRITE","record_num":1,"record_size":44
    ,"expand_num":0,"expand_size":0,"msg_uuid":"4bcf944619ce540af3eb3f5fa4d9ebbfb305
    5f6b3a6f43f17d5f0ba160bbb3af"},
"RECORD":[
    {"Pay_no":"ËÆ¢Âçï0509","segment":"isFinished","text":"Â∫ó‰∏ªÂÜôÂäüËÉΩÊµãËØï"}
    ],
"EXPAND" :[]
}

************************************************************
{
 "HEAD":{"tag":"MESG","version":65537,"sender_uuid":"34f2e480a29b044a03f0ae111ec
    69ba5bef2ac4e157e3b1da58aa77925fb65f3","receiver_uuid":"user_label","route":"wri
    te_access","flow":"QUERY","state":"MATCH","flag":"LOCAL","ljump":1,"rjump":1,"re
    cord_type":"RECORD_DEFINE","record_subtype":"WRITE","record_num":1,"record_size"
    :44,"expand_num":0,"expand_size":0,"msg_uuid":"16f92d8c102fdbb1a299bbecd5edbee95
    aab05e8d257b67c8a0a03f3790a66c3"},
"RECORD":[
    {"Pay_no":"ËÆ¢Âçï0509","segment":"isFinished","text":"Â∫ó‰∏ªÂÜôÂäüËÉΩÊµãËØï"}
    ],
"EXPAND" :[]
}

************************************************************
{
 "HEAD":{"tag":"MESG","version":65537,"sender_uuid":"user_label","receiver_uuid"
    :"record_acl","route":"write_access","flow":"QUERY","state":"MATCH","flag":"LOCA
    L","ljump":2,"rjump":1,"record_type":"RECORD_DEFINE","record_subtype":"WRITE","r
    ecord_num":1,"record_size":44,"expand_num":1,"expand_size":0,"msg_uuid":"16f92d8
    c102fdbb1a299bbecd5edbee95aab05e8d257b67c8a0a03f3790a66c3"},
"RECORD":[
    {"Pay_no":"ËÆ¢Âçï0509","segment":"isFinished","text":"Â∫ó‰∏ªÂÜôÂäüËÉΩÊµãËØï"}
    ],
"EXPAND" :[
    {"data_size":0,"type":"LABEL_DEFINE","subtype":"USER","expand":
        {"user_name":"dianzhu","role":"SHOPKEEPER"}
        }
    ]
}

************************************************************
{
 "HEAD":{"tag":"MESG","version":65537,"sender_uuid":"34f2e480a29b044a03f0ae111ec
    69ba5bef2ac4e157e3b1da58aa77925fb65f3","receiver_uuid":"record_server","route":"
    record","flow":"QUERY","state":"MATCH","flag":"LOCAL","ljump":1,"rjump":2,"recor
    d_type":"RECORD_DEFINE","record_subtype":"WRITE","record_num":1,"record_size":44
    ,"expand_num":0,"expand_size":0,"msg_uuid":"4bcf944619ce540af3eb3f5fa4d9ebbfb305
    5f6b3a6f43f17d5f0ba160bbb3af"},
"RECORD":[
    {"Pay_no":"ËÆ¢Âçï0509","segment":"isFinished","text":"Â∫ó‰∏ªÂÜôÂäüËÉΩÊµãËØï"}
    ],
"EXPAND" :[]
}

************************************************************
{
 "HEAD":{"tag":"MESG","version":65537,"sender_uuid":"record_server","receiver_uu
    id":"34f2e480a29b044a03f0ae111ec69ba5bef2ac4e157e3b1da58aa77925fb65f3","route":"
    record","flow":"QUERY","state":"RESPONSE","flag":"NULL","ljump":2,"rjump":2,"rec
    ord_type":"USER_DEFINE","record_subtype":"RETURN","record_num":1,"record_size":0
    ,"expand_num":0,"expand_size":0,"msg_uuid":"4bcf944619ce540af3eb3f5fa4d9ebbfb305
    5f6b3a6f43f17d5f0ba160bbb3af"},
"RECORD":[
    {"return_code":"SUCCEED","return_info":"write data succeed!
"}
    ],
"EXPAND" :[]
}

************************************************************
{
 "HEAD":{"tag":"MESG","version":65537,"sender_uuid":"record_server","receiver_uu
    id":"recordlib","route":"store","flow":"DELIVER","state":"MATCH","flag":"LOCAL",
    "ljump":1,"rjump":1,"record_type":"MESSAGE","record_subtype":"TYPES","record_num
    ":1,"record_size":0,"expand_num":0,"expand_size":0,"msg_uuid":"73898e4071bf1b713
    4c0df7045c6b815582df3c3225e20bca9a9fad29f9907e6"},
"RECORD":[
    {"type":"RECORD_DEFINE","subtype":"RECORD"}
    ],
"EXPAND" :[]
}

************************************************************
{
 "HEAD":{"tag":"MESG","version":65537,"sender_uuid":"34f2e480a29b044a03f0ae111ec
    69ba5bef2ac4e157e3b1da58aa77925fb65f3","receiver_uuid":"record_server","route":"
    record","flow":"QUERY","state":"MATCH","flag":"LOCAL","ljump":1,"rjump":2,"recor
    d_type":"RECORD_DEFINE","record_subtype":"READ","record_num":1,"record_size":11,
    "expand_num":0,"expand_size":0,"msg_uuid":"03e6c7f0850754549d7aea1c9e1fb4f8a13e7
    f007328b607cbdeec132518812d"},
"RECORD":[
    {"Pay_no":"ËÆ¢Âçï0509"}
    ],
"EXPAND" :[]
}

************************************************************
{
 "HEAD":{"tag":"MESG","version":65537,"sender_uuid":"34f2e480a29b044a03f0ae111ec
    69ba5bef2ac4e157e3b1da58aa77925fb65f3","receiver_uuid":"user_label","route":"lab
    el_read","flow":"QUERY","state":"MATCH","flag":"LOCAL","ljump":1,"rjump":1,"reco
    rd_type":"RECORD_DEFINE","record_subtype":"READ","record_num":1,"record_size":11
    ,"expand_num":0,"expand_size":0,"msg_uuid":"0f36479fbd712d35922c119cac9b2feb1442
    fff3dea48fbe25f81988ce229d5d"},
"RECORD":[
    {"Pay_no":"ËÆ¢Âçï0509"}
    ],
"EXPAND" :[]
}

************************************************************
{
 "HEAD":{"tag":"MESG","version":65537,"sender_uuid":"","receiver_uuid":"user_lab
    el","route":"addr_init","flow":"DELIVER","state":"MATCH","flag":"LOCAL","ljump":
    1,"rjump":1,"record_type":"MESSAGE","record_subtype":"CONN_ACKI","record_num":1,
    "record_size":147,"expand_num":0,"expand_size":0,"msg_uuid":"fb762703db155d7c14c
    c80a5209b12fa07ef85ddea62140fc9017bb4f526cd61"},
"RECORD":[
    {"uuid":"bad5f91dead22e2249193df8600d4d785bef917ac9a8c11d2bbfe9823e76ed93","clie
        nt_name":"wuliu","client_proc":"wuliu","client_addr":"unknown addr","server_uuid
        ":"bad5f91dead22e2249193df8600d4d785bef917ac9a8c11d2bbfe9823e76ed93","server_nam
        e":"server","service":"trust_server","server_addr":"x","flags":0,"nonce":""}
    ],
"EXPAND" :[]
}

************************************************************
{
 "HEAD":{"tag":"MESG","version":65537,"sender_uuid":"34f2e480a29b044a03f0ae111ec
    69ba5bef2ac4e157e3b1da58aa77925fb65f3","receiver_uuid":"record_server","route":"
    record","flow":"QUERY","state":"MATCH","flag":"LOCAL","ljump":1,"rjump":2,"recor
    d_type":"RECORD_DEFINE","record_subtype":"READ","record_num":1,"record_size":11,
    "expand_num":1,"expand_size":0,"msg_uuid":"03e6c7f0850754549d7aea1c9e1fb4f8a13e7
    f007328b607cbdeec132518812d"},
"RECORD":[
    {"Pay_no":"ËÆ¢Âçï0509"}
    ],
"EXPAND" :[
    {"data_size":0,"type":"LABEL_DEFINE","subtype":"USER","expand":
        {"user_name":"dianzhu","role":"SHOPKEEPER"}
        }
    ]
}

************************************************************
{
 "HEAD":{"tag":"MESG","version":65537,"sender_uuid":"record_server","receiver_uu
    id":"34f2e480a29b044a03f0ae111ec69ba5bef2ac4e157e3b1da58aa77925fb65f3","route":"
    record","flow":"QUERY","state":"RESPONSE","flag":"NULL","ljump":2,"rjump":2,"rec
    ord_type":"RECORD_DEFINE","record_subtype":"RECORD","record_num":1,"record_size"
    :0,"expand_num":1,"expand_size":0,"msg_uuid":"03e6c7f0850754549d7aea1c9e1fb4f8a1
    3e7f007328b607cbdeec132518812d"},
"RECORD":[
    {"Pay_no":"ËÆ¢Âçï0509","Goods_name":"","Goods_num":"È°æÂÆ¢ÂÜôË¥ßÁâ©Êï∞ÈáèÊµãËØï"
        ,"Rec_addr":"","Deli_addr":"ÂÆ¢ÊúçÂÜôÂèëË¥ßÂú∞ÊµãËØï","isSent":"Â§öÊ¨°ÂÜôÊµãËØï"
        ,"isReceived":"","Goods_addr":"","isFinished":"Â∫ó‰∏ªÂÜôÂäüËÉΩÊµãËØï"}
    ],
"EXPAND" :[
    {"data_size":0,"type":"LABEL_DEFINE","subtype":"USER","expand":
        {"user_name":"dianzhu","role":"SHOPKEEPER"}
        }
    ]
}

************************************************************
{
 "HEAD":{"tag":"MESG","version":65537,"sender_uuid":"user_label","receiver_uuid"
    :"","route":"addr_init","flow":"DELIVER","state":"MATCH","flag":"LOCAL","ljump":
    2,"rjump":1,"record_type":"MESSAGE","record_subtype":"CONN_ACKI","record_num":1,
    "record_size":147,"expand_num":0,"expand_size":0,"msg_uuid":"fb762703db155d7c14c
    c80a5209b12fa07ef85ddea62140fc9017bb4f526cd61"},
"RECORD":[
    {"uuid":"bad5f91dead22e2249193df8600d4d785bef917ac9a8c11d2bbfe9823e76ed93","clie
        nt_name":"wuliu","client_proc":"wuliu","client_addr":"unknown addr","server_uuid
        ":"bad5f91dead22e2249193df8600d4d785bef917ac9a8c11d2bbfe9823e76ed93","server_nam
        e":"server","service":"trust_server","server_addr":"x","flags":0,"nonce":""}
    ],
"EXPAND" :[]
}

************************************************************
{
 "HEAD":{"tag":"MESG","version":65537,"sender_uuid":"record_server","receiver_uu
    id":"record_acl","route":"read_access","flow":"QUERY","state":"MATCH","flag":"LO
    CAL","ljump":1,"rjump":1,"record_type":"RECORD_DEFINE","record_subtype":"RECORD"
    ,"record_num":1,"record_size":0,"expand_num":1,"expand_size":0,"msg_uuid":"3347e
    f3dc13a06d82c4b3aaf8504d5321c5c30b858e7c958dad5027e5a077f47"},
"RECORD":[
    {"Pay_no":"ËÆ¢Âçï0509","Goods_name":"","Goods_num":"È°æÂÆ¢ÂÜôË¥ßÁâ©Êï∞ÈáèÊµãËØï"
        ,"Rec_addr":"","Deli_addr":"ÂÆ¢ÊúçÂÜôÂèëË¥ßÂú∞ÊµãËØï","isSent":"Â§öÊ¨°ÂÜôÊµãËØï"
        ,"isReceived":"","Goods_addr":"","isFinished":"Â∫ó‰∏ªÂÜôÂäüËÉΩÊµãËØï"}
    ],
"EXPAND" :[
    {"data_size":0,"type":"LABEL_DEFINE","subtype":"USER","expand":
        {"user_name":"dianzhu","role":"SHOPKEEPER"}
        }
    ]
}

************************************************************
{
 "HEAD":{"tag":"MESG","version":65537,"sender_uuid":"record_server","receiver_uu
    id":"34f2e480a29b044a03f0ae111ec69ba5bef2ac4e157e3b1da58aa77925fb65f3","route":"
    record","flow":"QUERY","state":"RESPONSE","flag":"NULL","ljump":2,"rjump":2,"rec
    ord_type":"RECORD_DEFINE","record_subtype":"RECORD","record_num":1,"record_size"
    :0,"expand_num":0,"expand_size":0,"msg_uuid":"03e6c7f0850754549d7aea1c9e1fb4f8a1
    3e7f007328b607cbdeec132518812d"},
"RECORD":[
    {"Pay_no":"ËÆ¢Âçï0509","Goods_name":"","Goods_num":"È°æÂÆ¢ÂÜôË¥ßÁâ©Êï∞ÈáèÊµãËØï"
        ,"Rec_addr":"","Deli_addr":"ÂÆ¢ÊúçÂÜôÂèëË¥ßÂú∞ÊµãËØï","isSent":"Â§öÊ¨°ÂÜôÊµãËØï"
        ,"isReceived":"","Goods_addr":"","isFinished":"Â∫ó‰∏ªÂÜôÂäüËÉΩÊµãËØï"}
    ],
"EXPAND" :[]
}

************************************************************
{
 "HEAD":{"tag":"MESG","version":65537,"sender_uuid":"6538533df78913d3fe49892857d
    5a95a4618a9fd8885d143faa50ef21caf869b","receiver_uuid":"user_server","route":"lo
    gin","flow":"QUERY","state":"MATCH","flag":"LOCAL","ljump":1,"rjump":2,"record_t
    ype":"USER_DEFINE","record_subtype":"LOGIN","record_num":1,"record_size":102,"ex
    pand_num":0,"expand_size":0,"msg_uuid":"3a00a62b5266cdc6361f61adba4ad17d0edd49fb
    e2c0b77beed52be026f6d26d"},
"RECORD":[
    {"user_name":"wuliu","passwd":"pwwuliu","proc_name":"","machine_uuid":""}
    ],
"EXPAND" :[]
}

************************************************************
{
 "HEAD":{"tag":"MESG","version":65537,"sender_uuid":"6538533df78913d3fe49892857d
    5a95a4618a9fd8885d143faa50ef21caf869b","receiver_uuid":"user_label","route":"add
    r_label","flow":"QUERY","state":"MATCH","flag":"LOCAL","ljump":1,"rjump":1,"reco
    rd_type":"USER_DEFINE","record_subtype":"LOGIN","record_num":1,"record_size":102
    ,"expand_num":0,"expand_size":0,"msg_uuid":"82fce1f730402e0ee4b09a0e345732fdb5e7
    10e1fcf0952827968b63372491e0"},
"RECORD":[
    {"user_name":"wuliu","passwd":"pwwuliu","proc_name":"","machine_uuid":""}
    ],
"EXPAND" :[]
}

************************************************************
{
 "HEAD":{"tag":"MESG","version":65537,"sender_uuid":"6538533df78913d3fe49892857d
    5a95a4618a9fd8885d143faa50ef21caf869b","receiver_uuid":"user_server","route":"lo
    gin","flow":"QUERY","state":"MATCH","flag":"LOCAL","ljump":1,"rjump":2,"record_t
    ype":"USER_DEFINE","record_subtype":"LOGIN","record_num":1,"record_size":102,"ex
    pand_num":1,"expand_size":0,"msg_uuid":"3a00a62b5266cdc6361f61adba4ad17d0edd49fb
    e2c0b77beed52be026f6d26d"},
"RECORD":[
    {"user_name":"wuliu","passwd":"pwwuliu","proc_name":"","machine_uuid":""}
    ],
"EXPAND" :[
    {"data_size":0,"type":"LABEL_DEFINE","subtype":"ADDR","expand":
        {"node_uuid":"bad5f91dead22e2249193df8600d4d785bef917ac9a8c11d2bbfe9823e76ed93",
            "proc_name":"wuliu","user_name":"wuliu","role":"NULL"}
        }
    ]
}

************************************************************
{
 "HEAD":{"tag":"MESG","version":65537,"sender_uuid":"user_server","receiver_uuid
    ":"6538533df78913d3fe49892857d5a95a4618a9fd8885d143faa50ef21caf869b","route":"lo
    gin","flow":"QUERY","state":"RESPONSE","flag":"NULL","ljump":2,"rjump":2,"record
    _type":"USER_DEFINE","record_subtype":"RETURN","record_num":1,"record_size":0,"e
    xpand_num":1,"expand_size":0,"msg_uuid":"3a00a62b5266cdc6361f61adba4ad17d0edd49f
    be2c0b77beed52be026f6d26d"},
"RECORD":[
    {"return_code":"SUCCEED","return_info":"login succeed!
"}
    ],
"EXPAND" :[
    {"data_size":0,"type":"LABEL_DEFINE","subtype":"ADDR","expand":
        {"node_uuid":"bad5f91dead22e2249193df8600d4d785bef917ac9a8c11d2bbfe9823e76ed93",
            "proc_name":"wuliu","user_name":"wuliu","role":"NULL"}
        }
    ]
}

************************************************************
{
 "HEAD":{"tag":"MESG","version":65537,"sender_uuid":"user_server","receiver_uuid
    ":"user_label","route":"addr_verify","flow":"QUERY","state":"MATCH","flag":"LOCA
    L","ljump":1,"rjump":1,"record_type":"USER_DEFINE","record_subtype":"RETURN","re
    cord_num":1,"record_size":0,"expand_num":1,"expand_size":0,"msg_uuid":"701140025
    0b2d39c958cd475db0bcbfc5e207574d389be1b71f437e4eb2d4315"},
"RECORD":[
    {"return_code":"SUCCEED","return_info":"login succeed!
"}
    ],
"EXPAND" :[
    {"data_size":0,"type":"LABEL_DEFINE","subtype":"ADDR","expand":
        {"node_uuid":"bad5f91dead22e2249193df8600d4d785bef917ac9a8c11d2bbfe9823e76ed93",
            "proc_name":"wuliu","user_name":"wuliu","role":"NULL"}
        }
    ]
}

************************************************************
{
 "HEAD":{"tag":"MESG","version":65537,"sender_uuid":"user_server","receiver_uuid
    ":"6538533df78913d3fe49892857d5a95a4618a9fd8885d143faa50ef21caf869b","route":"lo
    gin","flow":"QUERY","state":"RESPONSE","flag":"NULL","ljump":2,"rjump":2,"record
    _type":"USER_DEFINE","record_subtype":"RETURN","record_num":1,"record_size":0,"e
    xpand_num":0,"expand_size":0,"msg_uuid":"3a00a62b5266cdc6361f61adba4ad17d0edd49f
    be2c0b77beed52be026f6d26d"},
"RECORD":[
    {"return_code":"SUCCEED","return_info":"login succeed!
"}
    ],
"EXPAND" :[]
}

************************************************************
{
 "HEAD":{"tag":"MESG","version":65537,"sender_uuid":"6538533df78913d3fe49892857d
    5a95a4618a9fd8885d143faa50ef21caf869b","receiver_uuid":"record_server","route":"
    record","flow":"QUERY","state":"MATCH","flag":"LOCAL","ljump":1,"rjump":2,"recor
    d_type":"RECORD_DEFINE","record_subtype":"WRITE","record_num":1,"record_size":50
    ,"expand_num":0,"expand_size":0,"msg_uuid":"2cc2fdbc1b490e32e689988bd9303dcd7d90
    3227b525f2b7a012ce1b56668dad"},
"RECORD":[
    {"Pay_no":"ËÆ¢Âçï0509","segment":"Goods_addr","text":"Áâ©ÊµÅÂÜôË¥ßÁâ©Âú∞ÂùÄÊµãËØ
        ï"}
    ],
"EXPAND" :[]
}

************************************************************
{
 "HEAD":{"tag":"MESG","version":65537,"sender_uuid":"6538533df78913d3fe49892857d
    5a95a4618a9fd8885d143faa50ef21caf869b","receiver_uuid":"user_label","route":"wri
    te_access","flow":"QUERY","state":"MATCH","flag":"LOCAL","ljump":1,"rjump":1,"re
    cord_type":"RECORD_DEFINE","record_subtype":"WRITE","record_num":1,"record_size"
    :50,"expand_num":0,"expand_size":0,"msg_uuid":"8f97e98c9be4b540551a4ff66f885ecca
    15dfe326d214ec83f05a4739f3bfecc"},
"RECORD":[
    {"Pay_no":"ËÆ¢Âçï0509","segment":"Goods_addr","text":"Áâ©ÊµÅÂÜôË¥ßÁâ©Âú∞ÂùÄÊµãËØ
        ï"}
    ],
"EXPAND" :[]
}

************************************************************
{
 "HEAD":{"tag":"MESG","version":65537,"sender_uuid":"user_label","receiver_uuid"
    :"record_acl","route":"write_access","flow":"QUERY","state":"MATCH","flag":"LOCA
    L","ljump":2,"rjump":1,"record_type":"RECORD_DEFINE","record_subtype":"WRITE","r
    ecord_num":1,"record_size":50,"expand_num":1,"expand_size":0,"msg_uuid":"8f97e98
    c9be4b540551a4ff66f885ecca15dfe326d214ec83f05a4739f3bfecc"},
"RECORD":[
    {"Pay_no":"ËÆ¢Âçï0509","segment":"Goods_addr","text":"Áâ©ÊµÅÂÜôË¥ßÁâ©Âú∞ÂùÄÊµãËØ
        ï"}
    ],
"EXPAND" :[
    {"data_size":0,"type":"LABEL_DEFINE","subtype":"USER","expand":
        {"user_name":"wuliu","role":"LOGISTICS"}
        }
    ]
}

************************************************************
{
 "HEAD":{"tag":"MESG","version":65537,"sender_uuid":"6538533df78913d3fe49892857d
    5a95a4618a9fd8885d143faa50ef21caf869b","receiver_uuid":"record_server","route":"
    record","flow":"QUERY","state":"MATCH","flag":"LOCAL","ljump":1,"rjump":2,"recor
    d_type":"RECORD_DEFINE","record_subtype":"WRITE","record_num":1,"record_size":50
    ,"expand_num":0,"expand_size":0,"msg_uuid":"2cc2fdbc1b490e32e689988bd9303dcd7d90
    3227b525f2b7a012ce1b56668dad"},
"RECORD":[
    {"Pay_no":"ËÆ¢Âçï0509","segment":"Goods_addr","text":"Áâ©ÊµÅÂÜôË¥ßÁâ©Âú∞ÂùÄÊµãËØ
        ï"}
    ],
"EXPAND" :[]
}

************************************************************
{
 "HEAD":{"tag":"MESG","version":65537,"sender_uuid":"record_server","receiver_uu
    id":"6538533df78913d3fe49892857d5a95a4618a9fd8885d143faa50ef21caf869b","route":"
    record","flow":"QUERY","state":"RESPONSE","flag":"NULL","ljump":2,"rjump":2,"rec
    ord_type":"USER_DEFINE","record_subtype":"RETURN","record_num":1,"record_size":0
    ,"expand_num":0,"expand_size":0,"msg_uuid":"2cc2fdbc1b490e32e689988bd9303dcd7d90
    3227b525f2b7a012ce1b56668dad"},
"RECORD":[
    {"return_code":"SUCCEED","return_info":"write data succeed!
"}
    ],
"EXPAND" :[]
}

************************************************************
{
 "HEAD":{"tag":"MESG","version":65537,"sender_uuid":"record_server","receiver_uu
    id":"recordlib","route":"store","flow":"DELIVER","state":"MATCH","flag":"LOCAL",
    "ljump":1,"rjump":1,"record_type":"MESSAGE","record_subtype":"TYPES","record_num
    ":1,"record_size":0,"expand_num":0,"expand_size":0,"msg_uuid":"a28c9426d0f3a1778
    aa4b68dcce0767fb6c0082fa4c35093a7da2fa0fedf22d4"},
"RECORD":[
    {"type":"RECORD_DEFINE","subtype":"RECORD"}
    ],
"EXPAND" :[]
}

************************************************************
