time: 0.000298 :read 3 elem from file /root/groupWork/cube-1.3/proc/main/base_define/namelist.json!
time: 0.000388 :read 4 elem from file /root/groupWork/cube-1.3/proc/main/base_define/dispatchnamelist.json!
time: 0.000436 :read 1 elem from file /root/groupWork/cube-1.3/proc/main/base_define/typelist.json!
time: 0.000593 :read 7 elem from file /root/groupWork/cube-1.3/proc/main/base_define/subtypelist.json!
time: 0.000666 :read 1 elem from file /root/groupWork/cube-1.3/proc/main/base_define/baseflag.json!
time: 0.000943 :read 3 elem from file /root/groupWork/cube-1.3/proc/main/base_define/memdb.json!
time: 0.001417 :read 7 elem from file /root/groupWork/cube-1.3/proc/main/base_define/msghead.json!
time: 0.001609 :read 2 elem from file /root/groupWork/cube-1.3/proc/main/base_define/msgrecord.json!
time: 0.002756 :read 10 elem from file /root/groupWork/cube-1.3/proc/main/base_define/base_msg.json!
time: 0.003353 :read 8 elem from file /root/groupWork/cube-1.3/proc/main/base_define/return.json!
time: 0.003551 :read 3 elem from file /root/groupWork/cube-1.3/proc/main/base_define/dispatchrecord.json!
time: 0.003650 :read 2 elem from file /root/groupWork/cube-1.3/proc/main/base_define/exmoduledefine.json!
time: 0.003746 :read 1 elem from file /root/groupWork/cube-1.3/proc/main/base_define/sys_conn.json!
time: 0.004412 :read 9 elem from file user_define.json!
time: 0.004657 :read 5 elem from file record_define.json!
time: 0.023067 :this machine's local uuid is bad5f91dead22e2249193df8600d4d785bef917ac9a8c11d2bbfe9823e76ed93

time: 0.029843 :read 1 connector!

time: 0.030033 :read 2 policy from router_policy file!
time: 0.030064 :system plugin router_proc is prepared!
time: 0.036137 :system plugin connector_proc is prepared!
time: 0.036278 :ex_module connector_proc started successfully!
time: 0.036344 :ex_module router_proc started successfully!
time: 0.036404 :ex_module msg_send started successfully!
time: 0.036462 :ex_module print started succtime: 0.036462 :ex_module print started successfully!
time: 0.036475 :instance load 4 module!

time: 0.036533 :client user_client connect succeed!

time: 0.042248 :proc conn client receive 269 data!

time: 0.042373 :send 324 data to conn user_client!

time: 0.042385 :client user_client send 324 ack data to server !

time: 0.048194 :router get proc connector_proc's message 
time: 2.043198 :router get proc msg_send's message 
time: 2.043262 :new msg match path login's policy
time: 2.043331 :send message to conn process!
time: 2.048138 :send 281 data to conn user_client!

time: 2.048170 :send (12800  1)message 281 to conn user_client!

time: 2.086065 :proc conn client receive 200 data!

time: 2.087169 :router get proc connector_proc's message 
time: 2.087222 :remote msg match path login's policy
time: 2.098754 :router get proc print's message 
time: 3.041313 :router get proc msg_send's message 
time: 3.041372 :new msg match path record's policy
time: 3.041430 :send message to conn process!
time: 3.043407 :send 219 data to conn user_client!

time: 3.043441 :send (12816  3)message 219 to conn user_client!

time: 3.075916 :proc conn client receive 205 data!

time: 3.076028 :router get proc connector_proc's message 
time: 3.076042 :remote msg match path record's policy
time: 3.087049 :router get proc print's message 
time: 4.043817 :router get proc msg_send's message 
time: 4.043866 :new msg match path record's policy
time: 4.043953 :send message to conn process!
time: 4.049544 :send 208 data to conn user_client!

time: 4.049583 :send (12816  2)message 208 to conn user_client!

time: 4.087684 :proc conn client receive 216 data!

time: 4.093854 :router get proc connector_proc's message 
time: 4.093899 :remote msg match path record's policy
time: 4.105596 :router get proc print's message 
