time: 0.000385 :read 3 elem from file /root/groupWork/cube-1.3/proc/main/base_define/namelist.json!
time: 0.000477 :read 4 elem from file /root/groupWork/cube-1.3/proc/main/base_define/dispatchnamelist.json!
time: 0.000524 :read 1 elem from file /root/groupWork/cube-1.3/proc/main/base_define/typelist.json!
time: 0.000678 :read 7 elem from file /root/groupWork/cube-1.3/proc/main/base_define/subtypelist.json!
time: 0.000717 :read 1 elem from file /root/groupWork/cube-1.3/proc/main/base_define/baseflag.json!
time: 0.000889 :read 3 elem from file /root/groupWork/cube-1.3/proc/main/base_define/memdb.json!
time: 0.001444 :read 7 elem from file /root/groupWork/cube-1.3/proc/main/base_define/msghead.json!
time: 0.001643 :read 2 elem from file /root/groupWork/cube-1.3/proc/main/base_define/msgrecord.json!
time: 0.002029 :read 10 elem from file /root/groupWork/cube-1.3/proc/main/base_define/base_msg.json!
time: 0.002471 :read 8 elem from file /root/groupWork/cube-1.3/proc/main/base_define/return.json!
time: 0.002677 :read 3 elem from file /root/groupWork/cube-1.3/proc/main/base_define/dispatchrecord.json!
time: 0.002776 :read 2 elem from file /root/groupWork/cube-1.3/proc/main/base_define/exmoduledefine.json!
time: 0.002871 :read 1 elem from file /root/groupWork/cube-1.3/proc/main/base_define/sys_conn.json!
time: 0.003443 :read 9 elem from file user_define.json!
time: 0.003679 :read 5 elem from file record_define.json!
time: 0.021281 :this machine's local uuid is bad5f91dead22e2249193df8600d4d785bef917ac9a8c11d2bbfe9823e76ed93

time: 0.026737 :read 1 connector!

time: 0.026908 :read 2 policy from router_policy file!
time: 0.026939 :system plugin router_proc is prepared!
time: 0.033295 :system plugin connector_proc is prepared!
time: 0.033438 :ex_module connector_proc started successfully!
time: 0.033505 :ex_module router_proc started successfully!
time: 0.033549 :ex_module msg_send started successfully!
time: 0.033617 :ex_module print started successfully!
y!
y!
y!
193df8600d4d785bef917ac9a8c11d2bbfe9823e76ed93

e-1.3/cubelib/lib/:/root/groupWork/cube-1.3/cubelib/lib/:/root/groupWork/cube-1.3/cubelib/lib

time: 0.033628 :instance load 4 module!

uccessfully!
time: 0.033628 :instance load 4 module!

uccessfully!time: 0.033628 :instance load 4 module!

time: 0.045421 :proc conn client receive 270 data!

time: 0.045522 :send 327 data to conn user_client!

time: 0.045528 :client user_client send 327 ack data to server !

time: 0.051028 :router get proc connector_proc's message 
time: 2.038796 :router get proc msg_send's message 
time: 2.038853 :new msg match path login's policy
time: 2.038955 :send message to conn process!
time: 2.045889 :send 282 data to conn user_client!

time: 2.045945 :send (12800  1)message 282 to conn user_client!

time: 2.077708 :proc conn client receive 199 data!

time: 2.079667 :router get proc connector_proc's message 
time: 2.079718 :remote msg match path login's policy
time: 2.090908 :router get proc print's message 
time: 3.037383 :router get proc msg_send's message 
time: 3.037443 :new msg match path record's policy
time: 3.037518 :send message to conn process!
time: 3.041484 :send 239 data to conn user_client!

time: 3.041519 :send (12816  3)message 239 to conn user_client!

time: 3.071656 :proc conn client receive 204 data!

time: 3.076944 :router get proc connector_proc's message 
time: 3.076971 :remote msg match path record's policy
time: 3.083029 :router get proc print's message 
