time: 0.000329 :read 3 elem from file /root/cube-1.3/proc/main/base_define/namelist.json!
time: 0.000437 :read 4 elem from file /root/cube-1.3/proc/main/base_define/dispatchnamelist.json!
time: 0.000496 :read 1 elem from file /root/cube-1.3/proc/main/base_define/typelist.json!
time: 0.000688 :read 7 elem from file /root/cube-1.3/proc/main/base_define/subtypelist.json!
time: 0.000747 :read 1 elem from file /root/cube-1.3/proc/main/base_define/baseflag.json!
time: 0.000970 :read 3 elem from file /root/cube-1.3/proc/main/base_define/memdb.json!
time: 0.001564 :read 7 elem from file /root/cube-1.3/proc/main/base_define/msghead.json!
time: 0.001815 :read 2 elem from file /root/cube-1.3/proc/main/base_define/msgrecord.json!
time: 0.002320 :read 10 elem from file /root/cube-1.3/proc/main/base_define/base_msg.json!
time: 0.002788 :read 8 elem from file /root/cube-1.3/proc/main/base_define/return.json!
time: 0.003073 :read 3 elem from file /root/cube-1.3/proc/main/base_define/dispatchrecord.json!
time: 0.003199 :read 2 elem from file /root/cube-1.3/proc/main/base_define/exmoduledefine.json!
time: 0.003318 :read 1 elem from file /root/cube-1.3/proc/main/base_define/sys_conn.json!
time: 0.003954 :read 9 elem from file user_define.json!
time: 0.004299 :read 5 elem from file record_define.json!
time: 0.010551 :this machine's local uuid is 139e689ec018c578110260853a6ebb1ef9ab5e73078b3e22edd30fb313b3f44b

time: 0.015875 :read 1 connector!

time: 0.016104 :read 3 policy from router_policy file!
time: 0.016133 :system plugin router_proc is prepared!
time: 0.021557 :system plugin connector_proc is prepared!
time: 0.021635 :ex_module connector_proc started successfully!
time: 0.021673 :ex_module router_proc started successfully!
time: 0.021700 :ex_module msg_send started successfully!
time: 0.021724 :ex_module login_user started successfully!
time: 0.021742 :client user_client connect succeed!

time: 0.021756 :ex_module print started successfully!
time: 0.021761 :instance load 5 module!

time: 0.021769 :begin msgfile_send module!

time: 0.026901 :proc conn client receive 269 data!

time: 0.026970 :send 324 data to conn user_client!

time: 0.026976 :client user_client send 324 ack data to server !

time: 0.031905 :router get proc connector_proc's message 
time: 2.024554 :router get proc msg_send's message 
time: 2.024590 :new msg match path login's policy
time: 2.029749 :router get proc login_user's message 
time: 2.029845 :send message to conn process!
time: 2.030886 :send 284 data to conn user_client!

time: 2.030910 :send (12800  1)message 284 to conn user_client!

time: 2.051442 :proc conn client receive 217 data!

time: 2.055189 :router get proc connector_proc's message 
time: 2.055217 :remote msg match path login's policy
time: 2.065421 :router get proc login_user's message 
time: 2.065448 :new msg match path challenge's policy
time: 2.065529 :send message to conn process!
time: 2.067147 :send 284 data to conn user_client!

time: 2.067156 :send (12800  1)message 284 to conn user_client!

time: 2.092841 :proc conn client receive 232 data!

time: 2.095869 :router get proc connector_proc's message 
time: 2.095897 :remote msg match path challenge's policy
time: 2.100791 :user zhaowen login succeed!
time: 2.101041 :router get proc login_user's message 
time: 2.106229 :router get proc print's message 
time: 3.023430 :router get proc msg_send's message 
time: 3.023489 :new msg match path record's policy
time: 3.024460 :send message to conn process!
time: 3.024716 :send 216 data to conn user_client!

time: 3.024724 :send (12816  3)message 216 to conn user_client!

time: 4.024629 :router get proc msg_send's message 
time: 4.024668 :new msg match path record's policy
time: 4.024749 :send message to conn process!
time: 4.026420 :send 184 data to conn user_client!

time: 4.026449 :send (12816  2)message 184 to conn user_client!

time: 4.052144 :proc conn client receive 220 data!

time: 4.055174 :router get proc connector_proc's message 
time: 4.055202 :remote msg match path record's policy
time: 4.060400 :router get proc print's message 
