time: 0.000337 :read 3 elem from file /root/groupWork/cube-1.3/proc/main/base_define/namelist.json!
time: 0.000448 :read 4 elem from file /root/groupWork/cube-1.3/proc/main/base_define/dispatchnamelist.json!
time: 0.000498 :read 1 elem from file /root/groupWork/cube-1.3/proc/main/base_define/typelist.json!
time: 0.000673 :read 7 elem from file /root/groupWork/cube-1.3/proc/main/base_define/subtypelist.json!
time: 0.000716 :read 1 elem from file /root/groupWork/cube-1.3/proc/main/base_define/baseflag.json!
time: 0.000973 :read 3 elem from file /root/groupWork/cube-1.3/proc/main/base_define/memdb.json!
time: 0.001536 :read 7 elem from file /root/groupWork/cube-1.3/proc/main/base_define/msghead.json!
time: 0.001847 :read 2 elem from file /root/groupWork/cube-1.3/proc/main/base_define/msgrecord.json!
time: 0.002329 :read 10 elem from file /root/groupWork/cube-1.3/proc/main/base_define/base_msg.json!
time: 0.002829 :read 8 elem from file /root/groupWork/cube-1.3/proc/main/base_define/return.json!
time: 0.003078 :read 3 elem from file /root/groupWork/cube-1.3/proc/main/base_define/dispatchrecord.json!
time: 0.003200 :read 2 elem from file /root/groupWork/cube-1.3/proc/main/base_define/exmoduledefine.json!
time: 0.003335 :read 1 elem from file /root/groupWork/cube-1.3/proc/main/base_define/sys_conn.json!
time: 0.003962 :read 9 elem from file user_define.json!
time: 0.004237 :read 5 elem from file record_define.json!
time: 0.022244 :this machine's local uuid is bad5f91dead22e2249193df8600d4d785bef917ac9a8c11d2bbfe9823e76ed93

time: 0.028400 :read 1 connector!

time: 0.028858 :read 3 policy from router_policy file!
time: 0.028962 :system plugin router_proc is prepared!
time: 0.035089 :system plugin connector_proc is prepared!
time: 0.035294 :ex_module connector_proc started successfully!
time: 0.035388 :ex_module router_proc started successfully!
time: 0.035453 :ex_module msg_send started successfully!
time: 0.035514 :ex_module login_user started successfully!
time: 0.035572 :ex_module print started successfully!
time: 0.035603 :instance load 5 module!

time: 0.035615 :client user_client connect succeed!

time: 0.035648 :begin msgfile_send module!

time: 0.040912 :proc conn client receive 269 data!

time: 0.041116 :send 330 data to conn user_client!

time: 0.041154 :client user_client send 330 ack data to server !

time: 0.046042 :router get proc connector_proc's message 
time: 2.037518 :router get proc msg_send's message 
time: 2.037624 :new msg match path login's policy
time: 2.042881 :router get proc login_user's message 
time: 2.043172 :send message to conn process!
time: 2.049221 :send 284 data to conn user_client!

time: 2.049326 :send (12800  1)message 284 to conn user_client!

time: 2.075096 :proc conn client receive 218 data!

time: 2.078014 :router get proc connector_proc's message 
time: 2.078117 :remote msg match path login's policy
time: 2.084003 :router get proc login_user's message 
time: 2.084151 :new msg match path challenge's policy
time: 2.084377 :send message to conn process!
time: 2.091068 :send 284 data to conn user_client!

time: 2.091145 :send (12800  1)message 284 to conn user_client!

time: 2.116097 :proc conn client receive 240 data!

time: 2.117925 :router get proc connector_proc's message 
time: 2.118073 :remote msg match path challenge's policy
time: 2.120170 :user guke003 login succeed!
time: 2.124306 :router get proc login_user's message 
time: 2.130430 :router get proc print's message 
time: 3.042005 :router get proc msg_send's message 
time: 3.042126 :new msg match path record's policy
time: 3.042255 :send message to conn process!
time: 3.049053 :send 214 data to conn user_client!

time: 3.049130 :send (12816  3)message 214 to conn user_client!

time: 3.081667 :proc conn client receive 237 data!

time: 3.082609 :router get proc connector_proc's message 
time: 3.082655 :remote msg match path record's policy
time: 3.094547 :router get proc print's message 
time: 4.043935 :router get proc msg_send's message 
time: 4.044059 :new msg match path record's policy
time: 4.044133 :send message to conn process!
time: 4.044194 :send 208 data to conn user_client!

time: 4.044242 :send (12816  2)message 208 to conn user_client!

time: 4.088560 :proc conn client receive 285 data!

time: 4.092853 :router get proc connector_proc's message 
time: 4.092962 :remote msg match path record's policy
time: 4.098208 :router get proc print's message 
