time: 0.000372 :read 3 elem from file /root/groupWork/cube-1.3/proc/main/base_define/namelist.json!
time: 0.000464 :read 4 elem from file /root/groupWork/cube-1.3/proc/main/base_define/dispatchnamelist.json!
time: 0.000512 :read 1 elem from file /root/groupWork/cube-1.3/proc/main/base_define/typelist.json!
time: 0.000668 :read 7 elem from file /root/groupWork/cube-1.3/proc/main/base_define/subtypelist.json!
time: 0.000708 :read 1 elem from file /root/groupWork/cube-1.3/proc/main/base_define/baseflag.json!
time: 0.000882 :read 3 elem from file /root/groupWork/cube-1.3/proc/main/base_define/memdb.json!
time: 0.001431 :read 7 elem from file /root/groupWork/cube-1.3/proc/main/base_define/msghead.json!
time: 0.001631 :read 2 elem from file /root/groupWork/cube-1.3/proc/main/base_define/msgrecord.json!
time: 0.002191 :read 10 elem from file /root/groupWork/cube-1.3/proc/main/base_define/base_msg.json!
time: 0.002579 :read 8 elem from file /root/groupWork/cube-1.3/proc/main/base_define/return.json!
time: 0.002835 :read 3 elem from file /root/groupWork/cube-1.3/proc/main/base_define/dispatchrecord.json!
time: 0.002959 :read 2 elem from file /root/groupWork/cube-1.3/proc/main/base_define/exmoduledefine.json!
time: 0.003131 :read 1 elem from file /root/groupWork/cube-1.3/proc/main/base_define/sys_conn.json!
time: 0.003604 :read 9 elem from file user_define.json!
time: 0.003869 :read 5 elem from file record_define.json!
time: 0.023999 :this machine's local uuid is bad5f91dead22e2249193df8600d4d785bef917ac9a8c11d2bbfe9823e76ed93

time: 0.029643 :read 1 connector!

time: 0.029857 :read 2 policy from router_policy file!
time: 0.029892 :system plugin router_proc is prepared!
time: 0.035451 :system plugin connector_proc is prepared!
time: 0.035547 :ex_module connector_proc started successfully!
time: 0.035610 :ex_module router_proc started successfully!
time: 0.035677 :ex_module msg_send started successfully!
time: 0.035730 :ex_module print started successfully!
time: 0.035744 :instance load 4 module!

time: 0.035809 :begin msgfile_send module!

time: 0.035876 :client user_client connect succeed!

time: 0.041361 :proc conn client receive 270 data!

time: 0.041488 :send 331 data to conn user_client!

time: 0.041500 :client user_client send 331 ack data to server !

time: 0.046923 :router get proc connector_proc's message 
time: 2.038943 :router get proc msg_send's message 
time: 2.039025 :new msg match path login's policy
time: 2.039093 :send message to conn process!
time: 2.042034 :send 284 data to conn user_client!

time: 2.042070 :send (12800  1)message 284 to conn user_client!

time: 2.087885 :proc conn client receive 199 data!

time: 2.090785 :router get proc connector_proc's message 
time: 2.090836 :remote msg match path login's policy
time: 2.096619 :router get proc print's message 
time: 3.041959 :router get proc msg_send's message 
time: 3.042020 :new msg match path record's policy
time: 3.042101 :send message to conn process!
time: 3.044214 :send 222 data to conn user_client!

time: 3.044249 :send (12816  3)message 222 to conn user_client!

time: 3.082440 :proc conn client receive 204 data!

time: 3.083908 :router get proc connector_proc's message 
time: 3.083932 :remote msg match path record's policy
time: 3.089787 :router get proc print's message 
time: 4.043340 :router get proc msg_send's message 
time: 4.043438 :new msg match path record's policy
time: 4.043569 :send message to conn process!
time: 4.048268 :send 239 data to conn user_client!

time: 4.048304 :send (12816  3)message 239 to conn user_client!

time: 4.086755 :proc conn client receive 239 data!

time: 4.089687 :router get proc connector_proc's message 
time: 4.089715 :remote msg match path record's policy
time: 4.095114 :router get proc print's message 
time: 5.040329 :router get proc msg_send's message 
time: 5.040400 :new msg match path record's policy
time: 5.040459 :send message to conn process!
time: 5.042368 :send 217 data to conn user_client!

time: 5.042414 :send (12816  2)message 217 to conn user_client!

time: 5.074310 :proc conn client receive 225 data!

time: 5.080192 :router get proc connector_proc's message 
time: 5.080243 :remote msg match path record's policy
time: 5.092105 :router get proc print's message 
